{"D:\\HIXA-Backend\\Hixa-back\\controllers\\authController.js": {"path":"D:\\HIXA-Backend\\Hixa-back\\controllers\\authController.js","statementMap":{"0":{"start":{"line":1,"column":12},"end":{"line":1,"column":35}},"1":{"start":{"line":2,"column":13},"end":{"line":2,"column":43}},"2":{"start":{"line":4,"column":22},"end":{"line":10,"column":1}},"3":{"start":{"line":5,"column":2},"end":{"line":9,"column":4}},"4":{"start":{"line":13,"column":17},"end":{"line":36,"column":1}},"5":{"start":{"line":14,"column":2},"end":{"line":35,"column":3}},"6":{"start":{"line":15,"column":44},"end":{"line":15,"column":52}},"7":{"start":{"line":17,"column":4},"end":{"line":19,"column":5}},"8":{"start":{"line":18,"column":6},"end":{"line":18,"column":82}},"9":{"start":{"line":21,"column":17},"end":{"line":26,"column":6}},"10":{"start":{"line":28,"column":18},"end":{"line":28,"column":52}},"11":{"start":{"line":29,"column":4},"end":{"line":29,"column":32}},"12":{"start":{"line":30,"column":4},"end":{"line":30,"column":22}},"13":{"start":{"line":32,"column":4},"end":{"line":32,"column":71}},"14":{"start":{"line":34,"column":4},"end":{"line":34,"column":73}},"15":{"start":{"line":39,"column":24},"end":{"line":81,"column":1}},"16":{"start":{"line":40,"column":2},"end":{"line":80,"column":3}},"17":{"start":{"line":41,"column":64},"end":{"line":41,"column":72}},"18":{"start":{"line":43,"column":4},"end":{"line":45,"column":5}},"19":{"start":{"line":44,"column":6},"end":{"line":44,"column":82}},"20":{"start":{"line":47,"column":17},"end":{"line":53,"column":6}},"21":{"start":{"line":56,"column":4},"end":{"line":59,"column":5}},"22":{"start":{"line":57,"column":6},"end":{"line":57,"column":56}},"23":{"start":{"line":58,"column":6},"end":{"line":58,"column":24}},"24":{"start":{"line":61,"column":18},"end":{"line":61,"column":52}},"25":{"start":{"line":62,"column":4},"end":{"line":62,"column":32}},"26":{"start":{"line":63,"column":4},"end":{"line":63,"column":22}},"27":{"start":{"line":65,"column":4},"end":{"line":74,"column":7}},"28":{"start":{"line":76,"column":4},"end":{"line":78,"column":5}},"29":{"start":{"line":77,"column":6},"end":{"line":77,"column":82}},"30":{"start":{"line":79,"column":4},"end":{"line":79,"column":73}},"31":{"start":{"line":84,"column":25},"end":{"line":129,"column":1}},"32":{"start":{"line":85,"column":2},"end":{"line":128,"column":3}},"33":{"start":{"line":86,"column":73},"end":{"line":86,"column":81}},"34":{"start":{"line":88,"column":4},"end":{"line":90,"column":5}},"35":{"start":{"line":89,"column":6},"end":{"line":89,"column":82}},"36":{"start":{"line":93,"column":4},"end":{"line":95,"column":5}},"37":{"start":{"line":94,"column":6},"end":{"line":94,"column":76}},"38":{"start":{"line":97,"column":17},"end":{"line":104,"column":6}},"39":{"start":{"line":106,"column":18},"end":{"line":106,"column":52}},"40":{"start":{"line":107,"column":4},"end":{"line":107,"column":32}},"41":{"start":{"line":108,"column":4},"end":{"line":108,"column":22}},"42":{"start":{"line":110,"column":4},"end":{"line":121,"column":7}},"43":{"start":{"line":123,"column":4},"end":{"line":126,"column":5}},"44":{"start":{"line":124,"column":20},"end":{"line":124,"column":77}},"45":{"start":{"line":125,"column":6},"end":{"line":125,"column":73}},"46":{"start":{"line":127,"column":4},"end":{"line":127,"column":73}},"47":{"start":{"line":132,"column":23},"end":{"line":167,"column":1}},"48":{"start":{"line":133,"column":2},"end":{"line":166,"column":3}},"49":{"start":{"line":134,"column":42},"end":{"line":134,"column":50}},"50":{"start":{"line":136,"column":4},"end":{"line":138,"column":5}},"51":{"start":{"line":137,"column":6},"end":{"line":137,"column":82}},"52":{"start":{"line":140,"column":17},"end":{"line":145,"column":6}},"53":{"start":{"line":147,"column":18},"end":{"line":147,"column":52}},"54":{"start":{"line":148,"column":4},"end":{"line":148,"column":32}},"55":{"start":{"line":149,"column":4},"end":{"line":149,"column":22}},"56":{"start":{"line":151,"column":4},"end":{"line":160,"column":7}},"57":{"start":{"line":162,"column":4},"end":{"line":164,"column":5}},"58":{"start":{"line":163,"column":6},"end":{"line":163,"column":82}},"59":{"start":{"line":165,"column":4},"end":{"line":165,"column":73}},"60":{"start":{"line":169,"column":14},"end":{"line":195,"column":1}},"61":{"start":{"line":170,"column":2},"end":{"line":194,"column":3}},"62":{"start":{"line":171,"column":44},"end":{"line":171,"column":52}},"63":{"start":{"line":173,"column":17},"end":{"line":173,"column":66}},"64":{"start":{"line":174,"column":4},"end":{"line":176,"column":5}},"65":{"start":{"line":175,"column":6},"end":{"line":175,"column":74}},"66":{"start":{"line":178,"column":4},"end":{"line":178,"column":85}},"67":{"start":{"line":178,"column":24},"end":{"line":178,"column":85}},"68":{"start":{"line":181,"column":22},"end":{"line":181,"column":112}},"69":{"start":{"line":182,"column":18},"end":{"line":186,"column":5}},"70":{"start":{"line":188,"column":4},"end":{"line":188,"column":32}},"71":{"start":{"line":189,"column":4},"end":{"line":189,"column":51}},"72":{"start":{"line":191,"column":4},"end":{"line":191,"column":64}},"73":{"start":{"line":193,"column":4},"end":{"line":193,"column":73}},"74":{"start":{"line":197,"column":0},"end":{"line":203,"column":2}}},"fnMap":{"0":{"name":"(anonymous_0)","decl":{"start":{"line":4,"column":22},"end":{"line":4,"column":23}},"loc":{"start":{"line":4,"column":40},"end":{"line":10,"column":1}},"line":4},"1":{"name":"(anonymous_1)","decl":{"start":{"line":13,"column":17},"end":{"line":13,"column":18}},"loc":{"start":{"line":13,"column":37},"end":{"line":36,"column":1}},"line":13},"2":{"name":"(anonymous_2)","decl":{"start":{"line":39,"column":24},"end":{"line":39,"column":25}},"loc":{"start":{"line":39,"column":44},"end":{"line":81,"column":1}},"line":39},"3":{"name":"(anonymous_3)","decl":{"start":{"line":84,"column":25},"end":{"line":84,"column":26}},"loc":{"start":{"line":84,"column":45},"end":{"line":129,"column":1}},"line":84},"4":{"name":"(anonymous_4)","decl":{"start":{"line":132,"column":23},"end":{"line":132,"column":24}},"loc":{"start":{"line":132,"column":43},"end":{"line":167,"column":1}},"line":132},"5":{"name":"(anonymous_5)","decl":{"start":{"line":169,"column":14},"end":{"line":169,"column":15}},"loc":{"start":{"line":169,"column":34},"end":{"line":195,"column":1}},"line":169}},"branchMap":{"0":{"loc":{"start":{"line":8,"column":17},"end":{"line":8,"column":51}},"type":"binary-expr","locations":[{"start":{"line":8,"column":17},"end":{"line":8,"column":43}},{"start":{"line":8,"column":47},"end":{"line":8,"column":51}}],"line":8},"1":{"loc":{"start":{"line":17,"column":4},"end":{"line":19,"column":5}},"type":"if","locations":[{"start":{"line":17,"column":4},"end":{"line":19,"column":5}},{"start":{},"end":{}}],"line":17},"2":{"loc":{"start":{"line":24,"column":12},"end":{"line":24,"column":39}},"type":"binary-expr","locations":[{"start":{"line":24,"column":12},"end":{"line":24,"column":16}},{"start":{"line":24,"column":20},"end":{"line":24,"column":39}}],"line":24},"3":{"loc":{"start":{"line":25,"column":12},"end":{"line":25,"column":56}},"type":"cond-expr","locations":[{"start":{"line":25,"column":39},"end":{"line":25,"column":43}},{"start":{"line":25,"column":46},"end":{"line":25,"column":56}}],"line":25},"4":{"loc":{"start":{"line":25,"column":12},"end":{"line":25,"column":36}},"type":"binary-expr","locations":[{"start":{"line":25,"column":12},"end":{"line":25,"column":16}},{"start":{"line":25,"column":20},"end":{"line":25,"column":36}}],"line":25},"5":{"loc":{"start":{"line":43,"column":4},"end":{"line":45,"column":5}},"type":"if","locations":[{"start":{"line":43,"column":4},"end":{"line":45,"column":5}},{"start":{},"end":{}}],"line":43},"6":{"loc":{"start":{"line":56,"column":4},"end":{"line":59,"column":5}},"type":"if","locations":[{"start":{"line":56,"column":4},"end":{"line":59,"column":5}},{"start":{},"end":{}}],"line":56},"7":{"loc":{"start":{"line":76,"column":4},"end":{"line":78,"column":5}},"type":"if","locations":[{"start":{"line":76,"column":4},"end":{"line":78,"column":5}},{"start":{},"end":{}}],"line":76},"8":{"loc":{"start":{"line":88,"column":4},"end":{"line":90,"column":5}},"type":"if","locations":[{"start":{"line":88,"column":4},"end":{"line":90,"column":5}},{"start":{},"end":{}}],"line":88},"9":{"loc":{"start":{"line":93,"column":4},"end":{"line":95,"column":5}},"type":"if","locations":[{"start":{"line":93,"column":4},"end":{"line":95,"column":5}},{"start":{},"end":{}}],"line":93},"10":{"loc":{"start":{"line":93,"column":8},"end":{"line":93,"column":74}},"type":"binary-expr","locations":[{"start":{"line":93,"column":8},"end":{"line":93,"column":21}},{"start":{"line":93,"column":25},"end":{"line":93,"column":74}}],"line":93},"11":{"loc":{"start":{"line":102,"column":18},"end":{"line":102,"column":44}},"type":"binary-expr","locations":[{"start":{"line":102,"column":18},"end":{"line":102,"column":31}},{"start":{"line":102,"column":35},"end":{"line":102,"column":44}}],"line":102},"12":{"loc":{"start":{"line":103,"column":23},"end":{"line":103,"column":61}},"type":"cond-expr","locations":[{"start":{"line":103,"column":40},"end":{"line":103,"column":56}},{"start":{"line":103,"column":59},"end":{"line":103,"column":61}}],"line":103},"13":{"loc":{"start":{"line":123,"column":4},"end":{"line":126,"column":5}},"type":"if","locations":[{"start":{"line":123,"column":4},"end":{"line":126,"column":5}},{"start":{},"end":{}}],"line":123},"14":{"loc":{"start":{"line":124,"column":20},"end":{"line":124,"column":77}},"type":"cond-expr","locations":[{"start":{"line":124,"column":42},"end":{"line":124,"column":61}},{"start":{"line":124,"column":64},"end":{"line":124,"column":77}}],"line":124},"15":{"loc":{"start":{"line":136,"column":4},"end":{"line":138,"column":5}},"type":"if","locations":[{"start":{"line":136,"column":4},"end":{"line":138,"column":5}},{"start":{},"end":{}}],"line":136},"16":{"loc":{"start":{"line":162,"column":4},"end":{"line":164,"column":5}},"type":"if","locations":[{"start":{"line":162,"column":4},"end":{"line":164,"column":5}},{"start":{},"end":{}}],"line":162},"17":{"loc":{"start":{"line":174,"column":4},"end":{"line":176,"column":5}},"type":"if","locations":[{"start":{"line":174,"column":4},"end":{"line":176,"column":5}},{"start":{},"end":{}}],"line":174},"18":{"loc":{"start":{"line":174,"column":8},"end":{"line":174,"column":56}},"type":"binary-expr","locations":[{"start":{"line":174,"column":8},"end":{"line":174,"column":13}},{"start":{"line":174,"column":17},"end":{"line":174,"column":56}}],"line":174},"19":{"loc":{"start":{"line":178,"column":4},"end":{"line":178,"column":85}},"type":"if","locations":[{"start":{"line":178,"column":4},"end":{"line":178,"column":85}},{"start":{},"end":{}}],"line":178},"20":{"loc":{"start":{"line":181,"column":22},"end":{"line":181,"column":112}},"type":"cond-expr","locations":[{"start":{"line":181,"column":35},"end":{"line":181,"column":75}},{"start":{"line":181,"column":78},"end":{"line":181,"column":112}}],"line":181},"21":{"loc":{"start":{"line":181,"column":35},"end":{"line":181,"column":75}},"type":"binary-expr","locations":[{"start":{"line":181,"column":35},"end":{"line":181,"column":66}},{"start":{"line":181,"column":70},"end":{"line":181,"column":75}}],"line":181},"22":{"loc":{"start":{"line":181,"column":78},"end":{"line":181,"column":112}},"type":"binary-expr","locations":[{"start":{"line":181,"column":78},"end":{"line":181,"column":104}},{"start":{"line":181,"column":108},"end":{"line":181,"column":112}}],"line":181}},"s":{"0":0,"1":0,"2":0,"3":0,"4":0,"5":0,"6":0,"7":0,"8":0,"9":0,"10":0,"11":0,"12":0,"13":0,"14":0,"15":0,"16":0,"17":0,"18":0,"19":0,"20":0,"21":0,"22":0,"23":0,"24":0,"25":0,"26":0,"27":0,"28":0,"29":0,"30":0,"31":0,"32":0,"33":0,"34":0,"35":0,"36":0,"37":0,"38":0,"39":0,"40":0,"41":0,"42":0,"43":0,"44":0,"45":0,"46":0,"47":0,"48":0,"49":0,"50":0,"51":0,"52":0,"53":0,"54":0,"55":0,"56":0,"57":0,"58":0,"59":0,"60":0,"61":0,"62":0,"63":0,"64":0,"65":0,"66":0,"67":0,"68":0,"69":0,"70":0,"71":0,"72":0,"73":0,"74":0},"f":{"0":0,"1":0,"2":0,"3":0,"4":0,"5":0},"b":{"0":[0,0],"1":[0,0],"2":[0,0],"3":[0,0],"4":[0,0],"5":[0,0],"6":[0,0],"7":[0,0],"8":[0,0],"9":[0,0],"10":[0,0],"11":[0,0],"12":[0,0],"13":[0,0],"14":[0,0],"15":[0,0],"16":[0,0],"17":[0,0],"18":[0,0],"19":[0,0],"20":[0,0],"21":[0,0],"22":[0,0]}}
,"D:\\HIXA-Backend\\Hixa-back\\controllers\\chatRoomController.js": {"path":"D:\\HIXA-Backend\\Hixa-back\\controllers\\chatRoomController.js","statementMap":{"0":{"start":{"line":1,"column":17},"end":{"line":1,"column":51}},"1":{"start":{"line":2,"column":20},"end":{"line":2,"column":57}},"2":{"start":{"line":3,"column":16},"end":{"line":3,"column":49}},"3":{"start":{"line":4,"column":16},"end":{"line":4,"column":49}},"4":{"start":{"line":5,"column":17},"end":{"line":5,"column":51}},"5":{"start":{"line":6,"column":17},"end":{"line":6,"column":36}},"6":{"start":{"line":11,"column":4},"end":{"line":11,"column":35}},"7":{"start":{"line":14,"column":34},"end":{"line":83,"column":1}},"8":{"start":{"line":15,"column":2},"end":{"line":82,"column":3}},"9":{"start":{"line":16,"column":4},"end":{"line":16,"column":133}},"10":{"start":{"line":17,"column":23},"end":{"line":17,"column":33}},"11":{"start":{"line":18,"column":19},"end":{"line":18,"column":31}},"12":{"start":{"line":19,"column":21},"end":{"line":19,"column":34}},"13":{"start":{"line":22,"column":24},"end":{"line":22,"column":58}},"14":{"start":{"line":23,"column":4},"end":{"line":25,"column":5}},"15":{"start":{"line":24,"column":6},"end":{"line":24,"column":74}},"16":{"start":{"line":28,"column":4},"end":{"line":42,"column":5}},"17":{"start":{"line":29,"column":22},"end":{"line":29,"column":65}},"18":{"start":{"line":30,"column":6},"end":{"line":32,"column":7}},"19":{"start":{"line":31,"column":8},"end":{"line":31,"column":88}},"20":{"start":{"line":33,"column":11},"end":{"line":42,"column":5}},"21":{"start":{"line":35,"column":26},"end":{"line":38,"column":8}},"22":{"start":{"line":39,"column":6},"end":{"line":41,"column":7}},"23":{"start":{"line":40,"column":8},"end":{"line":40,"column":88}},"24":{"start":{"line":45,"column":24},"end":{"line":45,"column":65}},"25":{"start":{"line":48,"column":4},"end":{"line":64,"column":5}},"26":{"start":{"line":50,"column":6},"end":{"line":54,"column":8}},"27":{"start":{"line":55,"column":11},"end":{"line":64,"column":5}},"28":{"start":{"line":58,"column":6},"end":{"line":63,"column":8}},"29":{"start":{"line":67,"column":22},"end":{"line":71,"column":30}},"30":{"start":{"line":74,"column":32},"end":{"line":74,"column":82}},"31":{"start":{"line":76,"column":4},"end":{"line":76,"column":44}},"32":{"start":{"line":78,"column":4},"end":{"line":80,"column":5}},"33":{"start":{"line":79,"column":6},"end":{"line":79,"column":71}},"34":{"start":{"line":81,"column":4},"end":{"line":81,"column":77}},"35":{"start":{"line":86,"column":24},"end":{"line":123,"column":1}},"36":{"start":{"line":87,"column":2},"end":{"line":122,"column":3}},"37":{"start":{"line":88,"column":23},"end":{"line":88,"column":33}},"38":{"start":{"line":89,"column":19},"end":{"line":89,"column":31}},"39":{"start":{"line":90,"column":21},"end":{"line":90,"column":34}},"40":{"start":{"line":92,"column":21},"end":{"line":95,"column":52}},"41":{"start":{"line":97,"column":4},"end":{"line":99,"column":5}},"42":{"start":{"line":98,"column":6},"end":{"line":98,"column":74}},"43":{"start":{"line":102,"column":26},"end":{"line":104,"column":5}},"44":{"start":{"line":103,"column":21},"end":{"line":103,"column":70}},"45":{"start":{"line":106,"column":4},"end":{"line":111,"column":5}},"46":{"start":{"line":108,"column":6},"end":{"line":110,"column":7}},"47":{"start":{"line":109,"column":8},"end":{"line":109,"column":88}},"48":{"start":{"line":114,"column":31},"end":{"line":114,"column":79}},"49":{"start":{"line":116,"column":4},"end":{"line":116,"column":43}},"50":{"start":{"line":118,"column":4},"end":{"line":120,"column":5}},"51":{"start":{"line":119,"column":6},"end":{"line":119,"column":71}},"52":{"start":{"line":121,"column":4},"end":{"line":121,"column":77}},"53":{"start":{"line":126,"column":23},"end":{"line":198,"column":1}},"54":{"start":{"line":127,"column":2},"end":{"line":197,"column":3}},"55":{"start":{"line":128,"column":19},"end":{"line":128,"column":31}},"56":{"start":{"line":129,"column":21},"end":{"line":129,"column":34}},"57":{"start":{"line":130,"column":51},"end":{"line":130,"column":60}},"58":{"start":{"line":132,"column":24},"end":{"line":132,"column":73}},"59":{"start":{"line":135,"column":4},"end":{"line":142,"column":5}},"60":{"start":{"line":136,"column":6},"end":{"line":141,"column":8}},"61":{"start":{"line":145,"column":4},"end":{"line":151,"column":5}},"62":{"start":{"line":146,"column":6},"end":{"line":150,"column":7}},"63":{"start":{"line":147,"column":8},"end":{"line":147,"column":89}},"64":{"start":{"line":147,"column":64},"end":{"line":147,"column":86}},"65":{"start":{"line":149,"column":8},"end":{"line":149,"column":34}},"66":{"start":{"line":154,"column":4},"end":{"line":160,"column":5}},"67":{"start":{"line":155,"column":6},"end":{"line":159,"column":7}},"68":{"start":{"line":156,"column":8},"end":{"line":156,"column":103}},"69":{"start":{"line":156,"column":64},"end":{"line":156,"column":100}},"70":{"start":{"line":158,"column":8},"end":{"line":158,"column":42}},"71":{"start":{"line":162,"column":22},"end":{"line":167,"column":52}},"72":{"start":{"line":170,"column":28},"end":{"line":170,"column":37}},"73":{"start":{"line":171,"column":4},"end":{"line":182,"column":5}},"74":{"start":{"line":172,"column":26},"end":{"line":172,"column":49}},"75":{"start":{"line":173,"column":6},"end":{"line":181,"column":9}},"76":{"start":{"line":175,"column":34},"end":{"line":175,"column":73}},"77":{"start":{"line":176,"column":38},"end":{"line":178,"column":9}},"78":{"start":{"line":177,"column":10},"end":{"line":177,"column":79}},"79":{"start":{"line":179,"column":33},"end":{"line":179,"column":78}},"80":{"start":{"line":180,"column":8},"end":{"line":180,"column":78}},"81":{"start":{"line":185,"column":4},"end":{"line":189,"column":7}},"82":{"start":{"line":186,"column":20},"end":{"line":186,"column":59}},"83":{"start":{"line":187,"column":20},"end":{"line":187,"column":59}},"84":{"start":{"line":188,"column":6},"end":{"line":188,"column":47}},"85":{"start":{"line":192,"column":32},"end":{"line":192,"column":90}},"86":{"start":{"line":194,"column":4},"end":{"line":194,"column":44}},"87":{"start":{"line":196,"column":4},"end":{"line":196,"column":77}},"88":{"start":{"line":201,"column":23},"end":{"line":223,"column":1}},"89":{"start":{"line":202,"column":2},"end":{"line":222,"column":3}},"90":{"start":{"line":203,"column":53},"end":{"line":203,"column":61}},"91":{"start":{"line":205,"column":21},"end":{"line":211,"column":6}},"92":{"start":{"line":213,"column":4},"end":{"line":216,"column":7}},"93":{"start":{"line":218,"column":4},"end":{"line":220,"column":5}},"94":{"start":{"line":219,"column":6},"end":{"line":219,"column":77}},"95":{"start":{"line":221,"column":4},"end":{"line":221,"column":77}},"96":{"start":{"line":226,"column":24},"end":{"line":252,"column":1}},"97":{"start":{"line":227,"column":2},"end":{"line":251,"column":3}},"98":{"start":{"line":228,"column":23},"end":{"line":228,"column":33}},"99":{"start":{"line":229,"column":19},"end":{"line":229,"column":31}},"100":{"start":{"line":230,"column":21},"end":{"line":230,"column":34}},"101":{"start":{"line":232,"column":21},"end":{"line":232,"column":52}},"102":{"start":{"line":233,"column":4},"end":{"line":235,"column":5}},"103":{"start":{"line":234,"column":6},"end":{"line":234,"column":74}},"104":{"start":{"line":238,"column":4},"end":{"line":240,"column":5}},"105":{"start":{"line":239,"column":6},"end":{"line":239,"column":75}},"106":{"start":{"line":242,"column":4},"end":{"line":242,"column":33}},"107":{"start":{"line":243,"column":4},"end":{"line":243,"column":26}},"108":{"start":{"line":245,"column":4},"end":{"line":248,"column":7}},"109":{"start":{"line":250,"column":4},"end":{"line":250,"column":77}},"110":{"start":{"line":255,"column":26},"end":{"line":281,"column":1}},"111":{"start":{"line":256,"column":2},"end":{"line":280,"column":3}},"112":{"start":{"line":257,"column":23},"end":{"line":257,"column":33}},"113":{"start":{"line":258,"column":19},"end":{"line":258,"column":31}},"114":{"start":{"line":259,"column":21},"end":{"line":259,"column":34}},"115":{"start":{"line":261,"column":21},"end":{"line":261,"column":52}},"116":{"start":{"line":262,"column":4},"end":{"line":264,"column":5}},"117":{"start":{"line":263,"column":6},"end":{"line":263,"column":74}},"118":{"start":{"line":267,"column":4},"end":{"line":269,"column":5}},"119":{"start":{"line":268,"column":6},"end":{"line":268,"column":80}},"120":{"start":{"line":271,"column":4},"end":{"line":271,"column":31}},"121":{"start":{"line":272,"column":4},"end":{"line":272,"column":26}},"122":{"start":{"line":274,"column":4},"end":{"line":277,"column":7}},"123":{"start":{"line":279,"column":4},"end":{"line":279,"column":77}},"124":{"start":{"line":284,"column":23},"end":{"line":309,"column":1}},"125":{"start":{"line":285,"column":2},"end":{"line":308,"column":3}},"126":{"start":{"line":286,"column":23},"end":{"line":286,"column":33}},"127":{"start":{"line":287,"column":21},"end":{"line":287,"column":34}},"128":{"start":{"line":289,"column":21},"end":{"line":289,"column":52}},"129":{"start":{"line":290,"column":4},"end":{"line":292,"column":5}},"130":{"start":{"line":291,"column":6},"end":{"line":291,"column":74}},"131":{"start":{"line":295,"column":4},"end":{"line":297,"column":5}},"132":{"start":{"line":296,"column":6},"end":{"line":296,"column":72}},"133":{"start":{"line":300,"column":4},"end":{"line":300,"column":33}},"134":{"start":{"line":301,"column":4},"end":{"line":301,"column":26}},"135":{"start":{"line":303,"column":4},"end":{"line":305,"column":7}},"136":{"start":{"line":307,"column":4},"end":{"line":307,"column":77}},"137":{"start":{"line":312,"column":23},"end":{"line":366,"column":1}},"138":{"start":{"line":313,"column":2},"end":{"line":365,"column":3}},"139":{"start":{"line":314,"column":23},"end":{"line":314,"column":33}},"140":{"start":{"line":315,"column":29},"end":{"line":315,"column":37}},"141":{"start":{"line":316,"column":21},"end":{"line":316,"column":34}},"142":{"start":{"line":318,"column":4},"end":{"line":320,"column":5}},"143":{"start":{"line":319,"column":6},"end":{"line":319,"column":83}},"144":{"start":{"line":322,"column":4},"end":{"line":324,"column":5}},"145":{"start":{"line":323,"column":6},"end":{"line":323,"column":79}},"146":{"start":{"line":326,"column":4},"end":{"line":328,"column":5}},"147":{"start":{"line":327,"column":6},"end":{"line":327,"column":65}},"148":{"start":{"line":330,"column":21},"end":{"line":330,"column":52}},"149":{"start":{"line":331,"column":4},"end":{"line":333,"column":5}},"150":{"start":{"line":332,"column":6},"end":{"line":332,"column":74}},"151":{"start":{"line":336,"column":33},"end":{"line":338,"column":5}},"152":{"start":{"line":337,"column":11},"end":{"line":337,"column":50}},"153":{"start":{"line":340,"column":4},"end":{"line":342,"column":5}},"154":{"start":{"line":341,"column":6},"end":{"line":341,"column":86}},"155":{"start":{"line":345,"column":4},"end":{"line":349,"column":7}},"156":{"start":{"line":351,"column":4},"end":{"line":351,"column":26}},"157":{"start":{"line":353,"column":30},"end":{"line":354,"column":62}},"158":{"start":{"line":356,"column":4},"end":{"line":359,"column":7}},"159":{"start":{"line":361,"column":4},"end":{"line":363,"column":5}},"160":{"start":{"line":362,"column":6},"end":{"line":362,"column":64}},"161":{"start":{"line":364,"column":4},"end":{"line":364,"column":77}},"162":{"start":{"line":369,"column":26},"end":{"line":400,"column":1}},"163":{"start":{"line":370,"column":2},"end":{"line":399,"column":3}},"164":{"start":{"line":371,"column":38},"end":{"line":371,"column":48}},"165":{"start":{"line":372,"column":21},"end":{"line":372,"column":34}},"166":{"start":{"line":374,"column":4},"end":{"line":376,"column":5}},"167":{"start":{"line":375,"column":6},"end":{"line":375,"column":83}},"168":{"start":{"line":378,"column":21},"end":{"line":378,"column":52}},"169":{"start":{"line":379,"column":4},"end":{"line":381,"column":5}},"170":{"start":{"line":380,"column":6},"end":{"line":380,"column":74}},"171":{"start":{"line":384,"column":4},"end":{"line":386,"column":6}},"172":{"start":{"line":385,"column":11},"end":{"line":385,"column":57}},"173":{"start":{"line":388,"column":4},"end":{"line":388,"column":26}},"174":{"start":{"line":390,"column":30},"end":{"line":391,"column":62}},"175":{"start":{"line":393,"column":4},"end":{"line":396,"column":7}},"176":{"start":{"line":398,"column":4},"end":{"line":398,"column":77}},"177":{"start":{"line":403,"column":31},"end":{"line":434,"column":1}},"178":{"start":{"line":404,"column":2},"end":{"line":433,"column":3}},"179":{"start":{"line":405,"column":23},"end":{"line":405,"column":33}},"180":{"start":{"line":406,"column":19},"end":{"line":406,"column":31}},"181":{"start":{"line":408,"column":21},"end":{"line":408,"column":52}},"182":{"start":{"line":409,"column":4},"end":{"line":411,"column":5}},"183":{"start":{"line":410,"column":6},"end":{"line":410,"column":74}},"184":{"start":{"line":414,"column":26},"end":{"line":416,"column":5}},"185":{"start":{"line":415,"column":11},"end":{"line":415,"column":50}},"186":{"start":{"line":418,"column":4},"end":{"line":420,"column":5}},"187":{"start":{"line":419,"column":6},"end":{"line":419,"column":86}},"188":{"start":{"line":422,"column":48},"end":{"line":422,"column":79}},"189":{"start":{"line":423,"column":24},"end":{"line":423,"column":77}},"190":{"start":{"line":425,"column":4},"end":{"line":430,"column":7}},"191":{"start":{"line":432,"column":4},"end":{"line":432,"column":77}},"192":{"start":{"line":437,"column":27},"end":{"line":465,"column":1}},"193":{"start":{"line":438,"column":2},"end":{"line":464,"column":3}},"194":{"start":{"line":439,"column":23},"end":{"line":439,"column":33}},"195":{"start":{"line":440,"column":19},"end":{"line":440,"column":31}},"196":{"start":{"line":442,"column":21},"end":{"line":442,"column":52}},"197":{"start":{"line":443,"column":4},"end":{"line":445,"column":5}},"198":{"start":{"line":444,"column":6},"end":{"line":444,"column":74}},"199":{"start":{"line":448,"column":26},"end":{"line":450,"column":5}},"200":{"start":{"line":449,"column":11},"end":{"line":449,"column":50}},"201":{"start":{"line":452,"column":4},"end":{"line":454,"column":5}},"202":{"start":{"line":453,"column":6},"end":{"line":453,"column":86}},"203":{"start":{"line":457,"column":4},"end":{"line":457,"column":43}},"204":{"start":{"line":459,"column":4},"end":{"line":461,"column":7}},"205":{"start":{"line":463,"column":4},"end":{"line":463,"column":77}},"206":{"start":{"line":468,"column":30},"end":{"line":500,"column":1}},"207":{"start":{"line":469,"column":2},"end":{"line":499,"column":3}},"208":{"start":{"line":470,"column":21},"end":{"line":470,"column":34}},"209":{"start":{"line":472,"column":4},"end":{"line":474,"column":5}},"210":{"start":{"line":473,"column":6},"end":{"line":473,"column":78}},"211":{"start":{"line":476,"column":73},"end":{"line":483,"column":6}},"212":{"start":{"line":485,"column":4},"end":{"line":496,"column":7}},"213":{"start":{"line":498,"column":4},"end":{"line":498,"column":77}},"214":{"start":{"line":502,"column":0},"end":{"line":515,"column":2}}},"fnMap":{"0":{"name":"(anonymous_0)","decl":{"start":{"line":14,"column":34},"end":{"line":14,"column":35}},"loc":{"start":{"line":14,"column":54},"end":{"line":83,"column":1}},"line":14},"1":{"name":"(anonymous_1)","decl":{"start":{"line":86,"column":24},"end":{"line":86,"column":25}},"loc":{"start":{"line":86,"column":44},"end":{"line":123,"column":1}},"line":86},"2":{"name":"(anonymous_2)","decl":{"start":{"line":103,"column":6},"end":{"line":103,"column":7}},"loc":{"start":{"line":103,"column":21},"end":{"line":103,"column":70}},"line":103},"3":{"name":"(anonymous_3)","decl":{"start":{"line":126,"column":23},"end":{"line":126,"column":24}},"loc":{"start":{"line":126,"column":43},"end":{"line":198,"column":1}},"line":126},"4":{"name":"(anonymous_4)","decl":{"start":{"line":147,"column":50},"end":{"line":147,"column":51}},"loc":{"start":{"line":147,"column":64},"end":{"line":147,"column":86}},"line":147},"5":{"name":"(anonymous_5)","decl":{"start":{"line":156,"column":50},"end":{"line":156,"column":51}},"loc":{"start":{"line":156,"column":64},"end":{"line":156,"column":100}},"line":156},"6":{"name":"(anonymous_6)","decl":{"start":{"line":173,"column":43},"end":{"line":173,"column":44}},"loc":{"start":{"line":173,"column":51},"end":{"line":181,"column":7}},"line":173},"7":{"name":"(anonymous_7)","decl":{"start":{"line":176,"column":61},"end":{"line":176,"column":62}},"loc":{"start":{"line":177,"column":10},"end":{"line":177,"column":79}},"line":177},"8":{"name":"(anonymous_8)","decl":{"start":{"line":185,"column":27},"end":{"line":185,"column":28}},"loc":{"start":{"line":185,"column":37},"end":{"line":189,"column":5}},"line":185},"9":{"name":"(anonymous_9)","decl":{"start":{"line":201,"column":23},"end":{"line":201,"column":24}},"loc":{"start":{"line":201,"column":43},"end":{"line":223,"column":1}},"line":201},"10":{"name":"(anonymous_10)","decl":{"start":{"line":226,"column":24},"end":{"line":226,"column":25}},"loc":{"start":{"line":226,"column":44},"end":{"line":252,"column":1}},"line":226},"11":{"name":"(anonymous_11)","decl":{"start":{"line":255,"column":26},"end":{"line":255,"column":27}},"loc":{"start":{"line":255,"column":46},"end":{"line":281,"column":1}},"line":255},"12":{"name":"(anonymous_12)","decl":{"start":{"line":284,"column":23},"end":{"line":284,"column":24}},"loc":{"start":{"line":284,"column":43},"end":{"line":309,"column":1}},"line":284},"13":{"name":"(anonymous_13)","decl":{"start":{"line":312,"column":23},"end":{"line":312,"column":24}},"loc":{"start":{"line":312,"column":43},"end":{"line":366,"column":1}},"line":312},"14":{"name":"(anonymous_14)","decl":{"start":{"line":337,"column":6},"end":{"line":337,"column":7}},"loc":{"start":{"line":337,"column":11},"end":{"line":337,"column":50}},"line":337},"15":{"name":"(anonymous_15)","decl":{"start":{"line":369,"column":26},"end":{"line":369,"column":27}},"loc":{"start":{"line":369,"column":46},"end":{"line":400,"column":1}},"line":369},"16":{"name":"(anonymous_16)","decl":{"start":{"line":385,"column":6},"end":{"line":385,"column":7}},"loc":{"start":{"line":385,"column":11},"end":{"line":385,"column":57}},"line":385},"17":{"name":"(anonymous_17)","decl":{"start":{"line":403,"column":31},"end":{"line":403,"column":32}},"loc":{"start":{"line":403,"column":51},"end":{"line":434,"column":1}},"line":403},"18":{"name":"(anonymous_18)","decl":{"start":{"line":415,"column":6},"end":{"line":415,"column":7}},"loc":{"start":{"line":415,"column":11},"end":{"line":415,"column":50}},"line":415},"19":{"name":"(anonymous_19)","decl":{"start":{"line":437,"column":27},"end":{"line":437,"column":28}},"loc":{"start":{"line":437,"column":47},"end":{"line":465,"column":1}},"line":437},"20":{"name":"(anonymous_20)","decl":{"start":{"line":449,"column":6},"end":{"line":449,"column":7}},"loc":{"start":{"line":449,"column":11},"end":{"line":449,"column":50}},"line":449},"21":{"name":"(anonymous_21)","decl":{"start":{"line":468,"column":30},"end":{"line":468,"column":31}},"loc":{"start":{"line":468,"column":50},"end":{"line":500,"column":1}},"line":468}},"branchMap":{"0":{"loc":{"start":{"line":23,"column":4},"end":{"line":25,"column":5}},"type":"if","locations":[{"start":{"line":23,"column":4},"end":{"line":25,"column":5}},{"start":{},"end":{}}],"line":23},"1":{"loc":{"start":{"line":28,"column":4},"end":{"line":42,"column":5}},"type":"if","locations":[{"start":{"line":28,"column":4},"end":{"line":42,"column":5}},{"start":{"line":33,"column":11},"end":{"line":42,"column":5}}],"line":28},"2":{"loc":{"start":{"line":30,"column":6},"end":{"line":32,"column":7}},"type":"if","locations":[{"start":{"line":30,"column":6},"end":{"line":32,"column":7}},{"start":{},"end":{}}],"line":30},"3":{"loc":{"start":{"line":30,"column":10},"end":{"line":30,"column":69}},"type":"binary-expr","locations":[{"start":{"line":30,"column":10},"end":{"line":30,"column":18}},{"start":{"line":30,"column":22},"end":{"line":30,"column":69}}],"line":30},"4":{"loc":{"start":{"line":33,"column":11},"end":{"line":42,"column":5}},"type":"if","locations":[{"start":{"line":33,"column":11},"end":{"line":42,"column":5}},{"start":{},"end":{}}],"line":33},"5":{"loc":{"start":{"line":39,"column":6},"end":{"line":41,"column":7}},"type":"if","locations":[{"start":{"line":39,"column":6},"end":{"line":41,"column":7}},{"start":{},"end":{}}],"line":39},"6":{"loc":{"start":{"line":48,"column":4},"end":{"line":64,"column":5}},"type":"if","locations":[{"start":{"line":48,"column":4},"end":{"line":64,"column":5}},{"start":{"line":55,"column":11},"end":{"line":64,"column":5}}],"line":48},"7":{"loc":{"start":{"line":55,"column":11},"end":{"line":64,"column":5}},"type":"if","locations":[{"start":{"line":55,"column":11},"end":{"line":64,"column":5}},{"start":{},"end":{}}],"line":55},"8":{"loc":{"start":{"line":78,"column":4},"end":{"line":80,"column":5}},"type":"if","locations":[{"start":{"line":78,"column":4},"end":{"line":80,"column":5}},{"start":{},"end":{}}],"line":78},"9":{"loc":{"start":{"line":97,"column":4},"end":{"line":99,"column":5}},"type":"if","locations":[{"start":{"line":97,"column":4},"end":{"line":99,"column":5}},{"start":{},"end":{}}],"line":97},"10":{"loc":{"start":{"line":106,"column":4},"end":{"line":111,"column":5}},"type":"if","locations":[{"start":{"line":106,"column":4},"end":{"line":111,"column":5}},{"start":{},"end":{}}],"line":106},"11":{"loc":{"start":{"line":108,"column":6},"end":{"line":110,"column":7}},"type":"if","locations":[{"start":{"line":108,"column":6},"end":{"line":110,"column":7}},{"start":{},"end":{}}],"line":108},"12":{"loc":{"start":{"line":118,"column":4},"end":{"line":120,"column":5}},"type":"if","locations":[{"start":{"line":118,"column":4},"end":{"line":120,"column":5}},{"start":{},"end":{}}],"line":118},"13":{"loc":{"start":{"line":135,"column":4},"end":{"line":142,"column":5}},"type":"if","locations":[{"start":{"line":135,"column":4},"end":{"line":142,"column":5}},{"start":{},"end":{}}],"line":135},"14":{"loc":{"start":{"line":145,"column":4},"end":{"line":151,"column":5}},"type":"if","locations":[{"start":{"line":145,"column":4},"end":{"line":151,"column":5}},{"start":{},"end":{}}],"line":145},"15":{"loc":{"start":{"line":145,"column":8},"end":{"line":145,"column":74}},"type":"binary-expr","locations":[{"start":{"line":145,"column":8},"end":{"line":145,"column":12}},{"start":{"line":145,"column":16},"end":{"line":145,"column":74}}],"line":145},"16":{"loc":{"start":{"line":146,"column":6},"end":{"line":150,"column":7}},"type":"if","locations":[{"start":{"line":146,"column":6},"end":{"line":150,"column":7}},{"start":{"line":148,"column":13},"end":{"line":150,"column":7}}],"line":146},"17":{"loc":{"start":{"line":154,"column":4},"end":{"line":160,"column":5}},"type":"if","locations":[{"start":{"line":154,"column":4},"end":{"line":160,"column":5}},{"start":{},"end":{}}],"line":154},"18":{"loc":{"start":{"line":154,"column":8},"end":{"line":154,"column":75}},"type":"binary-expr","locations":[{"start":{"line":154,"column":8},"end":{"line":154,"column":20}},{"start":{"line":154,"column":24},"end":{"line":154,"column":51}},{"start":{"line":154,"column":55},"end":{"line":154,"column":75}}],"line":154},"19":{"loc":{"start":{"line":155,"column":6},"end":{"line":159,"column":7}},"type":"if","locations":[{"start":{"line":155,"column":6},"end":{"line":159,"column":7}},{"start":{"line":157,"column":13},"end":{"line":159,"column":7}}],"line":155},"20":{"loc":{"start":{"line":171,"column":4},"end":{"line":182,"column":5}},"type":"if","locations":[{"start":{"line":171,"column":4},"end":{"line":182,"column":5}},{"start":{},"end":{}}],"line":171},"21":{"loc":{"start":{"line":177,"column":10},"end":{"line":177,"column":79}},"type":"binary-expr","locations":[{"start":{"line":177,"column":10},"end":{"line":177,"column":42}},{"start":{"line":177,"column":46},"end":{"line":177,"column":79}}],"line":177},"22":{"loc":{"start":{"line":180,"column":15},"end":{"line":180,"column":77}},"type":"binary-expr","locations":[{"start":{"line":180,"column":15},"end":{"line":180,"column":32}},{"start":{"line":180,"column":36},"end":{"line":180,"column":57}},{"start":{"line":180,"column":61},"end":{"line":180,"column":77}}],"line":180},"23":{"loc":{"start":{"line":186,"column":20},"end":{"line":186,"column":59}},"type":"binary-expr","locations":[{"start":{"line":186,"column":20},"end":{"line":186,"column":44}},{"start":{"line":186,"column":48},"end":{"line":186,"column":59}}],"line":186},"24":{"loc":{"start":{"line":187,"column":20},"end":{"line":187,"column":59}},"type":"binary-expr","locations":[{"start":{"line":187,"column":20},"end":{"line":187,"column":44}},{"start":{"line":187,"column":48},"end":{"line":187,"column":59}}],"line":187},"25":{"loc":{"start":{"line":209,"column":16},"end":{"line":209,"column":64}},"type":"cond-expr","locations":[{"start":{"line":209,"column":44},"end":{"line":209,"column":52}},{"start":{"line":209,"column":55},"end":{"line":209,"column":64}}],"line":209},"26":{"loc":{"start":{"line":218,"column":4},"end":{"line":220,"column":5}},"type":"if","locations":[{"start":{"line":218,"column":4},"end":{"line":220,"column":5}},{"start":{},"end":{}}],"line":218},"27":{"loc":{"start":{"line":233,"column":4},"end":{"line":235,"column":5}},"type":"if","locations":[{"start":{"line":233,"column":4},"end":{"line":235,"column":5}},{"start":{},"end":{}}],"line":233},"28":{"loc":{"start":{"line":238,"column":4},"end":{"line":240,"column":5}},"type":"if","locations":[{"start":{"line":238,"column":4},"end":{"line":240,"column":5}},{"start":{},"end":{}}],"line":238},"29":{"loc":{"start":{"line":262,"column":4},"end":{"line":264,"column":5}},"type":"if","locations":[{"start":{"line":262,"column":4},"end":{"line":264,"column":5}},{"start":{},"end":{}}],"line":262},"30":{"loc":{"start":{"line":267,"column":4},"end":{"line":269,"column":5}},"type":"if","locations":[{"start":{"line":267,"column":4},"end":{"line":269,"column":5}},{"start":{},"end":{}}],"line":267},"31":{"loc":{"start":{"line":290,"column":4},"end":{"line":292,"column":5}},"type":"if","locations":[{"start":{"line":290,"column":4},"end":{"line":292,"column":5}},{"start":{},"end":{}}],"line":290},"32":{"loc":{"start":{"line":295,"column":4},"end":{"line":297,"column":5}},"type":"if","locations":[{"start":{"line":295,"column":4},"end":{"line":297,"column":5}},{"start":{},"end":{}}],"line":295},"33":{"loc":{"start":{"line":318,"column":4},"end":{"line":320,"column":5}},"type":"if","locations":[{"start":{"line":318,"column":4},"end":{"line":320,"column":5}},{"start":{},"end":{}}],"line":318},"34":{"loc":{"start":{"line":322,"column":4},"end":{"line":324,"column":5}},"type":"if","locations":[{"start":{"line":322,"column":4},"end":{"line":324,"column":5}},{"start":{},"end":{}}],"line":322},"35":{"loc":{"start":{"line":322,"column":8},"end":{"line":322,"column":24}},"type":"binary-expr","locations":[{"start":{"line":322,"column":8},"end":{"line":322,"column":15}},{"start":{"line":322,"column":19},"end":{"line":322,"column":24}}],"line":322},"36":{"loc":{"start":{"line":326,"column":4},"end":{"line":328,"column":5}},"type":"if","locations":[{"start":{"line":326,"column":4},"end":{"line":328,"column":5}},{"start":{},"end":{}}],"line":326},"37":{"loc":{"start":{"line":331,"column":4},"end":{"line":333,"column":5}},"type":"if","locations":[{"start":{"line":331,"column":4},"end":{"line":333,"column":5}},{"start":{},"end":{}}],"line":331},"38":{"loc":{"start":{"line":340,"column":4},"end":{"line":342,"column":5}},"type":"if","locations":[{"start":{"line":340,"column":4},"end":{"line":342,"column":5}},{"start":{},"end":{}}],"line":340},"39":{"loc":{"start":{"line":361,"column":4},"end":{"line":363,"column":5}},"type":"if","locations":[{"start":{"line":361,"column":4},"end":{"line":363,"column":5}},{"start":{},"end":{}}],"line":361},"40":{"loc":{"start":{"line":374,"column":4},"end":{"line":376,"column":5}},"type":"if","locations":[{"start":{"line":374,"column":4},"end":{"line":376,"column":5}},{"start":{},"end":{}}],"line":374},"41":{"loc":{"start":{"line":379,"column":4},"end":{"line":381,"column":5}},"type":"if","locations":[{"start":{"line":379,"column":4},"end":{"line":381,"column":5}},{"start":{},"end":{}}],"line":379},"42":{"loc":{"start":{"line":409,"column":4},"end":{"line":411,"column":5}},"type":"if","locations":[{"start":{"line":409,"column":4},"end":{"line":411,"column":5}},{"start":{},"end":{}}],"line":409},"43":{"loc":{"start":{"line":418,"column":4},"end":{"line":420,"column":5}},"type":"if","locations":[{"start":{"line":418,"column":4},"end":{"line":420,"column":5}},{"start":{},"end":{}}],"line":418},"44":{"loc":{"start":{"line":418,"column":8},"end":{"line":418,"column":51}},"type":"binary-expr","locations":[{"start":{"line":418,"column":8},"end":{"line":418,"column":22}},{"start":{"line":418,"column":26},"end":{"line":418,"column":51}}],"line":418},"45":{"loc":{"start":{"line":443,"column":4},"end":{"line":445,"column":5}},"type":"if","locations":[{"start":{"line":443,"column":4},"end":{"line":445,"column":5}},{"start":{},"end":{}}],"line":443},"46":{"loc":{"start":{"line":452,"column":4},"end":{"line":454,"column":5}},"type":"if","locations":[{"start":{"line":452,"column":4},"end":{"line":454,"column":5}},{"start":{},"end":{}}],"line":452},"47":{"loc":{"start":{"line":452,"column":8},"end":{"line":452,"column":51}},"type":"binary-expr","locations":[{"start":{"line":452,"column":8},"end":{"line":452,"column":22}},{"start":{"line":452,"column":26},"end":{"line":452,"column":51}}],"line":452},"48":{"loc":{"start":{"line":472,"column":4},"end":{"line":474,"column":5}},"type":"if","locations":[{"start":{"line":472,"column":4},"end":{"line":474,"column":5}},{"start":{},"end":{}}],"line":472}},"s":{"0":0,"1":0,"2":0,"3":0,"4":0,"5":0,"6":0,"7":0,"8":0,"9":0,"10":0,"11":0,"12":0,"13":0,"14":0,"15":0,"16":0,"17":0,"18":0,"19":0,"20":0,"21":0,"22":0,"23":0,"24":0,"25":0,"26":0,"27":0,"28":0,"29":0,"30":0,"31":0,"32":0,"33":0,"34":0,"35":0,"36":0,"37":0,"38":0,"39":0,"40":0,"41":0,"42":0,"43":0,"44":0,"45":0,"46":0,"47":0,"48":0,"49":0,"50":0,"51":0,"52":0,"53":0,"54":0,"55":0,"56":0,"57":0,"58":0,"59":0,"60":0,"61":0,"62":0,"63":0,"64":0,"65":0,"66":0,"67":0,"68":0,"69":0,"70":0,"71":0,"72":0,"73":0,"74":0,"75":0,"76":0,"77":0,"78":0,"79":0,"80":0,"81":0,"82":0,"83":0,"84":0,"85":0,"86":0,"87":0,"88":0,"89":0,"90":0,"91":0,"92":0,"93":0,"94":0,"95":0,"96":0,"97":0,"98":0,"99":0,"100":0,"101":0,"102":0,"103":0,"104":0,"105":0,"106":0,"107":0,"108":0,"109":0,"110":0,"111":0,"112":0,"113":0,"114":0,"115":0,"116":0,"117":0,"118":0,"119":0,"120":0,"121":0,"122":0,"123":0,"124":0,"125":0,"126":0,"127":0,"128":0,"129":0,"130":0,"131":0,"132":0,"133":0,"134":0,"135":0,"136":0,"137":0,"138":0,"139":0,"140":0,"141":0,"142":0,"143":0,"144":0,"145":0,"146":0,"147":0,"148":0,"149":0,"150":0,"151":0,"152":0,"153":0,"154":0,"155":0,"156":0,"157":0,"158":0,"159":0,"160":0,"161":0,"162":0,"163":0,"164":0,"165":0,"166":0,"167":0,"168":0,"169":0,"170":0,"171":0,"172":0,"173":0,"174":0,"175":0,"176":0,"177":0,"178":0,"179":0,"180":0,"181":0,"182":0,"183":0,"184":0,"185":0,"186":0,"187":0,"188":0,"189":0,"190":0,"191":0,"192":0,"193":0,"194":0,"195":0,"196":0,"197":0,"198":0,"199":0,"200":0,"201":0,"202":0,"203":0,"204":0,"205":0,"206":0,"207":0,"208":0,"209":0,"210":0,"211":0,"212":0,"213":0,"214":0},"f":{"0":0,"1":0,"2":0,"3":0,"4":0,"5":0,"6":0,"7":0,"8":0,"9":0,"10":0,"11":0,"12":0,"13":0,"14":0,"15":0,"16":0,"17":0,"18":0,"19":0,"20":0,"21":0},"b":{"0":[0,0],"1":[0,0],"2":[0,0],"3":[0,0],"4":[0,0],"5":[0,0],"6":[0,0],"7":[0,0],"8":[0,0],"9":[0,0],"10":[0,0],"11":[0,0],"12":[0,0],"13":[0,0],"14":[0,0],"15":[0,0],"16":[0,0],"17":[0,0],"18":[0,0,0],"19":[0,0],"20":[0,0],"21":[0,0],"22":[0,0,0],"23":[0,0],"24":[0,0],"25":[0,0],"26":[0,0],"27":[0,0],"28":[0,0],"29":[0,0],"30":[0,0],"31":[0,0],"32":[0,0],"33":[0,0],"34":[0,0],"35":[0,0],"36":[0,0],"37":[0,0],"38":[0,0],"39":[0,0],"40":[0,0],"41":[0,0],"42":[0,0],"43":[0,0],"44":[0,0],"45":[0,0],"46":[0,0],"47":[0,0],"48":[0,0]}}
,"D:\\HIXA-Backend\\Hixa-back\\controllers\\contentController.js": {"path":"D:\\HIXA-Backend\\Hixa-back\\controllers\\contentController.js","statementMap":{"0":{"start":{"line":1,"column":16},"end":{"line":1,"column":49}},"1":{"start":{"line":2,"column":53},"end":{"line":2,"column":84}},"2":{"start":{"line":3,"column":17},"end":{"line":3,"column":36}},"3":{"start":{"line":6,"column":22},"end":{"line":26,"column":1}},"4":{"start":{"line":7,"column":2},"end":{"line":25,"column":3}},"5":{"start":{"line":8,"column":25},"end":{"line":8,"column":27}},"6":{"start":{"line":9,"column":4},"end":{"line":11,"column":7}},"7":{"start":{"line":10,"column":6},"end":{"line":10,"column":62}},"8":{"start":{"line":13,"column":20},"end":{"line":17,"column":5}},"9":{"start":{"line":19,"column":4},"end":{"line":22,"column":7}},"10":{"start":{"line":24,"column":4},"end":{"line":24,"column":75}},"11":{"start":{"line":29,"column":25},"end":{"line":84,"column":1}},"12":{"start":{"line":30,"column":2},"end":{"line":30,"column":28}},"13":{"start":{"line":30,"column":16},"end":{"line":30,"column":28}},"14":{"start":{"line":32,"column":19},"end":{"line":32,"column":54}},"15":{"start":{"line":34,"column":25},"end":{"line":74,"column":3}},"16":{"start":{"line":35,"column":4},"end":{"line":35,"column":33}},"17":{"start":{"line":35,"column":18},"end":{"line":35,"column":33}},"18":{"start":{"line":38,"column":4},"end":{"line":50,"column":7}},"19":{"start":{"line":39,"column":6},"end":{"line":49,"column":7}},"20":{"start":{"line":40,"column":24},"end":{"line":40,"column":52}},"21":{"start":{"line":41,"column":24},"end":{"line":41,"column":44}},"22":{"start":{"line":43,"column":8},"end":{"line":46,"column":9}},"23":{"start":{"line":45,"column":10},"end":{"line":45,"column":42}},"24":{"start":{"line":48,"column":8},"end":{"line":48,"column":28}},"25":{"start":{"line":53,"column":4},"end":{"line":71,"column":7}},"26":{"start":{"line":54,"column":6},"end":{"line":70,"column":7}},"27":{"start":{"line":55,"column":8},"end":{"line":69,"column":11}},"28":{"start":{"line":56,"column":28},"end":{"line":56,"column":39}},"29":{"start":{"line":57,"column":10},"end":{"line":67,"column":13}},"30":{"start":{"line":58,"column":12},"end":{"line":66,"column":13}},"31":{"start":{"line":59,"column":30},"end":{"line":59,"column":58}},"32":{"start":{"line":60,"column":30},"end":{"line":60,"column":50}},"33":{"start":{"line":62,"column":14},"end":{"line":64,"column":15}},"34":{"start":{"line":63,"column":16},"end":{"line":63,"column":47}},"35":{"start":{"line":65,"column":14},"end":{"line":65,"column":36}},"36":{"start":{"line":68,"column":10},"end":{"line":68,"column":27}},"37":{"start":{"line":73,"column":4},"end":{"line":73,"column":19}},"38":{"start":{"line":77,"column":2},"end":{"line":81,"column":5}},"39":{"start":{"line":78,"column":4},"end":{"line":80,"column":5}},"40":{"start":{"line":79,"column":6},"end":{"line":79,"column":52}},"41":{"start":{"line":83,"column":2},"end":{"line":83,"column":18}},"42":{"start":{"line":87,"column":0},"end":{"line":105,"column":2}},"43":{"start":{"line":88,"column":2},"end":{"line":104,"column":3}},"44":{"start":{"line":89,"column":21},"end":{"line":89,"column":30}},"45":{"start":{"line":90,"column":18},"end":{"line":90,"column":41}},"46":{"start":{"line":92,"column":4},"end":{"line":94,"column":5}},"47":{"start":{"line":93,"column":6},"end":{"line":93,"column":41}},"48":{"start":{"line":97,"column":4},"end":{"line":99,"column":5}},"49":{"start":{"line":98,"column":6},"end":{"line":98,"column":48}},"50":{"start":{"line":101,"column":4},"end":{"line":101,"column":22}},"51":{"start":{"line":103,"column":4},"end":{"line":103,"column":75}},"52":{"start":{"line":108,"column":0},"end":{"line":111,"column":2}},"53":{"start":{"line":109,"column":59},"end":{"line":109,"column":67}},"54":{"start":{"line":110,"column":2},"end":{"line":110,"column":85}},"55":{"start":{"line":114,"column":0},"end":{"line":139,"column":2}},"56":{"start":{"line":115,"column":2},"end":{"line":138,"column":3}},"57":{"start":{"line":116,"column":75},"end":{"line":116,"column":83}},"58":{"start":{"line":118,"column":25},"end":{"line":124,"column":5}},"59":{"start":{"line":126,"column":20},"end":{"line":130,"column":5}},"60":{"start":{"line":132,"column":4},"end":{"line":135,"column":7}},"61":{"start":{"line":137,"column":4},"end":{"line":137,"column":75}},"62":{"start":{"line":142,"column":0},"end":{"line":156,"column":2}},"63":{"start":{"line":143,"column":2},"end":{"line":155,"column":3}},"64":{"start":{"line":144,"column":20},"end":{"line":144,"column":43}},"65":{"start":{"line":145,"column":4},"end":{"line":147,"column":5}},"66":{"start":{"line":146,"column":6},"end":{"line":146,"column":72}},"67":{"start":{"line":149,"column":4},"end":{"line":152,"column":7}},"68":{"start":{"line":154,"column":4},"end":{"line":154,"column":75}},"69":{"start":{"line":159,"column":0},"end":{"line":187,"column":2}},"70":{"start":{"line":160,"column":2},"end":{"line":186,"column":3}},"71":{"start":{"line":161,"column":23},"end":{"line":161,"column":33}},"72":{"start":{"line":164,"column":25},"end":{"line":164,"column":61}},"73":{"start":{"line":165,"column":4},"end":{"line":169,"column":5}},"74":{"start":{"line":166,"column":6},"end":{"line":168,"column":9}},"75":{"start":{"line":171,"column":20},"end":{"line":171,"column":43}},"76":{"start":{"line":172,"column":4},"end":{"line":174,"column":5}},"77":{"start":{"line":173,"column":6},"end":{"line":173,"column":72}},"78":{"start":{"line":176,"column":4},"end":{"line":178,"column":5}},"79":{"start":{"line":177,"column":6},"end":{"line":177,"column":68}},"80":{"start":{"line":180,"column":4},"end":{"line":183,"column":7}},"81":{"start":{"line":185,"column":4},"end":{"line":185,"column":75}},"82":{"start":{"line":190,"column":0},"end":{"line":229,"column":2}},"83":{"start":{"line":191,"column":2},"end":{"line":228,"column":3}},"84":{"start":{"line":192,"column":23},"end":{"line":192,"column":33}},"85":{"start":{"line":193,"column":73},"end":{"line":193,"column":81}},"86":{"start":{"line":196,"column":25},"end":{"line":196,"column":61}},"87":{"start":{"line":197,"column":4},"end":{"line":201,"column":5}},"88":{"start":{"line":198,"column":6},"end":{"line":200,"column":9}},"89":{"start":{"line":204,"column":25},"end":{"line":204,"column":27}},"90":{"start":{"line":205,"column":4},"end":{"line":205,"column":87}},"91":{"start":{"line":205,"column":32},"end":{"line":205,"column":87}},"92":{"start":{"line":206,"column":4},"end":{"line":206,"column":87}},"93":{"start":{"line":206,"column":32},"end":{"line":206,"column":87}},"94":{"start":{"line":207,"column":4},"end":{"line":207,"column":105}},"95":{"start":{"line":207,"column":38},"end":{"line":207,"column":105}},"96":{"start":{"line":208,"column":4},"end":{"line":208,"column":105}},"97":{"start":{"line":208,"column":38},"end":{"line":208,"column":105}},"98":{"start":{"line":209,"column":4},"end":{"line":209,"column":75}},"99":{"start":{"line":209,"column":28},"end":{"line":209,"column":75}},"100":{"start":{"line":212,"column":4},"end":{"line":214,"column":5}},"101":{"start":{"line":213,"column":6},"end":{"line":213,"column":81}},"102":{"start":{"line":216,"column":20},"end":{"line":220,"column":5}},"103":{"start":{"line":222,"column":4},"end":{"line":225,"column":7}},"104":{"start":{"line":227,"column":4},"end":{"line":227,"column":75}},"105":{"start":{"line":232,"column":0},"end":{"line":279,"column":2}},"106":{"start":{"line":233,"column":2},"end":{"line":278,"column":3}},"107":{"start":{"line":234,"column":33},"end":{"line":234,"column":43}},"108":{"start":{"line":235,"column":66},"end":{"line":235,"column":74}},"109":{"start":{"line":238,"column":25},"end":{"line":238,"column":61}},"110":{"start":{"line":239,"column":4},"end":{"line":243,"column":5}},"111":{"start":{"line":240,"column":6},"end":{"line":242,"column":9}},"112":{"start":{"line":246,"column":27},"end":{"line":246,"column":71}},"113":{"start":{"line":247,"column":4},"end":{"line":251,"column":5}},"114":{"start":{"line":248,"column":6},"end":{"line":250,"column":9}},"115":{"start":{"line":254,"column":25},"end":{"line":254,"column":27}},"116":{"start":{"line":255,"column":4},"end":{"line":255,"column":107}},"117":{"start":{"line":255,"column":32},"end":{"line":255,"column":107}},"118":{"start":{"line":256,"column":4},"end":{"line":256,"column":107}},"119":{"start":{"line":256,"column":32},"end":{"line":256,"column":107}},"120":{"start":{"line":257,"column":4},"end":{"line":257,"column":113}},"121":{"start":{"line":257,"column":34},"end":{"line":257,"column":113}},"122":{"start":{"line":258,"column":4},"end":{"line":258,"column":113}},"123":{"start":{"line":258,"column":34},"end":{"line":258,"column":113}},"124":{"start":{"line":259,"column":4},"end":{"line":259,"column":98}},"125":{"start":{"line":259,"column":29},"end":{"line":259,"column":98}},"126":{"start":{"line":262,"column":4},"end":{"line":264,"column":5}},"127":{"start":{"line":263,"column":6},"end":{"line":263,"column":81}},"128":{"start":{"line":266,"column":20},"end":{"line":270,"column":5}},"129":{"start":{"line":272,"column":4},"end":{"line":275,"column":7}},"130":{"start":{"line":277,"column":4},"end":{"line":277,"column":75}},"131":{"start":{"line":282,"column":0},"end":{"line":340,"column":2}},"132":{"start":{"line":283,"column":2},"end":{"line":339,"column":3}},"133":{"start":{"line":284,"column":33},"end":{"line":284,"column":43}},"134":{"start":{"line":287,"column":25},"end":{"line":287,"column":61}},"135":{"start":{"line":288,"column":4},"end":{"line":292,"column":5}},"136":{"start":{"line":289,"column":6},"end":{"line":291,"column":9}},"137":{"start":{"line":295,"column":27},"end":{"line":295,"column":71}},"138":{"start":{"line":296,"column":4},"end":{"line":300,"column":5}},"139":{"start":{"line":297,"column":6},"end":{"line":299,"column":9}},"140":{"start":{"line":302,"column":4},"end":{"line":304,"column":5}},"141":{"start":{"line":303,"column":6},"end":{"line":303,"column":68}},"142":{"start":{"line":307,"column":20},"end":{"line":307,"column":43}},"143":{"start":{"line":308,"column":4},"end":{"line":318,"column":5}},"144":{"start":{"line":313,"column":6},"end":{"line":317,"column":7}},"145":{"start":{"line":314,"column":8},"end":{"line":314,"column":85}},"146":{"start":{"line":316,"column":8},"end":{"line":316,"column":72}},"147":{"start":{"line":321,"column":21},"end":{"line":321,"column":79}},"148":{"start":{"line":324,"column":20},"end":{"line":328,"column":5}},"149":{"start":{"line":330,"column":4},"end":{"line":336,"column":7}},"150":{"start":{"line":338,"column":4},"end":{"line":338,"column":75}},"151":{"start":{"line":343,"column":0},"end":{"line":377,"column":2}},"152":{"start":{"line":344,"column":2},"end":{"line":376,"column":3}},"153":{"start":{"line":345,"column":80},"end":{"line":345,"column":88}},"154":{"start":{"line":346,"column":19},"end":{"line":346,"column":24}},"155":{"start":{"line":349,"column":4},"end":{"line":351,"column":5}},"156":{"start":{"line":350,"column":6},"end":{"line":350,"column":76}},"157":{"start":{"line":353,"column":20},"end":{"line":361,"column":5}},"158":{"start":{"line":363,"column":20},"end":{"line":367,"column":5}},"159":{"start":{"line":369,"column":22},"end":{"line":369,"column":79}},"160":{"start":{"line":370,"column":4},"end":{"line":373,"column":7}},"161":{"start":{"line":375,"column":4},"end":{"line":375,"column":75}},"162":{"start":{"line":380,"column":0},"end":{"line":440,"column":2}},"163":{"start":{"line":381,"column":2},"end":{"line":439,"column":3}},"164":{"start":{"line":382,"column":19},"end":{"line":382,"column":29}},"165":{"start":{"line":384,"column":4},"end":{"line":386,"column":5}},"166":{"start":{"line":385,"column":6},"end":{"line":385,"column":72}},"167":{"start":{"line":388,"column":80},"end":{"line":388,"column":88}},"168":{"start":{"line":391,"column":20},"end":{"line":391,"column":43}},"169":{"start":{"line":392,"column":4},"end":{"line":394,"column":5}},"170":{"start":{"line":393,"column":6},"end":{"line":393,"column":68}},"171":{"start":{"line":397,"column":22},"end":{"line":399,"column":5}},"172":{"start":{"line":398,"column":16},"end":{"line":398,"column":54}},"173":{"start":{"line":401,"column":4},"end":{"line":403,"column":5}},"174":{"start":{"line":402,"column":6},"end":{"line":402,"column":68}},"175":{"start":{"line":405,"column":24},"end":{"line":405,"column":57}},"176":{"start":{"line":406,"column":19},"end":{"line":406,"column":45}},"177":{"start":{"line":409,"column":4},"end":{"line":416,"column":5}},"178":{"start":{"line":410,"column":6},"end":{"line":410,"column":76}},"179":{"start":{"line":413,"column":6},"end":{"line":415,"column":7}},"180":{"start":{"line":414,"column":8},"end":{"line":414,"column":54}},"181":{"start":{"line":419,"column":25},"end":{"line":419,"column":27}},"182":{"start":{"line":420,"column":4},"end":{"line":420,"column":96}},"183":{"start":{"line":420,"column":32},"end":{"line":420,"column":96}},"184":{"start":{"line":421,"column":4},"end":{"line":421,"column":96}},"185":{"start":{"line":421,"column":32},"end":{"line":421,"column":96}},"186":{"start":{"line":422,"column":4},"end":{"line":422,"column":114}},"187":{"start":{"line":422,"column":38},"end":{"line":422,"column":114}},"188":{"start":{"line":423,"column":4},"end":{"line":423,"column":114}},"189":{"start":{"line":423,"column":38},"end":{"line":423,"column":114}},"190":{"start":{"line":424,"column":4},"end":{"line":424,"column":93}},"191":{"start":{"line":424,"column":32},"end":{"line":424,"column":93}},"192":{"start":{"line":425,"column":4},"end":{"line":425,"column":84}},"193":{"start":{"line":425,"column":28},"end":{"line":425,"column":84}},"194":{"start":{"line":427,"column":20},"end":{"line":431,"column":5}},"195":{"start":{"line":433,"column":4},"end":{"line":436,"column":7}},"196":{"start":{"line":438,"column":4},"end":{"line":438,"column":75}},"197":{"start":{"line":443,"column":0},"end":{"line":487,"column":2}},"198":{"start":{"line":444,"column":2},"end":{"line":486,"column":3}},"199":{"start":{"line":445,"column":19},"end":{"line":445,"column":29}},"200":{"start":{"line":447,"column":4},"end":{"line":449,"column":5}},"201":{"start":{"line":448,"column":6},"end":{"line":448,"column":72}},"202":{"start":{"line":452,"column":20},"end":{"line":452,"column":43}},"203":{"start":{"line":453,"column":4},"end":{"line":455,"column":5}},"204":{"start":{"line":454,"column":6},"end":{"line":454,"column":68}},"205":{"start":{"line":458,"column":22},"end":{"line":460,"column":5}},"206":{"start":{"line":459,"column":16},"end":{"line":459,"column":54}},"207":{"start":{"line":462,"column":4},"end":{"line":464,"column":5}},"208":{"start":{"line":463,"column":6},"end":{"line":463,"column":68}},"209":{"start":{"line":466,"column":25},"end":{"line":466,"column":58}},"210":{"start":{"line":469,"column":4},"end":{"line":471,"column":5}},"211":{"start":{"line":470,"column":6},"end":{"line":470,"column":53}},"212":{"start":{"line":474,"column":20},"end":{"line":478,"column":5}},"213":{"start":{"line":480,"column":4},"end":{"line":483,"column":7}},"214":{"start":{"line":485,"column":4},"end":{"line":485,"column":75}},"215":{"start":{"line":490,"column":0},"end":{"line":561,"column":2}},"216":{"start":{"line":491,"column":2},"end":{"line":560,"column":3}},"217":{"start":{"line":492,"column":68},"end":{"line":492,"column":76}},"218":{"start":{"line":495,"column":22},"end":{"line":495,"column":27}},"219":{"start":{"line":496,"column":4},"end":{"line":502,"column":5}},"220":{"start":{"line":497,"column":6},"end":{"line":501,"column":7}},"221":{"start":{"line":498,"column":8},"end":{"line":498,"column":40}},"222":{"start":{"line":500,"column":8},"end":{"line":500,"column":25}},"223":{"start":{"line":506,"column":4},"end":{"line":538,"column":5}},"224":{"start":{"line":508,"column":23},"end":{"line":508,"column":25}},"225":{"start":{"line":511,"column":6},"end":{"line":522,"column":7}},"226":{"start":{"line":512,"column":8},"end":{"line":514,"column":11}},"227":{"start":{"line":513,"column":10},"end":{"line":513,"column":42}},"228":{"start":{"line":517,"column":8},"end":{"line":521,"column":11}},"229":{"start":{"line":518,"column":10},"end":{"line":520,"column":11}},"230":{"start":{"line":519,"column":12},"end":{"line":519,"column":58}},"231":{"start":{"line":525,"column":6},"end":{"line":537,"column":7}},"232":{"start":{"line":525,"column":19},"end":{"line":525,"column":20}},"233":{"start":{"line":526,"column":27},"end":{"line":526,"column":39}},"234":{"start":{"line":527,"column":8},"end":{"line":536,"column":9}},"235":{"start":{"line":528,"column":27},"end":{"line":528,"column":97}},"236":{"start":{"line":531,"column":10},"end":{"line":533,"column":11}},"237":{"start":{"line":532,"column":12},"end":{"line":532,"column":61}},"238":{"start":{"line":535,"column":10},"end":{"line":535,"column":42}},"239":{"start":{"line":540,"column":25},"end":{"line":546,"column":5}},"240":{"start":{"line":548,"column":20},"end":{"line":552,"column":5}},"241":{"start":{"line":554,"column":4},"end":{"line":557,"column":7}},"242":{"start":{"line":559,"column":4},"end":{"line":559,"column":75}},"243":{"start":{"line":564,"column":0},"end":{"line":588,"column":2}},"244":{"start":{"line":565,"column":2},"end":{"line":587,"column":3}},"245":{"start":{"line":566,"column":61},"end":{"line":566,"column":69}},"246":{"start":{"line":568,"column":25},"end":{"line":573,"column":5}},"247":{"start":{"line":575,"column":20},"end":{"line":579,"column":5}},"248":{"start":{"line":581,"column":4},"end":{"line":584,"column":7}},"249":{"start":{"line":586,"column":4},"end":{"line":586,"column":75}},"250":{"start":{"line":591,"column":0},"end":{"line":623,"column":2}},"251":{"start":{"line":592,"column":2},"end":{"line":622,"column":3}},"252":{"start":{"line":593,"column":55},"end":{"line":593,"column":63}},"253":{"start":{"line":594,"column":18},"end":{"line":594,"column":22}},"254":{"start":{"line":596,"column":4},"end":{"line":598,"column":5}},"255":{"start":{"line":597,"column":6},"end":{"line":597,"column":75}},"256":{"start":{"line":600,"column":20},"end":{"line":607,"column":5}},"257":{"start":{"line":609,"column":20},"end":{"line":613,"column":5}},"258":{"start":{"line":615,"column":22},"end":{"line":615,"column":79}},"259":{"start":{"line":616,"column":4},"end":{"line":619,"column":7}},"260":{"start":{"line":621,"column":4},"end":{"line":621,"column":75}},"261":{"start":{"line":626,"column":0},"end":{"line":683,"column":2}},"262":{"start":{"line":627,"column":2},"end":{"line":682,"column":3}},"263":{"start":{"line":628,"column":19},"end":{"line":628,"column":29}},"264":{"start":{"line":630,"column":4},"end":{"line":632,"column":5}},"265":{"start":{"line":631,"column":6},"end":{"line":631,"column":71}},"266":{"start":{"line":634,"column":55},"end":{"line":634,"column":63}},"267":{"start":{"line":636,"column":20},"end":{"line":636,"column":43}},"268":{"start":{"line":637,"column":4},"end":{"line":639,"column":5}},"269":{"start":{"line":638,"column":6},"end":{"line":638,"column":67}},"270":{"start":{"line":641,"column":22},"end":{"line":643,"column":5}},"271":{"start":{"line":642,"column":16},"end":{"line":642,"column":54}},"272":{"start":{"line":645,"column":4},"end":{"line":647,"column":5}},"273":{"start":{"line":646,"column":6},"end":{"line":646,"column":67}},"274":{"start":{"line":649,"column":24},"end":{"line":649,"column":57}},"275":{"start":{"line":650,"column":18},"end":{"line":650,"column":42}},"276":{"start":{"line":652,"column":4},"end":{"line":658,"column":5}},"277":{"start":{"line":653,"column":6},"end":{"line":653,"column":75}},"278":{"start":{"line":655,"column":6},"end":{"line":657,"column":7}},"279":{"start":{"line":656,"column":8},"end":{"line":656,"column":53}},"280":{"start":{"line":660,"column":25},"end":{"line":660,"column":27}},"281":{"start":{"line":661,"column":4},"end":{"line":661,"column":93}},"282":{"start":{"line":661,"column":31},"end":{"line":661,"column":93}},"283":{"start":{"line":662,"column":4},"end":{"line":662,"column":93}},"284":{"start":{"line":662,"column":31},"end":{"line":662,"column":93}},"285":{"start":{"line":663,"column":4},"end":{"line":663,"column":90}},"286":{"start":{"line":663,"column":31},"end":{"line":663,"column":90}},"287":{"start":{"line":664,"column":4},"end":{"line":664,"column":84}},"288":{"start":{"line":664,"column":28},"end":{"line":664,"column":84}},"289":{"start":{"line":665,"column":4},"end":{"line":668,"column":5}},"290":{"start":{"line":666,"column":26},"end":{"line":666,"column":88}},"291":{"start":{"line":667,"column":6},"end":{"line":667,"column":73}},"292":{"start":{"line":670,"column":20},"end":{"line":674,"column":5}},"293":{"start":{"line":676,"column":4},"end":{"line":679,"column":7}},"294":{"start":{"line":681,"column":4},"end":{"line":681,"column":75}},"295":{"start":{"line":686,"column":0},"end":{"line":721,"column":2}},"296":{"start":{"line":687,"column":2},"end":{"line":720,"column":3}},"297":{"start":{"line":688,"column":19},"end":{"line":688,"column":29}},"298":{"start":{"line":690,"column":4},"end":{"line":692,"column":5}},"299":{"start":{"line":691,"column":6},"end":{"line":691,"column":71}},"300":{"start":{"line":694,"column":20},"end":{"line":694,"column":43}},"301":{"start":{"line":695,"column":4},"end":{"line":697,"column":5}},"302":{"start":{"line":696,"column":6},"end":{"line":696,"column":67}},"303":{"start":{"line":699,"column":17},"end":{"line":699,"column":103}},"304":{"start":{"line":699,"column":58},"end":{"line":699,"column":102}},"305":{"start":{"line":700,"column":4},"end":{"line":702,"column":5}},"306":{"start":{"line":701,"column":6},"end":{"line":701,"column":67}},"307":{"start":{"line":704,"column":4},"end":{"line":706,"column":5}},"308":{"start":{"line":705,"column":6},"end":{"line":705,"column":44}},"309":{"start":{"line":708,"column":20},"end":{"line":712,"column":5}},"310":{"start":{"line":714,"column":4},"end":{"line":717,"column":7}},"311":{"start":{"line":719,"column":4},"end":{"line":719,"column":75}},"312":{"start":{"line":724,"column":0},"end":{"line":749,"column":2}},"313":{"start":{"line":725,"column":2},"end":{"line":748,"column":3}},"314":{"start":{"line":726,"column":68},"end":{"line":726,"column":76}},"315":{"start":{"line":728,"column":25},"end":{"line":734,"column":5}},"316":{"start":{"line":736,"column":20},"end":{"line":740,"column":5}},"317":{"start":{"line":742,"column":4},"end":{"line":745,"column":7}},"318":{"start":{"line":747,"column":4},"end":{"line":747,"column":75}},"319":{"start":{"line":752,"column":0},"end":{"line":799,"column":2}},"320":{"start":{"line":753,"column":2},"end":{"line":798,"column":3}},"321":{"start":{"line":754,"column":68},"end":{"line":754,"column":76}},"322":{"start":{"line":755,"column":22},"end":{"line":755,"column":27}},"323":{"start":{"line":756,"column":4},"end":{"line":762,"column":5}},"324":{"start":{"line":757,"column":6},"end":{"line":761,"column":7}},"325":{"start":{"line":758,"column":8},"end":{"line":758,"column":46}},"326":{"start":{"line":760,"column":8},"end":{"line":760,"column":25}},"327":{"start":{"line":764,"column":28},"end":{"line":776,"column":10}},"328":{"start":{"line":765,"column":35},"end":{"line":775,"column":9}},"329":{"start":{"line":778,"column":25},"end":{"line":784,"column":5}},"330":{"start":{"line":786,"column":20},"end":{"line":790,"column":5}},"331":{"start":{"line":792,"column":4},"end":{"line":795,"column":7}},"332":{"start":{"line":797,"column":4},"end":{"line":797,"column":75}},"333":{"start":{"line":802,"column":0},"end":{"line":831,"column":2}},"334":{"start":{"line":803,"column":2},"end":{"line":830,"column":3}},"335":{"start":{"line":804,"column":83},"end":{"line":804,"column":91}},"336":{"start":{"line":806,"column":20},"end":{"line":815,"column":5}},"337":{"start":{"line":817,"column":20},"end":{"line":821,"column":5}},"338":{"start":{"line":823,"column":22},"end":{"line":823,"column":71}},"339":{"start":{"line":824,"column":4},"end":{"line":827,"column":7}},"340":{"start":{"line":829,"column":4},"end":{"line":829,"column":75}},"341":{"start":{"line":834,"column":0},"end":{"line":878,"column":2}},"342":{"start":{"line":835,"column":2},"end":{"line":877,"column":3}},"343":{"start":{"line":836,"column":19},"end":{"line":836,"column":29}},"344":{"start":{"line":838,"column":4},"end":{"line":840,"column":5}},"345":{"start":{"line":839,"column":6},"end":{"line":839,"column":72}},"346":{"start":{"line":842,"column":83},"end":{"line":842,"column":91}},"347":{"start":{"line":844,"column":20},"end":{"line":844,"column":43}},"348":{"start":{"line":845,"column":4},"end":{"line":847,"column":5}},"349":{"start":{"line":846,"column":6},"end":{"line":846,"column":69}},"350":{"start":{"line":849,"column":22},"end":{"line":849,"column":100}},"351":{"start":{"line":849,"column":61},"end":{"line":849,"column":99}},"352":{"start":{"line":850,"column":4},"end":{"line":852,"column":5}},"353":{"start":{"line":851,"column":6},"end":{"line":851,"column":69}},"354":{"start":{"line":854,"column":25},"end":{"line":854,"column":27}},"355":{"start":{"line":855,"column":4},"end":{"line":855,"column":92}},"356":{"start":{"line":855,"column":32},"end":{"line":855,"column":92}},"357":{"start":{"line":856,"column":4},"end":{"line":856,"column":92}},"358":{"start":{"line":856,"column":32},"end":{"line":856,"column":92}},"359":{"start":{"line":857,"column":4},"end":{"line":857,"column":110}},"360":{"start":{"line":857,"column":38},"end":{"line":857,"column":110}},"361":{"start":{"line":858,"column":4},"end":{"line":858,"column":110}},"362":{"start":{"line":858,"column":38},"end":{"line":858,"column":110}},"363":{"start":{"line":859,"column":4},"end":{"line":859,"column":80}},"364":{"start":{"line":859,"column":28},"end":{"line":859,"column":80}},"365":{"start":{"line":860,"column":4},"end":{"line":863,"column":5}},"366":{"start":{"line":861,"column":6},"end":{"line":862,"column":71}},"367":{"start":{"line":865,"column":20},"end":{"line":869,"column":5}},"368":{"start":{"line":871,"column":4},"end":{"line":874,"column":7}},"369":{"start":{"line":876,"column":4},"end":{"line":876,"column":75}},"370":{"start":{"line":881,"column":0},"end":{"line":906,"column":2}},"371":{"start":{"line":882,"column":2},"end":{"line":905,"column":3}},"372":{"start":{"line":883,"column":19},"end":{"line":883,"column":29}},"373":{"start":{"line":885,"column":4},"end":{"line":887,"column":5}},"374":{"start":{"line":886,"column":6},"end":{"line":886,"column":72}},"375":{"start":{"line":889,"column":20},"end":{"line":893,"column":5}},"376":{"start":{"line":895,"column":4},"end":{"line":897,"column":5}},"377":{"start":{"line":896,"column":6},"end":{"line":896,"column":69}},"378":{"start":{"line":899,"column":4},"end":{"line":902,"column":7}},"379":{"start":{"line":904,"column":4},"end":{"line":904,"column":75}},"380":{"start":{"line":909,"column":0},"end":{"line":920,"column":2}},"381":{"start":{"line":910,"column":101},"end":{"line":910,"column":109}},"382":{"start":{"line":911,"column":2},"end":{"line":919,"column":10}},"383":{"start":{"line":923,"column":0},"end":{"line":950,"column":2}},"384":{"start":{"line":924,"column":2},"end":{"line":949,"column":3}},"385":{"start":{"line":925,"column":99},"end":{"line":925,"column":107}},"386":{"start":{"line":927,"column":25},"end":{"line":935,"column":5}},"387":{"start":{"line":937,"column":20},"end":{"line":941,"column":5}},"388":{"start":{"line":943,"column":4},"end":{"line":946,"column":7}},"389":{"start":{"line":948,"column":4},"end":{"line":948,"column":75}},"390":{"start":{"line":953,"column":0},"end":{"line":969,"column":2}},"391":{"start":{"line":954,"column":2},"end":{"line":968,"column":3}},"392":{"start":{"line":955,"column":4},"end":{"line":957,"column":5}},"393":{"start":{"line":956,"column":6},"end":{"line":956,"column":69}},"394":{"start":{"line":959,"column":19},"end":{"line":959,"column":44}},"395":{"start":{"line":960,"column":21},"end":{"line":960,"column":70}},"396":{"start":{"line":962,"column":4},"end":{"line":965,"column":7}},"397":{"start":{"line":967,"column":4},"end":{"line":967,"column":79}},"398":{"start":{"line":971,"column":0},"end":{"line":1006,"column":2}},"399":{"start":{"line":972,"column":2},"end":{"line":1005,"column":3}},"400":{"start":{"line":973,"column":19},"end":{"line":973,"column":29}},"401":{"start":{"line":975,"column":4},"end":{"line":977,"column":5}},"402":{"start":{"line":976,"column":6},"end":{"line":976,"column":71}},"403":{"start":{"line":979,"column":20},"end":{"line":979,"column":43}},"404":{"start":{"line":980,"column":4},"end":{"line":982,"column":5}},"405":{"start":{"line":981,"column":6},"end":{"line":981,"column":67}},"406":{"start":{"line":984,"column":17},"end":{"line":984,"column":103}},"407":{"start":{"line":984,"column":58},"end":{"line":984,"column":102}},"408":{"start":{"line":985,"column":4},"end":{"line":987,"column":5}},"409":{"start":{"line":986,"column":6},"end":{"line":986,"column":67}},"410":{"start":{"line":989,"column":4},"end":{"line":991,"column":5}},"411":{"start":{"line":990,"column":6},"end":{"line":990,"column":44}},"412":{"start":{"line":993,"column":20},"end":{"line":997,"column":5}},"413":{"start":{"line":999,"column":4},"end":{"line":1002,"column":7}},"414":{"start":{"line":1004,"column":4},"end":{"line":1004,"column":75}},"415":{"start":{"line":1009,"column":0},"end":{"line":1034,"column":2}},"416":{"start":{"line":1010,"column":2},"end":{"line":1033,"column":3}},"417":{"start":{"line":1011,"column":68},"end":{"line":1011,"column":76}},"418":{"start":{"line":1013,"column":25},"end":{"line":1019,"column":5}},"419":{"start":{"line":1021,"column":20},"end":{"line":1025,"column":5}},"420":{"start":{"line":1027,"column":4},"end":{"line":1030,"column":7}},"421":{"start":{"line":1032,"column":4},"end":{"line":1032,"column":75}},"422":{"start":{"line":1037,"column":0},"end":{"line":1076,"column":2}},"423":{"start":{"line":1038,"column":2},"end":{"line":1075,"column":3}},"424":{"start":{"line":1039,"column":68},"end":{"line":1039,"column":76}},"425":{"start":{"line":1041,"column":28},"end":{"line":1053,"column":10}},"426":{"start":{"line":1042,"column":29},"end":{"line":1052,"column":9}},"427":{"start":{"line":1055,"column":25},"end":{"line":1061,"column":5}},"428":{"start":{"line":1063,"column":20},"end":{"line":1067,"column":5}},"429":{"start":{"line":1069,"column":4},"end":{"line":1072,"column":7}},"430":{"start":{"line":1074,"column":4},"end":{"line":1074,"column":75}},"431":{"start":{"line":1079,"column":0},"end":{"line":1107,"column":2}},"432":{"start":{"line":1080,"column":2},"end":{"line":1106,"column":3}},"433":{"start":{"line":1081,"column":83},"end":{"line":1081,"column":91}},"434":{"start":{"line":1083,"column":20},"end":{"line":1091,"column":5}},"435":{"start":{"line":1093,"column":20},"end":{"line":1097,"column":5}},"436":{"start":{"line":1099,"column":22},"end":{"line":1099,"column":71}},"437":{"start":{"line":1100,"column":4},"end":{"line":1103,"column":7}},"438":{"start":{"line":1105,"column":4},"end":{"line":1105,"column":75}},"439":{"start":{"line":1110,"column":0},"end":{"line":1154,"column":2}},"440":{"start":{"line":1111,"column":2},"end":{"line":1153,"column":3}},"441":{"start":{"line":1112,"column":19},"end":{"line":1112,"column":29}},"442":{"start":{"line":1114,"column":4},"end":{"line":1116,"column":5}},"443":{"start":{"line":1115,"column":6},"end":{"line":1115,"column":72}},"444":{"start":{"line":1118,"column":83},"end":{"line":1118,"column":91}},"445":{"start":{"line":1120,"column":20},"end":{"line":1120,"column":43}},"446":{"start":{"line":1121,"column":4},"end":{"line":1123,"column":5}},"447":{"start":{"line":1122,"column":6},"end":{"line":1122,"column":69}},"448":{"start":{"line":1125,"column":22},"end":{"line":1125,"column":100}},"449":{"start":{"line":1125,"column":61},"end":{"line":1125,"column":99}},"450":{"start":{"line":1126,"column":4},"end":{"line":1128,"column":5}},"451":{"start":{"line":1127,"column":6},"end":{"line":1127,"column":69}},"452":{"start":{"line":1130,"column":25},"end":{"line":1130,"column":27}},"453":{"start":{"line":1131,"column":4},"end":{"line":1131,"column":92}},"454":{"start":{"line":1131,"column":32},"end":{"line":1131,"column":92}},"455":{"start":{"line":1132,"column":4},"end":{"line":1132,"column":92}},"456":{"start":{"line":1132,"column":32},"end":{"line":1132,"column":92}},"457":{"start":{"line":1133,"column":4},"end":{"line":1133,"column":110}},"458":{"start":{"line":1133,"column":38},"end":{"line":1133,"column":110}},"459":{"start":{"line":1134,"column":4},"end":{"line":1134,"column":110}},"460":{"start":{"line":1134,"column":38},"end":{"line":1134,"column":110}},"461":{"start":{"line":1135,"column":4},"end":{"line":1135,"column":80}},"462":{"start":{"line":1135,"column":28},"end":{"line":1135,"column":80}},"463":{"start":{"line":1136,"column":4},"end":{"line":1139,"column":5}},"464":{"start":{"line":1137,"column":6},"end":{"line":1138,"column":71}},"465":{"start":{"line":1141,"column":20},"end":{"line":1145,"column":5}},"466":{"start":{"line":1147,"column":4},"end":{"line":1150,"column":7}},"467":{"start":{"line":1152,"column":4},"end":{"line":1152,"column":75}},"468":{"start":{"line":1157,"column":0},"end":{"line":1182,"column":2}},"469":{"start":{"line":1158,"column":2},"end":{"line":1181,"column":3}},"470":{"start":{"line":1159,"column":19},"end":{"line":1159,"column":29}},"471":{"start":{"line":1161,"column":4},"end":{"line":1163,"column":5}},"472":{"start":{"line":1162,"column":6},"end":{"line":1162,"column":72}},"473":{"start":{"line":1165,"column":20},"end":{"line":1169,"column":5}},"474":{"start":{"line":1171,"column":4},"end":{"line":1173,"column":5}},"475":{"start":{"line":1172,"column":6},"end":{"line":1172,"column":69}},"476":{"start":{"line":1175,"column":4},"end":{"line":1178,"column":7}},"477":{"start":{"line":1180,"column":4},"end":{"line":1180,"column":75}},"478":{"start":{"line":1185,"column":0},"end":{"line":1196,"column":2}},"479":{"start":{"line":1186,"column":101},"end":{"line":1186,"column":109}},"480":{"start":{"line":1187,"column":2},"end":{"line":1195,"column":10}},"481":{"start":{"line":1199,"column":0},"end":{"line":1226,"column":2}},"482":{"start":{"line":1200,"column":2},"end":{"line":1225,"column":3}},"483":{"start":{"line":1201,"column":99},"end":{"line":1201,"column":107}},"484":{"start":{"line":1203,"column":25},"end":{"line":1211,"column":5}},"485":{"start":{"line":1213,"column":20},"end":{"line":1217,"column":5}},"486":{"start":{"line":1219,"column":4},"end":{"line":1222,"column":7}},"487":{"start":{"line":1224,"column":4},"end":{"line":1224,"column":75}},"488":{"start":{"line":1229,"column":0},"end":{"line":1245,"column":2}},"489":{"start":{"line":1230,"column":2},"end":{"line":1244,"column":3}},"490":{"start":{"line":1231,"column":4},"end":{"line":1233,"column":5}},"491":{"start":{"line":1232,"column":6},"end":{"line":1232,"column":69}},"492":{"start":{"line":1235,"column":19},"end":{"line":1235,"column":44}},"493":{"start":{"line":1236,"column":21},"end":{"line":1236,"column":70}},"494":{"start":{"line":1238,"column":4},"end":{"line":1241,"column":7}},"495":{"start":{"line":1243,"column":4},"en
[...]
,"D:\\HIXA-Backend\\Hixa-back\\routes\\contentRoutes.js": {"path":"D:\\HIXA-Backend\\Hixa-back\\routes\\contentRoutes.js","statementMap":{"0":{"start":{"line":1,"column":16},"end":{"line":1,"column":34}},"1":{"start":{"line":2,"column":15},"end":{"line":2,"column":31}},"2":{"start":{"line":21,"column":4},"end":{"line":21,"column":47}},"3":{"start":{"line":23,"column":32},"end":{"line":23,"column":61}},"4":{"start":{"line":35,"column":4},"end":{"line":35,"column":37}},"5":{"start":{"line":37,"column":39},"end":{"line":37,"column":70}},"6":{"start":{"line":40,"column":0},"end":{"line":40,"column":28}},"7":{"start":{"line":43,"column":0},"end":{"line":43,"column":76}},"8":{"start":{"line":44,"column":0},"end":{"line":44,"column":79}},"9":{"start":{"line":47,"column":0},"end":{"line":47,"column":37}},"10":{"start":{"line":48,"column":0},"end":{"line":48,"column":44}},"11":{"start":{"line":49,"column":0},"end":{"line":49,"column":94}},"12":{"start":{"line":50,"column":0},"end":{"line":50,"column":124}},"13":{"start":{"line":51,"column":0},"end":{"line":51,"column":136}},"14":{"start":{"line":54,"column":0},"end":{"line":58,"column":37}},"15":{"start":{"line":55,"column":17},"end":{"line":55,"column":19}},"16":{"start":{"line":56,"column":2},"end":{"line":56,"column":80}},"17":{"start":{"line":56,"column":15},"end":{"line":56,"column":16}},"18":{"start":{"line":56,"column":31},"end":{"line":56,"column":80}},"19":{"start":{"line":57,"column":2},"end":{"line":57,"column":39}},"20":{"start":{"line":61,"column":0},"end":{"line":61,"column":121}},"21":{"start":{"line":62,"column":0},"end":{"line":62,"column":127}},"22":{"start":{"line":63,"column":0},"end":{"line":63,"column":86}},"23":{"start":{"line":65,"column":0},"end":{"line":65,"column":88}},"24":{"start":{"line":66,"column":0},"end":{"line":66,"column":73}},"25":{"start":{"line":67,"column":0},"end":{"line":67,"column":82}},"26":{"start":{"line":70,"column":0},"end":{"line":70,"column":89}},"27":{"start":{"line":72,"column":0},"end":{"line":72,"column":24}}},"fnMap":{"0":{"name":"(anonymous_0)","decl":{"start":{"line":54,"column":54},"end":{"line":54,"column":55}},"loc":{"start":{"line":54,"column":74},"end":{"line":58,"column":1}},"line":54}},"branchMap":{},"s":{"0":0,"1":0,"2":0,"3":0,"4":0,"5":0,"6":0,"7":0,"8":0,"9":0,"10":0,"11":0,"12":0,"13":0,"14":0,"15":0,"16":0,"17":0,"18":0,"19":0,"20":0,"21":0,"22":0,"23":0,"24":0,"25":0,"26":0,"27":0},"f":{"0":0},"b":{}}
,"D:\\HIXA-Backend\\Hixa-back\\routes\\messageRoutes.js": {"path":"D:\\HIXA-Backend\\Hixa-back\\routes\\messageRoutes.js","statementMap":{"0":{"start":{"line":1,"column":16},"end":{"line":1,"column":34}},"1":{"start":{"line":2,"column":15},"end":{"line":2,"column":31}},"2":{"start":{"line":3,"column":21},"end":{"line":3,"column":53}},"3":{"start":{"line":4,"column":31},"end":{"line":4,"column":59}},"4":{"start":{"line":6,"column":26},"end":{"line":6,"column":69}},"5":{"start":{"line":7,"column":20},"end":{"line":7,"column":49}},"6":{"start":{"line":8,"column":21},"end":{"line":8,"column":54}},"7":{"start":{"line":9,"column":27},"end":{"line":9,"column":58}},"8":{"start":{"line":12,"column":0},"end":{"line":15,"column":3}},"9":{"start":{"line":13,"column":2},"end":{"line":13,"column":88}},"10":{"start":{"line":14,"column":2},"end":{"line":14,"column":9}},"11":{"start":{"line":17,"column":0},"end":{"line":17,"column":20}},"12":{"start":{"line":25,"column":4},"end":{"line":25,"column":37}},"13":{"start":{"line":28,"column":0},"end":{"line":41,"column":2}},"14":{"start":{"line":33,"column":4},"end":{"line":33,"column":56}},"15":{"start":{"line":34,"column":4},"end":{"line":34,"column":38}},"16":{"start":{"line":35,"column":4},"end":{"line":35,"column":116}},"17":{"start":{"line":35,"column":61},"end":{"line":35,"column":99}},"18":{"start":{"line":36,"column":4},"end":{"line":36,"column":65}},"19":{"start":{"line":37,"column":4},"end":{"line":37,"column":11}},"20":{"start":{"line":44,"column":0},"end":{"line":61,"column":2}},"21":{"start":{"line":47,"column":4},"end":{"line":47,"column":69}},"22":{"start":{"line":48,"column":4},"end":{"line":48,"column":55}},"23":{"start":{"line":49,"column":20},"end":{"line":49,"column":81}},"24":{"start":{"line":50,"column":4},"end":{"line":50,"column":49}},"25":{"start":{"line":53,"column":4},"end":{"line":56,"column":5}},"26":{"start":{"line":54,"column":6},"end":{"line":54,"column":47}},"27":{"start":{"line":55,"column":6},"end":{"line":55,"column":71}},"28":{"start":{"line":58,"column":4},"end":{"line":58,"column":11}},"29":{"start":{"line":64,"column":0},"end":{"line":68,"column":2}},"30":{"start":{"line":71,"column":0},"end":{"line":71,"column":84}},"31":{"start":{"line":74,"column":0},"end":{"line":84,"column":2}},"32":{"start":{"line":87,"column":0},"end":{"line":91,"column":2}},"33":{"start":{"line":94,"column":0},"end":{"line":98,"column":2}},"34":{"start":{"line":101,"column":0},"end":{"line":105,"column":2}},"35":{"start":{"line":107,"column":0},"end":{"line":107,"column":24}}},"fnMap":{"0":{"name":"(anonymous_0)","decl":{"start":{"line":12,"column":11},"end":{"line":12,"column":12}},"loc":{"start":{"line":12,"column":31},"end":{"line":15,"column":1}},"line":12},"1":{"name":"(anonymous_1)","decl":{"start":{"line":31,"column":2},"end":{"line":31,"column":3}},"loc":{"start":{"line":31,"column":22},"end":{"line":38,"column":3}},"line":31},"2":{"name":"(anonymous_2)","decl":{"start":{"line":35,"column":55},"end":{"line":35,"column":56}},"loc":{"start":{"line":35,"column":61},"end":{"line":35,"column":99}},"line":35},"3":{"name":"(anonymous_3)","decl":{"start":{"line":46,"column":2},"end":{"line":46,"column":3}},"loc":{"start":{"line":46,"column":22},"end":{"line":59,"column":3}},"line":46}},"branchMap":{"0":{"loc":{"start":{"line":35,"column":29},"end":{"line":35,"column":114}},"type":"cond-expr","locations":[{"start":{"line":35,"column":41},"end":{"line":35,"column":101}},{"start":{"line":35,"column":104},"end":{"line":35,"column":114}}],"line":35},"1":{"loc":{"start":{"line":53,"column":4},"end":{"line":56,"column":5}},"type":"if","locations":[{"start":{"line":53,"column":4},"end":{"line":56,"column":5}},{"start":{},"end":{}}],"line":53}},"s":{"0":0,"1":0,"2":0,"3":0,"4":0,"5":0,"6":0,"7":0,"8":0,"9":0,"10":0,"11":0,"12":0,"13":0,"14":0,"15":0,"16":0,"17":0,"18":0,"19":0,"20":0,"21":0,"22":0,"23":0,"24":0,"25":0,"26":0,"27":0,"28":0,"29":0,"30":0,"31":0,"32":0,"33":0,"34":0,"35":0},"f":{"0":0,"1":0,"2":0,"3":0},"b":{"0":[0,0],"1":[0,0]}}
,"D:\\HIXA-Backend\\Hixa-back\\routes\\notificationRoutes.js": {"path":"D:\\HIXA-Backend\\Hixa-back\\routes\\notificationRoutes.js","statementMap":{"0":{"start":{"line":1,"column":16},"end":{"line":1,"column":34}},"1":{"start":{"line":2,"column":15},"end":{"line":2,"column":31}},"2":{"start":{"line":12,"column":4},"end":{"line":12,"column":52}},"3":{"start":{"line":14,"column":20},"end":{"line":14,"column":49}},"4":{"start":{"line":17,"column":0},"end":{"line":17,"column":20}},"5":{"start":{"line":20,"column":0},"end":{"line":20,"column":34}},"6":{"start":{"line":23,"column":0},"end":{"line":23,"column":44}},"7":{"start":{"line":26,"column":0},"end":{"line":26,"column":40}},"8":{"start":{"line":29,"column":0},"end":{"line":29,"column":38}},"9":{"start":{"line":32,"column":0},"end":{"line":32,"column":41}},"10":{"start":{"line":35,"column":0},"end":{"line":35,"column":42}},"11":{"start":{"line":38,"column":0},"end":{"line":38,"column":42}},"12":{"start":{"line":40,"column":0},"end":{"line":40,"column":24}}},"fnMap":{},"branchMap":{},"s":{"0":0,"1":0,"2":0,"3":0,"4":0,"5":0,"6":0,"7":0,"8":0,"9":0,"10":0,"11":0,"12":0},"f":{},"b":{}}
,"D:\\HIXA-Backend\\Hixa-back\\routes\\portfolioRoutes.js": {"path":"D:\\HIXA-Backend\\Hixa-back\\routes\\portfolioRoutes.js","statementMap":{"0":{"start":{"line":1,"column":16},"end":{"line":1,"column":34}},"1":{"start":{"line":2,"column":15},"end":{"line":2,"column":31}},"2":{"start":{"line":3,"column":32},"end":{"line":3,"column":61}},"3":{"start":{"line":4,"column":45},"end":{"line":4,"column":78}},"4":{"start":{"line":5,"column":25},"end":{"line":5,"column":56}},"5":{"start":{"line":14,"column":4},"end":{"line":14,"column":49}},"6":{"start":{"line":17,"column":24},"end":{"line":17,"column":66}},"7":{"start":{"line":20,"column":0},"end":{"line":29,"column":2}},"8":{"start":{"line":32,"column":0},"end":{"line":32,"column":35}},"9":{"start":{"line":35,"column":0},"end":{"line":35,"column":54}},"10":{"start":{"line":38,"column":0},"end":{"line":38,"column":44}},"11":{"start":{"line":41,"column":0},"end":{"line":41,"column":41}},"12":{"start":{"line":44,"column":0},"end":{"line":53,"column":2}},"13":{"start":{"line":56,"column":0},"end":{"line":56,"column":54}},"14":{"start":{"line":58,"column":0},"end":{"line":58,"column":24}}},"fnMap":{},"branchMap":{},"s":{"0":0,"1":0,"2":0,"3":0,"4":0,"5":0,"6":0,"7":0,"8":0,"9":0,"10":0,"11":0,"12":0,"13":0,"14":0},"f":{},"b":{}}
,"D:\\HIXA-Backend\\Hixa-back\\routes\\projectRoomRoutes.js": {"path":"D:\\HIXA-Backend\\Hixa-back\\routes\\projectRoomRoutes.js","statementMap":{"0":{"start":{"line":1,"column":16},"end":{"line":1,"column":34}},"1":{"start":{"line":2,"column":15},"end":{"line":2,"column":31}},"2":{"start":{"line":12,"column":4},"end":{"line":12,"column":51}},"3":{"start":{"line":16,"column":4},"end":{"line":16,"column":48}},"4":{"start":{"line":18,"column":32},"end":{"line":18,"column":61}},"5":{"start":{"line":20,"column":0},"end":{"line":20,"column":20}},"6":{"start":{"line":23,"column":0},"end":{"line":28,"column":3}},"7":{"start":{"line":24,"column":2},"end":{"line":26,"column":3}},"8":{"start":{"line":25,"column":4},"end":{"line":25,"column":86}},"9":{"start":{"line":27,"column":2},"end":{"line":27,"column":9}},"10":{"start":{"line":30,"column":0},"end":{"line":30,"column":73}},"11":{"start":{"line":31,"column":0},"end":{"line":31,"column":33}},"12":{"start":{"line":32,"column":0},"end":{"line":32,"column":61}},"13":{"start":{"line":34,"column":0},"end":{"line":37,"column":30}},"14":{"start":{"line":35,"column":2},"end":{"line":35,"column":88}},"15":{"start":{"line":36,"column":2},"end":{"line":36,"column":9}},"16":{"start":{"line":38,"column":0},"end":{"line":38,"column":63}},"17":{"start":{"line":39,"column":0},"end":{"line":39,"column":43}},"18":{"start":{"line":40,"column":0},"end":{"line":40,"column":70}},"19":{"start":{"line":41,"column":0},"end":{"line":41,"column":72}},"20":{"start":{"line":43,"column":0},"end":{"line":43,"column":24}}},"fnMap":{"0":{"name":"(anonymous_0)","decl":{"start":{"line":23,"column":11},"end":{"line":23,"column":12}},"loc":{"start":{"line":23,"column":31},"end":{"line":28,"column":1}},"line":23},"1":{"name":"(anonymous_1)","decl":{"start":{"line":34,"column":34},"end":{"line":34,"column":35}},"loc":{"start":{"line":34,"column":54},"end":{"line":37,"column":1}},"line":34}},"branchMap":{"0":{"loc":{"start":{"line":24,"column":2},"end":{"line":26,"column":3}},"type":"if","locations":[{"start":{"line":24,"column":2},"end":{"line":26,"column":3}},{"start":{},"end":{}}],"line":24}},"s":{"0":0,"1":0,"2":0,"3":0,"4":0,"5":0,"6":0,"7":0,"8":0,"9":0,"10":0,"11":0,"12":0,"13":0,"14":0,"15":0,"16":0,"17":0,"18":0,"19":0,"20":0},"f":{"0":0,"1":0},"b":{"0":[0,0]}}
,"D:\\HIXA-Backend\\Hixa-back\\routes\\projectRoutes.js": {"path":"D:\\HIXA-Backend\\Hixa-back\\routes\\projectRoutes.js","statementMap":{"0":{"start":{"line":1,"column":16},"end":{"line":1,"column":34}},"1":{"start":{"line":2,"column":15},"end":{"line":2,"column":31}},"2":{"start":{"line":21,"column":4},"end":{"line":21,"column":47}},"3":{"start":{"line":23,"column":32},"end":{"line":23,"column":61}},"4":{"start":{"line":24,"column":72},"end":{"line":24,"column":105}},"5":{"start":{"line":25,"column":29},"end":{"line":25,"column":60}},"6":{"start":{"line":28,"column":0},"end":{"line":28,"column":20}},"7":{"start":{"line":31,"column":0},"end":{"line":31,"column":48}},"8":{"start":{"line":34,"column":0},"end":{"line":34,"column":64}},"9":{"start":{"line":37,"column":0},"end":{"line":37,"column":29}},"10":{"start":{"line":38,"column":0},"end":{"line":38,"column":35}},"11":{"start":{"line":41,"column":0},"end":{"line":41,"column":71}},"12":{"start":{"line":44,"column":0},"end":{"line":44,"column":57}},"13":{"start":{"line":45,"column":0},"end":{"line":45,"column":37}},"14":{"start":{"line":46,"column":0},"end":{"line":46,"column":67}},"15":{"start":{"line":47,"column":0},"end":{"line":47,"column":48}},"16":{"start":{"line":50,"column":0},"end":{"line":50,"column":76}},"17":{"start":{"line":51,"column":0},"end":{"line":51,"column":66}},"18":{"start":{"line":54,"column":0},"end":{"line":54,"column":66}},"19":{"start":{"line":55,"column":0},"end":{"line":55,"column":64}},"20":{"start":{"line":58,"column":0},"end":{"line":58,"column":63}},"21":{"start":{"line":59,"column":0},"end":{"line":59,"column":42}},"22":{"start":{"line":60,"column":0},"end":{"line":60,"column":55}},"23":{"start":{"line":62,"column":0},"end":{"line":62,"column":24}}},"fnMap":{},"branchMap":{},"s":{"0":0,"1":0,"2":0,"3":0,"4":0,"5":0,"6":0,"7":0,"8":0,"9":0,"10":0,"11":0,"12":0,"13":0,"14":0,"15":0,"16":0,"17":0,"18":0,"19":0,"20":0,"21":0,"22":0,"23":0},"f":{},"b":{}}
,"D:\\HIXA-Backend\\Hixa-back\\routes\\proposalRoutes.js": {"path":"D:\\HIXA-Backend\\Hixa-back\\routes\\proposalRoutes.js","statementMap":{"0":{"start":{"line":1,"column":16},"end":{"line":1,"column":34}},"1":{"start":{"line":2,"column":15},"end":{"line":2,"column":31}},"2":{"start":{"line":11,"column":4},"end":{"line":11,"column":48}},"3":{"start":{"line":13,"column":32},"end":{"line":13,"column":61}},"4":{"start":{"line":18,"column":4},"end":{"line":18,"column":37}},"5":{"start":{"line":21,"column":31},"end":{"line":24,"column":1}},"6":{"start":{"line":22,"column":2},"end":{"line":22,"column":70}},"7":{"start":{"line":22,"column":28},"end":{"line":22,"column":70}},"8":{"start":{"line":23,"column":2},"end":{"line":23,"column":9}},"9":{"start":{"line":26,"column":0},"end":{"line":26,"column":20}},"10":{"start":{"line":29,"column":0},"end":{"line":35,"column":2}},"11":{"start":{"line":36,"column":0},"end":{"line":36,"column":81}},"12":{"start":{"line":37,"column":0},"end":{"line":37,"column":58}},"13":{"start":{"line":40,"column":0},"end":{"line":40,"column":57}},"14":{"start":{"line":43,"column":0},"end":{"line":43,"column":92}},"15":{"start":{"line":44,"column":0},"end":{"line":44,"column":99}},"16":{"start":{"line":47,"column":0},"end":{"line":47,"column":71}},"17":{"start":{"line":49,"column":0},"end":{"line":49,"column":24}}},"fnMap":{"0":{"name":"(anonymous_0)","decl":{"start":{"line":21,"column":31},"end":{"line":21,"column":32}},"loc":{"start":{"line":21,"column":51},"end":{"line":24,"column":1}},"line":21}},"branchMap":{"0":{"loc":{"start":{"line":22,"column":2},"end":{"line":22,"column":70}},"type":"if","locations":[{"start":{"line":22,"column":2},"end":{"line":22,"column":70}},{"start":{},"end":{}}],"line":22}},"s":{"0":0,"1":0,"2":0,"3":0,"4":0,"5":0,"6":0,"7":0,"8":0,"9":0,"10":0,"11":0,"12":0,"13":0,"14":0,"15":0,"16":0,"17":0},"f":{"0":0},"b":{"0":[0,0]}}
,"D:\\HIXA-Backend\\Hixa-back\\routes\\serviceOrderRoutes.js": {"path":"D:\\HIXA-Backend\\Hixa-back\\routes\\serviceOrderRoutes.js","statementMap":{"0":{"start":{"line":1,"column":16},"end":{"line":1,"column":34}},"1":{"start":{"line":2,"column":15},"end":{"line":2,"column":31}},"2":{"start":{"line":10,"column":4},"end":{"line":10,"column":52}},"3":{"start":{"line":12,"column":32},"end":{"line":12,"column":61}},"4":{"start":{"line":13,"column":67},"end":{"line":13,"column":100}},"5":{"start":{"line":16,"column":0},"end":{"line":16,"column":65}},"6":{"start":{"line":19,"column":0},"end":{"line":19,"column":41}},"7":{"start":{"line":20,"column":0},"end":{"line":20,"column":34}},"8":{"start":{"line":21,"column":0},"end":{"line":21,"column":40}},"9":{"start":{"line":22,"column":0},"end":{"line":22,"column":67}},"10":{"start":{"line":23,"column":0},"end":{"line":23,"column":42}},"11":{"start":{"line":25,"column":0},"end":{"line":25,"column":24}}},"fnMap":{},"branchMap":{},"s":{"0":0,"1":0,"2":0,"3":0,"4":0,"5":0,"6":0,"7":0,"8":0,"9":0,"10":0,"11":0},"f":{},"b":{}}
,"D:\\HIXA-Backend\\Hixa-back\\routes\\subscriberRoutes.js": {"path":"D:\\HIXA-Backend\\Hixa-back\\routes\\subscriberRoutes.js","statementMap":{"0":{"start":{"line":1,"column":16},"end":{"line":1,"column":34}},"1":{"start":{"line":2,"column":15},"end":{"line":2,"column":31}},"2":{"start":{"line":13,"column":4},"end":{"line":13,"column":50}},"3":{"start":{"line":15,"column":32},"end":{"line":15,"column":61}},"4":{"start":{"line":16,"column":56},"end":{"line":16,"column":89}},"5":{"start":{"line":19,"column":0},"end":{"line":19,"column":56}},"6":{"start":{"line":20,"column":0},"end":{"line":20,"column":41}},"7":{"start":{"line":23,"column":0},"end":{"line":23,"column":62}},"8":{"start":{"line":24,"column":0},"end":{"line":24,"column":71}},"9":{"start":{"line":25,"column":0},"end":{"line":25,"column":71}},"10":{"start":{"line":26,"column":0},"end":{"line":26,"column":68}},"11":{"start":{"line":27,"column":0},"end":{"line":27,"column":93}},"12":{"start":{"line":28,"column":0},"end":{"line":28,"column":70}},"13":{"start":{"line":30,"column":0},"end":{"line":30,"column":24}}},"fnMap":{},"branchMap":{},"s":{"0":0,"1":0,"2":0,"3":0,"4":0,"5":0,"6":0,"7":0,"8":0,"9":0,"10":0,"11":0,"12":0,"13":0},"f":{},"b":{}}
,"D:\\HIXA-Backend\\Hixa-back\\routes\\userRoutes.js": {"path":"D:\\HIXA-Backend\\Hixa-back\\routes\\userRoutes.js","statementMap":{"0":{"start":{"line":1,"column":16},"end":{"line":1,"column":34}},"1":{"start":{"line":2,"column":15},"end":{"line":2,"column":31}},"2":{"start":{"line":15,"column":4},"end":{"line":15,"column":44}},"3":{"start":{"line":17,"column":32},"end":{"line":17,"column":61}},"4":{"start":{"line":23,"column":4},"end":{"line":23,"column":37}},"5":{"start":{"line":24,"column":25},"end":{"line":24,"column":56}},"6":{"start":{"line":27,"column":0},"end":{"line":27,"column":39}},"7":{"start":{"line":28,"column":0},"end":{"line":28,"column":89}},"8":{"start":{"line":29,"column":0},"end":{"line":29,"column":83}},"9":{"start":{"line":32,"column":0},"end":{"line":32,"column":56}},"10":{"start":{"line":33,"column":0},"end":{"line":33,"column":79}},"11":{"start":{"line":34,"column":0},"end":{"line":34,"column":62}},"12":{"start":{"line":35,"column":0},"end":{"line":35,"column":81}},"13":{"start":{"line":36,"column":0},"end":{"line":36,"column":64}},"14":{"start":{"line":37,"column":0},"end":{"line":37,"column":75}},"15":{"start":{"line":38,"column":0},"end":{"line":38,"column":91}},"16":{"start":{"line":40,"column":0},"end":{"line":40,"column":24}}},"fnMap":{},"branchMap":{},"s":{"0":0,"1":0,"2":0,"3":0,"4":0,"5":0,"6":0,"7":0,"8":0,"9":0,"10":0,"11":0,"12":0,"13":0,"14":0,"15":0,"16":0},"f":{},"b":{}}
}
