TN:
SF:controllers\authController.js
FN:4,(anonymous_0)
FN:13,(anonymous_1)
FN:39,(anonymous_2)
FN:84,(anonymous_3)
FN:132,(anonymous_4)
FN:169,(anonymous_5)
FNF:6
FNH:0
FNDA:0,(anonymous_0)
FNDA:0,(anonymous_1)
FNDA:0,(anonymous_2)
FNDA:0,(anonymous_3)
FNDA:0,(anonymous_4)
FNDA:0,(anonymous_5)
DA:1,0
DA:2,0
DA:4,0
DA:5,0
DA:13,0
DA:14,0
DA:15,0
DA:17,0
DA:18,0
DA:21,0
DA:28,0
DA:29,0
DA:30,0
DA:32,0
DA:34,0
DA:39,0
DA:40,0
DA:41,0
DA:43,0
DA:44,0
DA:47,0
DA:56,0
DA:57,0
DA:58,0
DA:61,0
DA:62,0
DA:63,0
DA:65,0
DA:76,0
DA:77,0
DA:79,0
DA:84,0
DA:85,0
DA:86,0
DA:88,0
DA:89,0
DA:93,0
DA:94,0
DA:97,0
DA:106,0
DA:107,0
DA:108,0
DA:110,0
DA:123,0
DA:124,0
DA:125,0
DA:127,0
DA:132,0
DA:133,0
DA:134,0
DA:136,0
DA:137,0
DA:140,0
DA:147,0
DA:148,0
DA:149,0
DA:151,0
DA:162,0
DA:163,0
DA:165,0
DA:169,0
DA:170,0
DA:171,0
DA:173,0
DA:174,0
DA:175,0
DA:178,0
DA:181,0
DA:182,0
DA:188,0
DA:189,0
DA:191,0
DA:193,0
DA:197,0
LF:74
LH:0
BRDA:8,0,0,0
BRDA:8,0,1,0
BRDA:17,1,0,0
BRDA:17,1,1,0
BRDA:24,2,0,0
BRDA:24,2,1,0
BRDA:25,3,0,0
BRDA:25,3,1,0
BRDA:25,4,0,0
BRDA:25,4,1,0
BRDA:43,5,0,0
BRDA:43,5,1,0
BRDA:56,6,0,0
BRDA:56,6,1,0
BRDA:76,7,0,0
BRDA:76,7,1,0
BRDA:88,8,0,0
BRDA:88,8,1,0
BRDA:93,9,0,0
BRDA:93,9,1,0
BRDA:93,10,0,0
BRDA:93,10,1,0
BRDA:102,11,0,0
BRDA:102,11,1,0
BRDA:103,12,0,0
BRDA:103,12,1,0
BRDA:123,13,0,0
BRDA:123,13,1,0
BRDA:124,14,0,0
BRDA:124,14,1,0
BRDA:136,15,0,0
BRDA:136,15,1,0
BRDA:162,16,0,0
BRDA:162,16,1,0
BRDA:174,17,0,0
BRDA:174,17,1,0
BRDA:174,18,0,0
BRDA:174,18,1,0
BRDA:178,19,0,0
BRDA:178,19,1,0
BRDA:181,20,0,0
BRDA:181,20,1,0
BRDA:181,21,0,0
BRDA:181,21,1,0
BRDA:181,22,0,0
BRDA:181,22,1,0
BRF:46
BRH:0
end_of_record
TN:
SF:controllers\chatRoomController.js
FN:14,(anonymous_0)
FN:86,(anonymous_1)
FN:103,(anonymous_2)
FN:126,(anonymous_3)
FN:147,(anonymous_4)
FN:156,(anonymous_5)
FN:173,(anonymous_6)
FN:176,(anonymous_7)
FN:185,(anonymous_8)
FN:201,(anonymous_9)
FN:226,(anonymous_10)
FN:255,(anonymous_11)
FN:284,(anonymous_12)
FN:312,(anonymous_13)
FN:337,(anonymous_14)
FN:369,(anonymous_15)
FN:385,(anonymous_16)
FN:403,(anonymous_17)
FN:415,(anonymous_18)
FN:437,(anonymous_19)
FN:449,(anonymous_20)
FN:468,(anonymous_21)
FNF:22
FNH:0
FNDA:0,(anonymous_0)
FNDA:0,(anonymous_1)
FNDA:0,(anonymous_2)
FNDA:0,(anonymous_3)
FNDA:0,(anonymous_4)
FNDA:0,(anonymous_5)
FNDA:0,(anonymous_6)
FNDA:0,(anonymous_7)
FNDA:0,(anonymous_8)
FNDA:0,(anonymous_9)
FNDA:0,(anonymous_10)
FNDA:0,(anonymous_11)
FNDA:0,(anonymous_12)
FNDA:0,(anonymous_13)
FNDA:0,(anonymous_14)
FNDA:0,(anonymous_15)
FNDA:0,(anonymous_16)
FNDA:0,(anonymous_17)
FNDA:0,(anonymous_18)
FNDA:0,(anonymous_19)
FNDA:0,(anonymous_20)
FNDA:0,(anonymous_21)
DA:1,0
DA:2,0
DA:3,0
DA:4,0
DA:5,0
DA:6,0
DA:11,0
DA:14,0
DA:15,0
DA:16,0
DA:17,0
DA:18,0
DA:19,0
DA:22,0
DA:23,0
DA:24,0
DA:28,0
DA:29,0
DA:30,0
DA:31,0
DA:33,0
DA:35,0
DA:39,0
DA:40,0
DA:45,0
DA:48,0
DA:50,0
DA:55,0
DA:58,0
DA:67,0
DA:74,0
DA:76,0
DA:78,0
DA:79,0
DA:81,0
DA:86,0
DA:87,0
DA:88,0
DA:89,0
DA:90,0
DA:92,0
DA:97,0
DA:98,0
DA:102,0
DA:103,0
DA:106,0
DA:108,0
DA:109,0
DA:114,0
DA:116,0
DA:118,0
DA:119,0
DA:121,0
DA:126,0
DA:127,0
DA:128,0
DA:129,0
DA:130,0
DA:132,0
DA:135,0
DA:136,0
DA:145,0
DA:146,0
DA:147,0
DA:149,0
DA:154,0
DA:155,0
DA:156,0
DA:158,0
DA:162,0
DA:170,0
DA:171,0
DA:172,0
DA:173,0
DA:175,0
DA:176,0
DA:177,0
DA:179,0
DA:180,0
DA:185,0
DA:186,0
DA:187,0
DA:188,0
DA:192,0
DA:194,0
DA:196,0
DA:201,0
DA:202,0
DA:203,0
DA:205,0
DA:213,0
DA:218,0
DA:219,0
DA:221,0
DA:226,0
DA:227,0
DA:228,0
DA:229,0
DA:230,0
DA:232,0
DA:233,0
DA:234,0
DA:238,0
DA:239,0
DA:242,0
DA:243,0
DA:245,0
DA:250,0
DA:255,0
DA:256,0
DA:257,0
DA:258,0
DA:259,0
DA:261,0
DA:262,0
DA:263,0
DA:267,0
DA:268,0
DA:271,0
DA:272,0
DA:274,0
DA:279,0
DA:284,0
DA:285,0
DA:286,0
DA:287,0
DA:289,0
DA:290,0
DA:291,0
DA:295,0
DA:296,0
DA:300,0
DA:301,0
DA:303,0
DA:307,0
DA:312,0
DA:313,0
DA:314,0
DA:315,0
DA:316,0
DA:318,0
DA:319,0
DA:322,0
DA:323,0
DA:326,0
DA:327,0
DA:330,0
DA:331,0
DA:332,0
DA:336,0
DA:337,0
DA:340,0
DA:341,0
DA:345,0
DA:351,0
DA:353,0
DA:356,0
DA:361,0
DA:362,0
DA:364,0
DA:369,0
DA:370,0
DA:371,0
DA:372,0
DA:374,0
DA:375,0
DA:378,0
DA:379,0
DA:380,0
DA:384,0
DA:385,0
DA:388,0
DA:390,0
DA:393,0
DA:398,0
DA:403,0
DA:404,0
DA:405,0
DA:406,0
DA:408,0
DA:409,0
DA:410,0
DA:414,0
DA:415,0
DA:418,0
DA:419,0
DA:422,0
DA:423,0
DA:425,0
DA:432,0
DA:437,0
DA:438,0
DA:439,0
DA:440,0
DA:442,0
DA:443,0
DA:444,0
DA:448,0
DA:449,0
DA:452,0
DA:453,0
DA:457,0
DA:459,0
DA:463,0
DA:468,0
DA:469,0
DA:470,0
DA:472,0
DA:473,0
DA:476,0
DA:485,0
DA:498,0
DA:502,0
LF:213
LH:0
BRDA:23,0,0,0
BRDA:23,0,1,0
BRDA:28,1,0,0
BRDA:28,1,1,0
BRDA:30,2,0,0
BRDA:30,2,1,0
BRDA:30,3,0,0
BRDA:30,3,1,0
BRDA:33,4,0,0
BRDA:33,4,1,0
BRDA:39,5,0,0
BRDA:39,5,1,0
BRDA:48,6,0,0
BRDA:48,6,1,0
BRDA:55,7,0,0
BRDA:55,7,1,0
BRDA:78,8,0,0
BRDA:78,8,1,0
BRDA:97,9,0,0
BRDA:97,9,1,0
BRDA:106,10,0,0
BRDA:106,10,1,0
BRDA:108,11,0,0
BRDA:108,11,1,0
BRDA:118,12,0,0
BRDA:118,12,1,0
BRDA:135,13,0,0
BRDA:135,13,1,0
BRDA:145,14,0,0
BRDA:145,14,1,0
BRDA:145,15,0,0
BRDA:145,15,1,0
BRDA:146,16,0,0
BRDA:146,16,1,0
BRDA:154,17,0,0
BRDA:154,17,1,0
BRDA:154,18,0,0
BRDA:154,18,1,0
BRDA:154,18,2,0
BRDA:155,19,0,0
BRDA:155,19,1,0
BRDA:171,20,0,0
BRDA:171,20,1,0
BRDA:177,21,0,0
BRDA:177,21,1,0
BRDA:180,22,0,0
BRDA:180,22,1,0
BRDA:180,22,2,0
BRDA:186,23,0,0
BRDA:186,23,1,0
BRDA:187,24,0,0
BRDA:187,24,1,0
BRDA:209,25,0,0
BRDA:209,25,1,0
BRDA:218,26,0,0
BRDA:218,26,1,0
BRDA:233,27,0,0
BRDA:233,27,1,0
BRDA:238,28,0,0
BRDA:238,28,1,0
BRDA:262,29,0,0
BRDA:262,29,1,0
BRDA:267,30,0,0
BRDA:267,30,1,0
BRDA:290,31,0,0
BRDA:290,31,1,0
BRDA:295,32,0,0
BRDA:295,32,1,0
BRDA:318,33,0,0
BRDA:318,33,1,0
BRDA:322,34,0,0
BRDA:322,34,1,0
BRDA:322,35,0,0
BRDA:322,35,1,0
BRDA:326,36,0,0
BRDA:326,36,1,0
BRDA:331,37,0,0
BRDA:331,37,1,0
BRDA:340,38,0,0
BRDA:340,38,1,0
BRDA:361,39,0,0
BRDA:361,39,1,0
BRDA:374,40,0,0
BRDA:374,40,1,0
BRDA:379,41,0,0
BRDA:379,41,1,0
BRDA:409,42,0,0
BRDA:409,42,1,0
BRDA:418,43,0,0
BRDA:418,43,1,0
BRDA:418,44,0,0
BRDA:418,44,1,0
BRDA:443,45,0,0
BRDA:443,45,1,0
BRDA:452,46,0,0
BRDA:452,46,1,0
BRDA:452,47,0,0
BRDA:452,47,1,0
BRDA:472,48,0,0
BRDA:472,48,1,0
BRF:100
BRH:0
end_of_record
TN:
SF:controllers\contentController.js
FN:6,(anonymous_0)
FN:9,(anonymous_1)
FN:29,(anonymous_2)
FN:34,(anonymous_3)
FN:38,(anonymous_4)
FN:53,(anonymous_5)
FN:55,(anonymous_6)
FN:57,(anonymous_7)
FN:77,(anonymous_8)
FN:87,(anonymous_9)
FN:108,(anonymous_10)
FN:114,(anonymous_11)
FN:142,(anonymous_12)
FN:159,(anonymous_13)
FN:190,(anonymous_14)
FN:232,(anonymous_15)
FN:282,(anonymous_16)
FN:343,(anonymous_17)
FN:380,(anonymous_18)
FN:398,(anonymous_19)
FN:443,(anonymous_20)
FN:459,(anonymous_21)
FN:490,(anonymous_22)
FN:512,(anonymous_23)
FN:517,(anonymous_24)
FN:564,(anonymous_25)
FN:591,(anonymous_26)
FN:626,(anonymous_27)
FN:642,(anonymous_28)
FN:686,(anonymous_29)
FN:699,(anonymous_30)
FN:724,(anonymous_31)
FN:752,(anonymous_32)
FN:765,(anonymous_33)
FN:802,(anonymous_34)
FN:834,(anonymous_35)
FN:849,(anonymous_36)
FN:881,(anonymous_37)
FN:909,(anonymous_38)
FN:923,(anonymous_39)
FN:953,(anonymous_40)
FN:971,(anonymous_41)
FN:984,(anonymous_42)
FN:1009,(anonymous_43)
FN:1037,(anonymous_44)
FN:1042,(anonymous_45)
FN:1079,(anonymous_46)
FN:1110,(anonymous_47)
FN:1125,(anonymous_48)
FN:1157,(anonymous_49)
FN:1185,(anonymous_50)
FN:1199,(anonymous_51)
FN:1229,(anonymous_52)
FNF:53
FNH:0
FNDA:0,(anonymous_0)
FNDA:0,(anonymous_1)
FNDA:0,(anonymous_2)
FNDA:0,(anonymous_3)
FNDA:0,(anonymous_4)
FNDA:0,(anonymous_5)
FNDA:0,(anonymous_6)
FNDA:0,(anonymous_7)
FNDA:0,(anonymous_8)
FNDA:0,(anonymous_9)
FNDA:0,(anonymous_10)
FNDA:0,(anonymous_11)
FNDA:0,(anonymous_12)
FNDA:0,(anonymous_13)
FNDA:0,(anonymous_14)
FNDA:0,(anonymous_15)
FNDA:0,(anonymous_16)
FNDA:0,(anonymous_17)
FNDA:0,(anonymous_18)
FNDA:0,(anonymous_19)
FNDA:0,(anonymous_20)
FNDA:0,(anonymous_21)
FNDA:0,(anonymous_22)
FNDA:0,(anonymous_23)
FNDA:0,(anonymous_24)
FNDA:0,(anonymous_25)
FNDA:0,(anonymous_26)
FNDA:0,(anonymous_27)
FNDA:0,(anonymous_28)
FNDA:0,(anonymous_29)
FNDA:0,(anonymous_30)
FNDA:0,(anonymous_31)
FNDA:0,(anonymous_32)
FNDA:0,(anonymous_33)
FNDA:0,(anonymous_34)
FNDA:0,(anonymous_35)
FNDA:0,(anonymous_36)
FNDA:0,(anonymous_37)
FNDA:0,(anonymous_38)
FNDA:0,(anonymous_39)
FNDA:0,(anonymous_40)
FNDA:0,(anonymous_41)
FNDA:0,(anonymous_42)
FNDA:0,(anonymous_43)
FNDA:0,(anonymous_44)
FNDA:0,(anonymous_45)
FNDA:0,(anonymous_46)
FNDA:0,(anonymous_47)
FNDA:0,(anonymous_48)
FNDA:0,(anonymous_49)
FNDA:0,(anonymous_50)
FNDA:0,(anonymous_51)
FNDA:0,(anonymous_52)
DA:1,0
DA:2,0
DA:3,0
DA:6,0
DA:7,0
DA:8,0
DA:9,0
DA:10,0
DA:13,0
DA:19,0
DA:24,0
DA:29,0
DA:30,0
DA:32,0
DA:34,0
DA:35,0
DA:38,0
DA:39,0
DA:40,0
DA:41,0
DA:43,0
DA:45,0
DA:48,0
DA:53,0
DA:54,0
DA:55,0
DA:56,0
DA:57,0
DA:58,0
DA:59,0
DA:60,0
DA:62,0
DA:63,0
DA:65,0
DA:68,0
DA:73,0
DA:77,0
DA:78,0
DA:79,0
DA:83,0
DA:87,0
DA:88,0
DA:89,0
DA:90,0
DA:92,0
DA:93,0
DA:97,0
DA:98,0
DA:101,0
DA:103,0
DA:108,0
DA:109,0
DA:110,0
DA:114,0
DA:115,0
DA:116,0
DA:118,0
DA:126,0
DA:132,0
DA:137,0
DA:142,0
DA:143,0
DA:144,0
DA:145,0
DA:146,0
DA:149,0
DA:154,0
DA:159,0
DA:160,0
DA:161,0
DA:164,0
DA:165,0
DA:166,0
DA:171,0
DA:172,0
DA:173,0
DA:176,0
DA:177,0
DA:180,0
DA:185,0
DA:190,0
DA:191,0
DA:192,0
DA:193,0
DA:196,0
DA:197,0
DA:198,0
DA:204,0
DA:205,0
DA:206,0
DA:207,0
DA:208,0
DA:209,0
DA:212,0
DA:213,0
DA:216,0
DA:222,0
DA:227,0
DA:232,0
DA:233,0
DA:234,0
DA:235,0
DA:238,0
DA:239,0
DA:240,0
DA:246,0
DA:247,0
DA:248,0
DA:254,0
DA:255,0
DA:256,0
DA:257,0
DA:258,0
DA:259,0
DA:262,0
DA:263,0
DA:266,0
DA:272,0
DA:277,0
DA:282,0
DA:283,0
DA:284,0
DA:287,0
DA:288,0
DA:289,0
DA:295,0
DA:296,0
DA:297,0
DA:302,0
DA:303,0
DA:307,0
DA:308,0
DA:313,0
DA:314,0
DA:316,0
DA:321,0
DA:324,0
DA:330,0
DA:338,0
DA:343,0
DA:344,0
DA:345,0
DA:346,0
DA:349,0
DA:350,0
DA:353,0
DA:363,0
DA:369,0
DA:370,0
DA:375,0
DA:380,0
DA:381,0
DA:382,0
DA:384,0
DA:385,0
DA:388,0
DA:391,0
DA:392,0
DA:393,0
DA:397,0
DA:398,0
DA:401,0
DA:402,0
DA:405,0
DA:406,0
DA:409,0
DA:410,0
DA:413,0
DA:414,0
DA:419,0
DA:420,0
DA:421,0
DA:422,0
DA:423,0
DA:424,0
DA:425,0
DA:427,0
DA:433,0
DA:438,0
DA:443,0
DA:444,0
DA:445,0
DA:447,0
DA:448,0
DA:452,0
DA:453,0
DA:454,0
DA:458,0
DA:459,0
DA:462,0
DA:463,0
DA:466,0
DA:469,0
DA:470,0
DA:474,0
DA:480,0
DA:485,0
DA:490,0
DA:491,0
DA:492,0
DA:495,0
DA:496,0
DA:497,0
DA:498,0
DA:500,0
DA:506,0
DA:508,0
DA:511,0
DA:512,0
DA:513,0
DA:517,0
DA:518,0
DA:519,0
DA:525,0
DA:526,0
DA:527,0
DA:528,0
DA:531,0
DA:532,0
DA:535,0
DA:540,0
DA:548,0
DA:554,0
DA:559,0
DA:564,0
DA:565,0
DA:566,0
DA:568,0
DA:575,0
DA:581,0
DA:586,0
DA:591,0
DA:592,0
DA:593,0
DA:594,0
DA:596,0
DA:597,0
DA:600,0
DA:609,0
DA:615,0
DA:616,0
DA:621,0
DA:626,0
DA:627,0
DA:628,0
DA:630,0
DA:631,0
DA:634,0
DA:636,0
DA:637,0
DA:638,0
DA:641,0
DA:642,0
DA:645,0
DA:646,0
DA:649,0
DA:650,0
DA:652,0
DA:653,0
DA:655,0
DA:656,0
DA:660,0
DA:661,0
DA:662,0
DA:663,0
DA:664,0
DA:665,0
DA:666,0
DA:667,0
DA:670,0
DA:676,0
DA:681,0
DA:686,0
DA:687,0
DA:688,0
DA:690,0
DA:691,0
DA:694,0
DA:695,0
DA:696,0
DA:699,0
DA:700,0
DA:701,0
DA:704,0
DA:705,0
DA:708,0
DA:714,0
DA:719,0
DA:724,0
DA:725,0
DA:726,0
DA:728,0
DA:736,0
DA:742,0
DA:747,0
DA:752,0
DA:753,0
DA:754,0
DA:755,0
DA:756,0
DA:757,0
DA:758,0
DA:760,0
DA:764,0
DA:765,0
DA:778,0
DA:786,0
DA:792,0
DA:797,0
DA:802,0
DA:803,0
DA:804,0
DA:806,0
DA:817,0
DA:823,0
DA:824,0
DA:829,0
DA:834,0
DA:835,0
DA:836,0
DA:838,0
DA:839,0
DA:842,0
DA:844,0
DA:845,0
DA:846,0
DA:849,0
DA:850,0
DA:851,0
DA:854,0
DA:855,0
DA:856,0
DA:857,0
DA:858,0
DA:859,0
DA:860,0
DA:861,0
DA:865,0
DA:871,0
DA:876,0
DA:881,0
DA:882,0
DA:883,0
DA:885,0
DA:886,0
DA:889,0
DA:895,0
DA:896,0
DA:899,0
DA:904,0
DA:909,0
DA:910,0
DA:911,0
DA:923,0
DA:924,0
DA:925,0
DA:927,0
DA:937,0
DA:943,0
DA:948,0
DA:953,0
DA:954,0
DA:955,0
DA:956,0
DA:959,0
DA:960,0
DA:962,0
DA:967,0
DA:971,0
DA:972,0
DA:973,0
DA:975,0
DA:976,0
DA:979,0
DA:980,0
DA:981,0
DA:984,0
DA:985,0
DA:986,0
DA:989,0
DA:990,0
DA:993,0
DA:999,0
DA:1004,0
DA:1009,0
DA:1010,0
DA:1011,0
DA:1013,0
DA:1021,0
DA:1027,0
DA:1032,0
DA:1037,0
DA:1038,0
DA:1039,0
DA:1041,0
DA:1042,0
DA:1055,0
DA:1063,0
DA:1069,0
DA:1074,0
DA:1079,0
DA:1080,0
DA:1081,0
DA:1083,0
DA:1093,0
DA:1099,0
DA:1100,0
DA:1105,0
DA:1110,0
DA:1111,0
DA:1112,0
DA:1114,0
DA:1115,0
DA:1118,0
DA:1120,0
DA:1121,0
DA:1122,0
DA:1125,0
DA:1126,0
DA:1127,0
DA:1130,0
DA:1131,0
DA:1132,0
DA:1133,0
DA:1134,0
DA:1135,0
DA:1136,0
DA:1137,0
DA:1141,0
DA:1147,0
DA:1152,0
DA:1157,0
DA:1158,0
DA:1159,0
DA:1161,0
DA:1162,0
DA:1165,0
DA:1171,0
DA:1172,0
DA:1175,0
DA:1180,0
DA:1185,0
DA:1186,0
DA:1187,0
DA:1199,0
DA:1200,0
DA:1201,0
DA:1203,0
DA:1213,0
DA:1219,0
DA:1224,0
DA:1229,0
DA:1230,0
DA:1231,0
DA:1232,0
DA:1235,0
DA:1236,0
DA:1238,0
DA:1243,0
LF:459
LH:0
BRDA:29,0,0,0
BRDA:30,1,0,0
BRDA:30,1,1,0
BRDA:35,2,0,0
BRDA:35,2,1,0
BRDA:39,3,0,0
BRDA:39,3,1,0
BRDA:39,4,0,0
BRDA:39,4,1,0
BRDA:43,5,0,0
BRDA:43,5,1,0
BRDA:54,6,0,0
BRDA:54,6,1,0
BRDA:58,7,0,0
BRDA:58,7,1,0
BRDA:58,8,0,0
BRDA:58,8,1,0
BRDA:62,9,0,0
BRDA:62,9,1,0
BRDA:78,10,0,0
BRDA:78,10,1,0
BRDA:78,11,0,0
BRDA:78,11,1,0
BRDA:78,11,2,0
BRDA:92,12,0,0
BRDA:92,12,1,0
BRDA:97,13,0,0
BRDA:97,13,1,0
BRDA:97,14,0,0
BRDA:97,14,1,0
BRDA:123,15,0,0
BRDA:123,15,1,0
BRDA:145,16,0,0
BRDA:145,16,1,0
BRDA:145,17,0,0
BRDA:145,17,1,0
BRDA:165,18,0,0
BRDA:165,18,1,0
BRDA:172,19,0,0
BRDA:172,19,1,0
BRDA:172,20,0,0
BRDA:172,20,1,0
BRDA:176,21,0,0
BRDA:176,21,1,0
BRDA:197,22,0,0
BRDA:197,22,1,0
BRDA:205,23,0,0
BRDA:205,23,1,0
BRDA:206,24,0,0
BRDA:206,24,1,0
BRDA:207,25,0,0
BRDA:207,25,1,0
BRDA:208,26,0,0
BRDA:208,26,1,0
BRDA:209,27,0,0
BRDA:209,27,1,0
BRDA:212,28,0,0
BRDA:212,28,1,0
BRDA:239,29,0,0
BRDA:239,29,1,0
BRDA:247,30,0,0
BRDA:247,30,1,0
BRDA:255,31,0,0
BRDA:255,31,1,0
BRDA:256,32,0,0
BRDA:256,32,1,0
BRDA:257,33,0,0
BRDA:257,33,1,0
BRDA:258,34,0,0
BRDA:258,34,1,0
BRDA:259,35,0,0
BRDA:259,35,1,0
BRDA:262,36,0,0
BRDA:262,36,1,0
BRDA:288,37,0,0
BRDA:288,37,1,0
BRDA:296,38,0,0
BRDA:296,38,1,0
BRDA:302,39,0,0
BRDA:302,39,1,0
BRDA:308,40,0,0
BRDA:308,40,1,0
BRDA:308,41,0,0
BRDA:308,41,1,0
BRDA:308,41,2,0
BRDA:308,41,3,0
BRDA:308,41,4,0
BRDA:308,41,5,0
BRDA:308,41,6,0
BRDA:349,42,0,0
BRDA:349,42,1,0
BRDA:355,43,0,0
BRDA:355,43,1,0
BRDA:356,44,0,0
BRDA:356,44,1,0
BRDA:357,45,0,0
BRDA:357,45,1,0
BRDA:358,46,0,0
BRDA:358,46,1,0
BRDA:359,47,0,0
BRDA:359,47,1,0
BRDA:360,48,0,0
BRDA:360,48,1,0
BRDA:384,49,0,0
BRDA:384,49,1,0
BRDA:392,50,0,0
BRDA:392,50,1,0
BRDA:392,51,0,0
BRDA:392,51,1,0
BRDA:392,51,2,0
BRDA:398,52,0,0
BRDA:398,52,1,0
BRDA:401,53,0,0
BRDA:401,53,1,0
BRDA:406,54,0,0
BRDA:406,54,1,0
BRDA:409,55,0,0
BRDA:409,55,1,0
BRDA:413,56,0,0
BRDA:413,56,1,0
BRDA:413,57,0,0
BRDA:413,57,1,0
BRDA:420,58,0,0
BRDA:420,58,1,0
BRDA:421,59,0,0
BRDA:421,59,1,0
BRDA:422,60,0,0
BRDA:422,60,1,0
BRDA:423,61,0,0
BRDA:423,61,1,0
BRDA:424,62,0,0
BRDA:424,62,1,0
BRDA:425,63,0,0
BRDA:425,63,1,0
BRDA:447,64,0,0
BRDA:447,64,1,0
BRDA:453,65,0,0
BRDA:453,65,1,0
BRDA:453,66,0,0
BRDA:453,66,1,0
BRDA:453,66,2,0
BRDA:459,67,0,0
BRDA:459,67,1,0
BRDA:462,68,0,0
BRDA:462,68,1,0
BRDA:469,69,0,0
BRDA:469,69,1,0
BRDA:469,70,0,0
BRDA:469,70,1,0
BRDA:496,71,0,0
BRDA:496,71,1,0
BRDA:506,72,0,0
BRDA:506,72,1,0
BRDA:506,73,0,0
BRDA:506,73,1,0
BRDA:506,73,2,0
BRDA:511,74,0,0
BRDA:511,74,1,0
BRDA:518,75,0,0
BRDA:518,75,1,0
BRDA:518,76,0,0
BRDA:518,76,1,0
BRDA:527,77,0,0
BRDA:527,77,1,0
BRDA:531,78,0,0
BRDA:531,78,1,0
BRDA:531,79,0,0
BRDA:531,79,1,0
BRDA:545,80,0,0
BRDA:545,80,1,0
BRDA:596,81,0,0
BRDA:596,81,1,0
BRDA:602,82,0,0
BRDA:602,82,1,0
BRDA:603,83,0,0
BRDA:603,83,1,0
BRDA:604,84,0,0
BRDA:604,84,1,0
BRDA:605,85,0,0
BRDA:605,85,1,0
BRDA:606,86,0,0
BRDA:606,86,1,0
BRDA:630,87,0,0
BRDA:630,87,1,0
BRDA:637,88,0,0
BRDA:637,88,1,0
BRDA:637,89,0,0
BRDA:637,89,1,0
BRDA:637,89,2,0
BRDA:642,90,0,0
BRDA:642,90,1,0
BRDA:645,91,0,0
BRDA:645,91,1,0
BRDA:650,92,0,0
BRDA:650,92,1,0
BRDA:652,93,0,0
BRDA:652,93,1,0
BRDA:655,94,0,0
BRDA:655,94,1,0
BRDA:655,95,0,0
BRDA:655,95,1,0
BRDA:661,96,0,0
BRDA:661,96,1,0
BRDA:662,97,0,0
BRDA:662,97,1,0
BRDA:663,98,0,0
BRDA:663,98,1,0
BRDA:664,99,0,0
BRDA:664,99,1,0
BRDA:665,100,0,0
BRDA:665,100,1,0
BRDA:666,101,0,0
BRDA:666,101,1,0
BRDA:690,102,0,0
BRDA:690,102,1,0
BRDA:695,103,0,0
BRDA:695,103,1,0
BRDA:695,104,0,0
BRDA:695,104,1,0
BRDA:695,104,2,0
BRDA:699,105,0,0
BRDA:699,105,1,0
BRDA:700,106,0,0
BRDA:700,106,1,0
BRDA:704,107,0,0
BRDA:704,107,1,0
BRDA:704,108,0,0
BRDA:704,108,1,0
BRDA:733,109,0,0
BRDA:733,109,1,0
BRDA:756,110,0,0
BRDA:756,110,1,0
BRDA:764,111,0,0
BRDA:764,111,1,0
BRDA:766,112,0,0
BRDA:766,112,1,0
BRDA:767,113,0,0
BRDA:767,113,1,0
BRDA:768,114,0,0
BRDA:768,114,1,0
BRDA:769,115,0,0
BRDA:769,115,1,0
BRDA:770,116,0,0
BRDA:770,116,1,0
BRDA:772,117,0,0
BRDA:772,117,1,0
BRDA:774,118,0,0
BRDA:774,118,1,0
BRDA:808,119,0,0
BRDA:808,119,1,0
BRDA:809,120,0,0
BRDA:809,120,1,0
BRDA:810,121,0,0
BRDA:810,121,1,0
BRDA:811,122,0,0
BRDA:811,122,1,0
BRDA:812,123,0,0
BRDA:812,123,1,0
BRDA:814,124,0,0
BRDA:814,124,1,0
BRDA:814,125,0,0
BRDA:814,125,1,0
BRDA:838,126,0,0
BRDA:838,126,1,0
BRDA:845,127,0,0
BRDA:845,127,1,0
BRDA:845,128,0,0
BRDA:845,128,1,0
BRDA:845,128,2,0
BRDA:849,129,0,0
BRDA:849,129,1,0
BRDA:850,130,0,0
BRDA:850,130,1,0
BRDA:855,131,0,0
BRDA:855,131,1,0
BRDA:856,132,0,0
BRDA:856,132,1,0
BRDA:857,133,0,0
BRDA:857,133,1,0
BRDA:858,134,0,0
BRDA:858,134,1,0
BRDA:859,135,0,0
BRDA:859,135,1,0
BRDA:860,136,0,0
BRDA:860,136,1,0
BRDA:862,137,0,0
BRDA:862,137,1,0
BRDA:885,138,0,0
BRDA:885,138,1,0
BRDA:895,139,0,0
BRDA:895,139,1,0
BRDA:932,140,0,0
BRDA:932,140,1,0
BRDA:933,141,0,0
BRDA:933,141,1,0
BRDA:934,142,0,0
BRDA:934,142,1,0
BRDA:955,143,0,0
BRDA:955,143,1,0
BRDA:959,144,0,0
BRDA:959,144,1,0
BRDA:975,145,0,0
BRDA:975,145,1,0
BRDA:980,146,0,0
BRDA:980,146,1,0
BRDA:980,147,0,0
BRDA:980,147,1,0
BRDA:980,147,2,0
BRDA:984,148,0,0
BRDA:984,148,1,0
BRDA:985,149,0,0
BRDA:985,149,1,0
BRDA:989,150,0,0
BRDA:989,150,1,0
BRDA:989,151,0,0
BRDA:989,151,1,0
BRDA:1018,152,0,0
BRDA:1018,152,1,0
BRDA:1041,153,0,0
BRDA:1041,153,1,0
BRDA:1043,154,0,0
BRDA:1043,154,1,0
BRDA:1044,155,0,0
BRDA:1044,155,1,0
BRDA:1045,156,0,0
BRDA:1045,156,1,0
BRDA:1046,157,0,0
BRDA:1046,157,1,0
BRDA:1047,158,0,0
BRDA:1047,158,1,0
BRDA:1049,159,0,0
BRDA:1049,159,1,0
BRDA:1051,160,0,0
BRDA:1051,160,1,0
BRDA:1085,161,0,0
BRDA:1085,161,1,0
BRDA:1086,162,0,0
BRDA:1086,162,1,0
BRDA:1087,163,0,0
BRDA:1087,163,1,0
BRDA:1088,164,0,0
BRDA:1088,164,1,0
BRDA:1089,165,0,0
BRDA:1089,165,1,0
BRDA:1090,166,0,0
BRDA:1090,166,1,0
BRDA:1114,167,0,0
BRDA:1114,167,1,0
BRDA:1121,168,0,0
BRDA:1121,168,1,0
BRDA:1121,169,0,0
BRDA:1121,169,1,0
BRDA:1121,169,2,0
BRDA:1125,170,0,0
BRDA:1125,170,1,0
BRDA:1126,171,0,0
BRDA:1126,171,1,0
BRDA:1131,172,0,0
BRDA:1131,172,1,0
BRDA:1132,173,0,0
BRDA:1132,173,1,0
BRDA:1133,174,0,0
BRDA:1133,174,1,0
BRDA:1134,175,0,0
BRDA:1134,175,1,0
BRDA:1135,176,0,0
BRDA:1135,176,1,0
BRDA:1136,177,0,0
BRDA:1136,177,1,0
BRDA:1138,178,0,0
BRDA:1138,178,1,0
BRDA:1161,179,0,0
BRDA:1161,179,1,0
BRDA:1171,180,0,0
BRDA:1171,180,1,0
BRDA:1208,181,0,0
BRDA:1208,181,1,0
BRDA:1209,182,0,0
BRDA:1209,182,1,0
BRDA:1210,183,0,0
BRDA:1210,183,1,0
BRDA:1231,184,0,0
BRDA:1231,184,1,0
BRDA:1235,185,0,0
BRDA:1235,185,1,0
BRF:385
BRH:0
end_of_record
TN:
SF:controllers\messageController.js
FN:13,(anonymous_0)
FN:53,(anonymous_1)
FN:64,(anonymous_2)
FN:137,(anonymous_3)
FN:176,(anonymous_4)
FN:258,(anonymous_5)
FN:259,(anonymous_6)
FN:278,(anonymous_7)
FN:299,(anonymous_8)
FN:316,(anonymous_9)
FN:343,(anonymous_10)
FN:355,(anonymous_11)
FN:364,(anonymous_12)
FN:415,(anonymous_13)
FN:416,(anonymous_14)
FN:422,(anonymous_15)
FN:463,(anonymous_16)
FN:480,(anonymous_17)
FN:489,(anonymous_18)
FN:514,(anonymous_19)
FN:528,(anonymous_20)
FN:563,(anonymous_21)
FN:615,(anonymous_22)
FN:657,(anonymous_23)
FN:675,(anonymous_24)
FN:684,(anonymous_25)
FN:722,(anonymous_26)
FN:734,(anonymous_27)
FNF:28
FNH:0
FNDA:0,(anonymous_0)
FNDA:0,(anonymous_1)
FNDA:0,(anonymous_2)
FNDA:0,(anonymous_3)
FNDA:0,(anonymous_4)
FNDA:0,(anonymous_5)
FNDA:0,(anonymous_6)
FNDA:0,(anonymous_7)
FNDA:0,(anonymous_8)
FNDA:0,(anonymous_9)
FNDA:0,(anonymous_10)
FNDA:0,(anonymous_11)
FNDA:0,(anonymous_12)
FNDA:0,(anonymous_13)
FNDA:0,(anonymous_14)
FNDA:0,(anonymous_15)
FNDA:0,(anonymous_16)
FNDA:0,(anonymous_17)
FNDA:0,(anonymous_18)
FNDA:0,(anonymous_19)
FNDA:0,(anonymous_20)
FNDA:0,(anonymous_21)
FNDA:0,(anonymous_22)
FNDA:0,(anonymous_23)
FNDA:0,(anonymous_24)
FNDA:0,(anonymous_25)
FNDA:0,(anonymous_26)
FNDA:0,(anonymous_27)
DA:1,0
DA:2,0
DA:3,0
DA:4,0
DA:5,0
DA:6,0
DA:7,0
DA:8,0
DA:9,0
DA:10,0
DA:13,0
DA:14,0
DA:15,0
DA:17,0
DA:19,0
DA:20,0
DA:21,0
DA:22,0
DA:23,0
DA:24,0
DA:26,0
DA:37,0
DA:38,0
DA:42,0
DA:47,0
DA:48,0
DA:49,0
DA:52,0
DA:53,0
DA:56,0
DA:57,0
DA:61,0
DA:62,0
DA:63,0
DA:66,0
DA:71,0
DA:82,0
DA:90,0
DA:91,0
DA:92,0
DA:93,0
DA:97,0
DA:98,0
DA:108,0
DA:109,0
DA:110,0
DA:111,0
DA:113,0
DA:116,0
DA:119,0
DA:122,0
DA:126,0
DA:129,0
DA:137,0
DA:144,0
DA:145,0
DA:147,0
DA:156,0
DA:159,0
DA:161,0
DA:165,0
DA:168,0
DA:176,0
DA:183,0
DA:184,0
DA:185,0
DA:189,0
DA:190,0
DA:191,0
DA:192,0
DA:194,0
DA:197,0
DA:203,0
DA:204,0
DA:207,0
DA:208,0
DA:213,0
DA:216,0
DA:217,0
DA:218,0
DA:219,0
DA:222,0
DA:235,0
DA:236,0
DA:237,0
DA:238,0
DA:239,0
DA:245,0
DA:249,0
DA:251,0
DA:256,0
DA:257,0
DA:258,0
DA:260,0
DA:261,0
DA:273,0
DA:278,0
DA:279,0
DA:282,0
DA:288,0
DA:289,0
DA:294,0
DA:299,0
DA:300,0
DA:301,0
DA:302,0
DA:303,0
DA:306,0
DA:307,0
DA:308,0
DA:309,0
DA:310,0
DA:312,0
DA:315,0
DA:316,0
DA:320,0
DA:321,0
DA:322,0
DA:325,0
DA:326,0
DA:327,0
DA:329,0
DA:330,0
DA:331,0
DA:334,0
DA:338,0
DA:341,0
DA:342,0
DA:343,0
DA:351,0
DA:354,0
DA:355,0
DA:364,0
DA:365,0
DA:367,0
DA:370,0
DA:371,0
DA:374,0
DA:375,0
DA:378,0
DA:380,0
DA:384,0
DA:387,0
DA:390,0
DA:392,0
DA:396,0
DA:399,0
DA:409,0
DA:415,0
DA:416,0
DA:419,0
DA:423,0
DA:425,0
DA:428,0
DA:429,0
DA:430,0
DA:433,0
DA:435,0
DA:443,0
DA:452,0
DA:454,0
DA:455,0
DA:456,0
DA:458,0
DA:463,0
DA:464,0
DA:465,0
DA:466,0
DA:468,0
DA:469,0
DA:470,0
DA:474,0
DA:475,0
DA:476,0
DA:479,0
DA:480,0
DA:483,0
DA:484,0
DA:488,0
DA:489,0
DA:492,0
DA:493,0
DA:497,0
DA:501,0
DA:502,0
DA:504,0
DA:506,0
DA:507,0
DA:509,0
DA:514,0
DA:515,0
DA:516,0
DA:520,0
DA:522,0
DA:523,0
DA:525,0
DA:527,0
DA:528,0
DA:531,0
DA:533,0
DA:543,0
DA:544,0
DA:551,0
DA:558,0
DA:563,0
DA:564,0
DA:565,0
DA:566,0
DA:567,0
DA:569,0
DA:570,0
DA:571,0
DA:575,0
DA:576,0
DA:580,0
DA:581,0
DA:584,0
DA:585,0
DA:586,0
DA:589,0
DA:592,0
DA:593,0
DA:594,0
DA:599,0
DA:602,0
DA:607,0
DA:608,0
DA:610,0
DA:615,0
DA:616,0
DA:617,0
DA:618,0
DA:620,0
DA:621,0
DA:622,0
DA:626,0
DA:627,0
DA:631,0
DA:632,0
DA:633,0
DA:634,0
DA:637,0
DA:638,0
DA:639,0
DA:644,0
DA:647,0
DA:649,0
DA:650,0
DA:652,0
DA:657,0
DA:658,0
DA:659,0
DA:660,0
DA:661,0
DA:663,0
DA:664,0
DA:665,0
DA:669,0
DA:670,0
DA:671,0
DA:674,0
DA:675,0
DA:678,0
DA:679,0
DA:683,0
DA:684,0
DA:687,0
DA:689,0
DA:692,0
DA:695,0
DA:696,0
DA:699,0
DA:700,0
DA:701,0
DA:706,0
DA:709,0
DA:714,0
DA:715,0
DA:717,0
DA:722,0
DA:723,0
DA:724,0
DA:725,0
DA:728,0
DA:729,0
DA:730,0
DA:733,0
DA:734,0
DA:737,0
DA:738,0
DA:741,0
DA:742,0
DA:743,0
DA:745,0
DA:747,0
DA:768,0
DA:778,0
DA:779,0
DA:781,0
DA:785,0
LF:300
LH:0
BRDA:20,0,0,0
BRDA:20,0,1,0
BRDA:21,1,0,0
BRDA:21,1,1,0
BRDA:21,2,0,0
BRDA:21,2,1,0
BRDA:21,3,0,0
BRDA:21,3,1,0
BRDA:22,4,0,0
BRDA:22,4,1,0
BRDA:31,5,0,0
BRDA:31,5,1,0
BRDA:32,6,0,0
BRDA:32,6,1,0
BRDA:37,7,0,0
BRDA:37,7,1,0
BRDA:37,8,0,0
BRDA:37,8,1,0
BRDA:37,8,2,0
BRDA:42,9,0,0
BRDA:42,9,1,0
BRDA:48,10,0,0
BRDA:48,10,1,0
BRDA:56,11,0,0
BRDA:56,11,1,0
BRDA:56,12,0,0
BRDA:56,12,1,0
BRDA:62,13,0,0
BRDA:62,13,1,0
BRDA:62,14,0,0
BRDA:62,14,1,0
BRDA:85,15,0,0
BRDA:85,15,1,0
BRDA:90,16,0,0
BRDA:90,16,1,0
BRDA:92,17,0,0
BRDA:92,17,1,0
BRDA:110,18,0,0
BRDA:110,18,1,0
BRDA:183,19,0,0
BRDA:183,19,1,0
BRDA:190,20,0,0
BRDA:190,20,1,0
BRDA:198,21,0,0
BRDA:198,21,1,0
BRDA:207,22,0,0
BRDA:207,22,1,0
BRDA:242,23,0,0
BRDA:242,23,1,0
BRDA:256,24,0,0
BRDA:256,24,1,0
BRDA:265,25,0,0
BRDA:265,25,1,0
BRDA:308,26,0,0
BRDA:308,26,1,0
BRDA:320,27,0,0
BRDA:320,27,1,0
BRDA:320,28,0,0
BRDA:320,28,1,0
BRDA:325,29,0,0
BRDA:325,29,1,0
BRDA:326,30,0,0
BRDA:326,30,1,0
BRDA:334,31,0,0
BRDA:334,31,1,0
BRDA:449,32,0,0
BRDA:449,32,1,0
BRDA:455,33,0,0
BRDA:455,33,1,0
BRDA:469,34,0,0
BRDA:469,34,1,0
BRDA:475,35,0,0
BRDA:475,35,1,0
BRDA:483,36,0,0
BRDA:483,36,1,0
BRDA:483,37,0,0
BRDA:483,37,1,0
BRDA:492,38,0,0
BRDA:492,38,1,0
BRDA:506,39,0,0
BRDA:506,39,1,0
BRDA:531,40,0,0
BRDA:531,40,1,0
BRDA:538,41,0,0
BRDA:538,41,1,0
BRDA:570,42,0,0
BRDA:570,42,1,0
BRDA:575,43,0,0
BRDA:575,43,1,0
BRDA:575,44,0,0
BRDA:575,44,1,0
BRDA:580,45,0,0
BRDA:580,45,1,0
BRDA:607,46,0,0
BRDA:607,46,1,0
BRDA:621,47,0,0
BRDA:621,47,1,0
BRDA:626,48,0,0
BRDA:626,48,1,0
BRDA:626,49,0,0
BRDA:626,49,1,0
BRDA:649,50,0,0
BRDA:649,50,1,0
BRDA:664,51,0,0
BRDA:664,51,1,0
BRDA:670,52,0,0
BRDA:670,52,1,0
BRDA:678,53,0,0
BRDA:678,53,1,0
BRDA:678,54,0,0
BRDA:678,54,1,0
BRDA:684,55,0,0
BRDA:684,55,1,0
BRDA:687,56,0,0
BRDA:687,56,1,0
BRDA:710,57,0,0
BRDA:710,57,1,0
BRDA:714,58,0,0
BRDA:714,58,1,0
BRDA:729,59,0,0
BRDA:729,59,1,0
BRDA:737,60,0,0
BRDA:737,60,1,0
BRDA:737,61,0,0
BRDA:737,61,1,0
BRDA:741,62,0,0
BRDA:741,62,1,0
BRDA:742,63,0,0
BRDA:742,63,1,0
BRDA:774,64,0,0
BRDA:774,64,1,0
BRDA:778,65,0,0
BRDA:778,65,1,0
BRF:133
BRH:0
end_of_record
TN:
SF:controllers\notificationController.js
FN:6,(anonymous_0)
FN:26,(anonymous_1)
FN:63,(anonymous_2)
FN:83,(anonymous_3)
FN:106,(anonymous_4)
FN:136,(anonymous_5)
FN:162,(anonymous_6)
FN:185,(anonymous_7)
FNF:8
FNH:0
FNDA:0,(anonymous_0)
FNDA:0,(anonymous_1)
FNDA:0,(anonymous_2)
FNDA:0,(anonymous_3)
FNDA:0,(anonymous_4)
FNDA:0,(anonymous_5)
FNDA:0,(anonymous_6)
FNDA:0,(anonymous_7)
DA:1,0
DA:2,0
DA:3,0
DA:6,0
DA:7,0
DA:10,0
DA:11,0
DA:13,0
DA:19,0
DA:22,0
DA:26,0
DA:27,0
DA:28,0
DA:29,0
DA:31,0
DA:32,0
DA:33,0
DA:35,0
DA:36,0
DA:37,0
DA:40,0
DA:48,0
DA:58,0
DA:63,0
DA:64,0
DA:65,0
DA:67,0
DA:72,0
DA:78,0
DA:83,0
DA:84,0
DA:85,0
DA:86,0
DA:88,0
DA:93,0
DA:94,0
DA:97,0
DA:101,0
DA:106,0
DA:107,0
DA:108,0
DA:109,0
DA:111,0
DA:116,0
DA:117,0
DA:120,0
DA:121,0
DA:122,0
DA:123,0
DA:126,0
DA:131,0
DA:136,0
DA:137,0
DA:138,0
DA:140,0
DA:150,0
DA:157,0
DA:162,0
DA:163,0
DA:164,0
DA:165,0
DA:167,0
DA:172,0
DA:173,0
DA:176,0
DA:180,0
DA:185,0
DA:186,0
DA:187,0
DA:189,0
DA:194,0
DA:201,0
DA:206,0
LF:73
LH:0
BRDA:29,0,0,0
BRDA:29,1,0,0
BRDA:29,2,0,0
BRDA:31,3,0,0
BRDA:31,3,1,0
BRDA:32,4,0,0
BRDA:32,4,1,0
BRDA:36,5,0,0
BRDA:36,5,1,0
BRDA:54,6,0,0
BRDA:54,6,1,0
BRDA:93,7,0,0
BRDA:93,7,1,0
BRDA:116,8,0,0
BRDA:116,8,1,0
BRDA:120,9,0,0
BRDA:120,9,1,0
BRDA:172,10,0,0
BRDA:172,10,1,0
BRF:19
BRH:0
end_of_record
TN:
SF:controllers\portfolioController.js
FN:6,(anonymous_0)
FN:17,(anonymous_1)
FN:23,(anonymous_2)
FN:45,(anonymous_3)
FN:87,(anonymous_4)
FN:127,(anonymous_5)
FN:156,(anonymous_6)
FN:184,(anonymous_7)
FN:209,(anonymous_8)
FN:227,(anonymous_9)
FN:288,(anonymous_10)
FNF:11
FNH:0
FNDA:0,(anonymous_0)
FNDA:0,(anonymous_1)
FNDA:0,(anonymous_2)
FNDA:0,(anonymous_3)
FNDA:0,(anonymous_4)
FNDA:0,(anonymous_5)
FNDA:0,(anonymous_6)
FNDA:0,(anonymous_7)
FNDA:0,(anonymous_8)
FNDA:0,(anonymous_9)
FNDA:0,(anonymous_10)
DA:1,0
DA:2,0
DA:3,0
DA:4,0
DA:6,0
DA:7,0
DA:8,0
DA:9,0
DA:10,0
DA:11,0
DA:15,0
DA:17,0
DA:20,0
DA:23,0
DA:24,0
DA:25,0
DA:45,0
DA:46,0
DA:47,0
DA:48,0
DA:49,0
DA:51,0
DA:52,0
DA:55,0
DA:56,0
DA:58,0
DA:59,0
DA:60,0
DA:63,0
DA:77,0
DA:82,0
DA:87,0
DA:88,0
DA:89,0
DA:90,0
DA:91,0
DA:93,0
DA:95,0
DA:96,0
DA:97,0
DA:98,0
DA:99,0
DA:100,0
DA:103,0
DA:112,0
DA:122,0
DA:127,0
DA:128,0
DA:129,0
DA:130,0
DA:131,0
DA:132,0
DA:134,0
DA:136,0
DA:141,0
DA:151,0
DA:156,0
DA:157,0
DA:158,0
DA:159,0
DA:160,0
DA:161,0
DA:163,0
DA:164,0
DA:170,0
DA:175,0
DA:184,0
DA:185,0
DA:186,0
DA:187,0
DA:190,0
DA:199,0
DA:200,0
DA:209,0
DA:210,0
DA:211,0
DA:216,0
DA:217,0
DA:220,0
DA:222,0
DA:227,0
DA:228,0
DA:229,0
DA:230,0
DA:231,0
DA:232,0
DA:234,0
DA:235,0
DA:236,0
DA:239,0
DA:240,0
DA:241,0
DA:242,0
DA:245,0
DA:246,0
DA:247,0
DA:248,0
DA:249,0
DA:250,0
DA:251,0
DA:252,0
DA:254,0
DA:255,0
DA:256,0
DA:257,0
DA:259,0
DA:262,0
DA:263,0
DA:264,0
DA:265,0
DA:268,0
DA:269,0
DA:270,0
DA:271,0
DA:273,0
DA:276,0
DA:278,0
DA:283,0
DA:288,0
DA:289,0
DA:290,0
DA:291,0
DA:293,0
DA:294,0
DA:297,0
DA:298,0
DA:299,0
DA:300,0
DA:303,0
DA:304,0
DA:306,0
DA:308,0
LF:132
LH:0
BRDA:7,0,0,0
BRDA:7,0,1,0
BRDA:8,1,0,0
BRDA:8,1,1,0
BRDA:11,2,0,0
BRDA:11,2,1,0
BRDA:24,3,0,0
BRDA:24,3,1,0
BRDA:35,4,0,0
BRDA:35,4,1,0
BRDA:36,5,0,0
BRDA:36,5,1,0
BRDA:49,6,0,0
BRDA:49,6,1,0
BRDA:51,7,0,0
BRDA:51,7,1,0
BRDA:66,8,0,0
BRDA:66,8,1,0
BRDA:70,9,0,0
BRDA:70,9,1,0
BRDA:70,10,0,0
BRDA:70,10,1,0
BRDA:89,11,0,0
BRDA:89,11,1,0
BRDA:90,12,0,0
BRDA:90,12,1,0
BRDA:96,13,0,0
BRDA:96,13,1,0
BRDA:97,14,0,0
BRDA:97,14,1,0
BRDA:97,15,0,0
BRDA:97,15,1,0
BRDA:98,16,0,0
BRDA:98,16,1,0
BRDA:118,17,0,0
BRDA:118,17,1,0
BRDA:129,18,0,0
BRDA:129,18,1,0
BRDA:130,19,0,0
BRDA:130,19,1,0
BRDA:147,20,0,0
BRDA:147,20,1,0
BRDA:158,21,0,0
BRDA:158,21,1,0
BRDA:159,22,0,0
BRDA:159,22,1,0
BRDA:159,23,0,0
BRDA:159,23,1,0
BRDA:160,24,0,0
BRDA:160,24,1,0
BRDA:160,25,0,0
BRDA:160,25,1,0
BRDA:163,26,0,0
BRDA:163,26,1,0
BRDA:203,27,0,0
BRDA:203,27,1,0
BRDA:216,28,0,0
BRDA:216,28,1,0
BRDA:232,29,0,0
BRDA:232,29,1,0
BRDA:235,30,0,0
BRDA:235,30,1,0
BRDA:235,31,0,0
BRDA:235,31,1,0
BRDA:239,32,0,0
BRDA:239,32,1,0
BRDA:240,33,0,0
BRDA:240,33,1,0
BRDA:241,34,0,0
BRDA:241,34,1,0
BRDA:241,35,0,0
BRDA:241,35,1,0
BRDA:245,36,0,0
BRDA:245,36,1,0
BRDA:246,37,0,0
BRDA:246,37,1,0
BRDA:247,38,0,0
BRDA:247,38,1,0
BRDA:247,39,0,0
BRDA:247,39,1,0
BRDA:248,40,0,0
BRDA:248,40,1,0
BRDA:249,41,0,0
BRDA:249,41,1,0
BRDA:250,42,0,0
BRDA:250,42,1,0
BRDA:251,43,0,0
BRDA:251,43,1,0
BRDA:251,44,0,0
BRDA:251,44,1,0
BRDA:252,45,0,0
BRDA:252,45,1,0
BRDA:254,46,0,0
BRDA:254,46,1,0
BRDA:256,47,0,0
BRDA:256,47,1,0
BRDA:256,48,0,0
BRDA:256,48,1,0
BRDA:262,49,0,0
BRDA:262,49,1,0
BRDA:263,50,0,0
BRDA:263,50,1,0
BRDA:264,51,0,0
BRDA:264,51,1,0
BRDA:264,52,0,0
BRDA:264,52,1,0
BRDA:293,53,0,0
BRDA:293,53,1,0
BRDA:293,54,0,0
BRDA:293,54,1,0
BRDA:297,55,0,0
BRDA:297,55,1,0
BRDA:298,56,0,0
BRDA:298,56,1,0
BRDA:299,57,0,0
BRDA:299,57,1,0
BRDA:299,58,0,0
BRDA:299,58,1,0
BRF:118
BRH:0
end_of_record
TN:
SF:controllers\projectController.js
FN:13,(anonymous_0)
FN:49,(anonymous_1)
FN:109,(anonymous_2)
FN:207,(anonymous_3)
FN:253,(anonymous_4)
FN:351,(anonymous_5)
FN:352,(anonymous_6)
FN:382,(anonymous_7)
FN:558,(anonymous_8)
FN:562,(anonymous_9)
FN:626,(anonymous_10)
FN:652,(anonymous_11)
FN:677,(anonymous_12)
FN:734,(anonymous_13)
FN:794,(anonymous_14)
FN:833,(anonymous_15)
FN:878,(anonymous_16)
FN:893,(anonymous_17)
FN:944,(anonymous_18)
FN:959,(anonymous_19)
FN:995,(anonymous_20)
FN:1037,(anonymous_21)
FN:1072,(anonymous_22)
FN:1102,(anonymous_23)
FNF:24
FNH:0
FNDA:0,(anonymous_0)
FNDA:0,(anonymous_1)
FNDA:0,(anonymous_2)
FNDA:0,(anonymous_3)
FNDA:0,(anonymous_4)
FNDA:0,(anonymous_5)
FNDA:0,(anonymous_6)
FNDA:0,(anonymous_7)
FNDA:0,(anonymous_8)
FNDA:0,(anonymous_9)
FNDA:0,(anonymous_10)
FNDA:0,(anonymous_11)
FNDA:0,(anonymous_12)
FNDA:0,(anonymous_13)
FNDA:0,(anonymous_14)
FNDA:0,(anonymous_15)
FNDA:0,(anonymous_16)
FNDA:0,(anonymous_17)
FNDA:0,(anonymous_18)
FNDA:0,(anonymous_19)
FNDA:0,(anonymous_20)
FNDA:0,(anonymous_21)
FNDA:0,(anonymous_22)
FNDA:0,(anonymous_23)
DA:1,0
DA:2,0
DA:3,0
DA:4,0
DA:5,0
DA:6,0
DA:7,0
DA:8,0
DA:9,0
DA:10,0
DA:13,0
DA:14,0
DA:15,0
DA:49,0
DA:50,0
DA:64,0
DA:67,0
DA:71,0
DA:99,0
DA:104,0
DA:109,0
DA:110,0
DA:111,0
DA:112,0
DA:113,0
DA:115,0
DA:118,0
DA:119,0
DA:122,0
DA:124,0
DA:125,0
DA:127,0
DA:138,0
DA:139,0
DA:143,0
DA:144,0
DA:148,0
DA:149,0
DA:151,0
DA:152,0
DA:155,0
DA:156,0
DA:157,0
DA:167,0
DA:168,0
DA:169,0
DA:179,0
DA:184,0
DA:185,0
DA:186,0
DA:190,0
DA:191,0
DA:199,0
DA:201,0
DA:207,0
DA:209,0
DA:210,0
DA:211,0
DA:212,0
DA:215,0
DA:216,0
DA:217,0
DA:219,0
DA:222,0
DA:223,0
DA:226,0
DA:238,0
DA:248,0
DA:253,0
DA:254,0
DA:255,0
DA:260,0
DA:261,0
DA:265,0
DA:266,0
DA:269,0
DA:270,0
DA:271,0
DA:272,0
DA:273,0
DA:280,0
DA:288,0
DA:289,0
DA:292,0
DA:293,0
DA:294,0
DA:297,0
DA:298,0
DA:299,0
DA:300,0
DA:311,0
DA:318,0
DA:319,0
DA:320,0
DA:321,0
DA:324,0
DA:329,0
DA:330,0
DA:331,0
DA:332,0
DA:333,0
DA:339,0
DA:343,0
DA:344,0
DA:345,0
DA:346,0
DA:348,0
DA:349,0
DA:351,0
DA:352,0
DA:357,0
DA:361,0
DA:363,0
DA:377,0
DA:382,0
DA:383,0
DA:384,0
DA:401,0
DA:403,0
DA:405,0
DA:406,0
DA:410,0
DA:413,0
DA:414,0
DA:418,0
DA:419,0
DA:420,0
DA:423,0
DA:424,0
DA:429,0
DA:430,0
DA:431,0
DA:432,0
DA:437,0
DA:438,0
DA:439,0
DA:440,0
DA:441,0
DA:443,0
DA:444,0
DA:445,0
DA:446,0
DA:447,0
DA:450,0
DA:451,0
DA:452,0
DA:453,0
DA:454,0
DA:455,0
DA:456,0
DA:457,0
DA:458,0
DA:459,0
DA:462,0
DA:465,0
DA:466,0
DA:468,0
DA:469,0
DA:471,0
DA:478,0
DA:479,0
DA:481,0
DA:485,0
DA:486,0
DA:489,0
DA:492,0
DA:496,0
DA:498,0
DA:500,0
DA:501,0
DA:508,0
DA:514,0
DA:516,0
DA:536,0
DA:537,0
DA:545,0
DA:550,0
DA:553,0
DA:554,0
DA:557,0
DA:558,0
DA:561,0
DA:562,0
DA:565,0
DA:567,0
DA:568,0
DA:573,0
DA:576,0
DA:577,0
DA:582,0
DA:585,0
DA:586,0
DA:589,0
DA:590,0
DA:598,0
DA:603,0
DA:606,0
DA:607,0
DA:612,0
DA:616,0
DA:621,0
DA:626,0
DA:627,0
DA:628,0
DA:630,0
DA:631,0
DA:635,0
DA:636,0
DA:640,0
DA:641,0
DA:643,0
DA:647,0
DA:652,0
DA:653,0
DA:654,0
DA:656,0
DA:657,0
DA:661,0
DA:662,0
DA:666,0
DA:668,0
DA:672,0
DA:677,0
DA:678,0
DA:679,0
DA:680,0
DA:682,0
DA:683,0
DA:687,0
DA:688,0
DA:692,0
DA:722,0
DA:724,0
DA:729,0
DA:734,0
DA:735,0
DA:736,0
DA:737,0
DA:740,0
DA:742,0
DA:743,0
DA:746,0
DA:748,0
DA:749,0
DA:753,0
DA:754,0
DA:758,0
DA:759,0
DA:762,0
DA:763,0
DA:764,0
DA:765,0
DA:766,0
DA:767,0
DA:768,0
DA:769,0
DA:771,0
DA:776,0
DA:782,0
DA:784,0
DA:789,0
DA:794,0
DA:795,0
DA:796,0
DA:798,0
DA:800,0
DA:801,0
DA:805,0
DA:806,0
DA:809,0
DA:811,0
DA:812,0
DA:816,0
DA:817,0
DA:821,0
DA:822,0
DA:824,0
DA:828,0
DA:833,0
DA:834,0
DA:835,0
DA:837,0
DA:839,0
DA:840,0
DA:843,0
DA:844,0
DA:848,0
DA:849,0
DA:850,0
DA:853,0
DA:854,0
DA:856,0
DA:863,0
DA:865,0
DA:868,0
DA:869,0
DA:878,0
DA:880,0
DA:883,0
DA:888,0
DA:893,0
DA:894,0
DA:895,0
DA:896,0
DA:898,0
DA:899,0
DA:902,0
DA:904,0
DA:905,0
DA:908,0
DA:909,0
DA:913,0
DA:914,0
DA:915,0
DA:916,0
DA:919,0
DA:920,0
DA:922,0
DA:929,0
DA:931,0
DA:934,0
DA:935,0
DA:944,0
DA:946,0
DA:949,0
DA:954,0
DA:959,0
DA:960,0
DA:961,0
DA:962,0
DA:963,0
DA:965,0
DA:971,0
DA:980,0
DA:990,0
DA:995,0
DA:996,0
DA:997,0
DA:998,0
DA:1000,0
DA:1001,0
DA:1004,0
DA:1005,0
DA:1006,0
DA:1010,0
DA:1011,0
DA:1015,0
DA:1017,0
DA:1024,0
DA:1027,0
DA:1032,0
DA:1037,0
DA:1038,0
DA:1039,0
DA:1041,0
DA:1042,0
DA:1043,0
DA:1047,0
DA:1048,0
DA:1052,0
DA:1055,0
DA:1056,0
DA:1059,0
DA:1063,0
DA:1067,0
DA:1072,0
DA:1073,0
DA:1074,0
DA:1076,0
DA:1077,0
DA:1078,0
DA:1081,0
DA:1082,0
DA:1083,0
DA:1087,0
DA:1088,0
DA:1091,0
DA:1093,0
DA:1097,0
DA:1102,0
DA:1103,0
DA:1104,0
DA:1106,0
DA:1107,0
DA:1108,0
DA:1109,0
DA:1112,0
DA:1121,0
DA:1130,0
DA:1139,0
LF:390
LH:0
BRDA:14,0,0,0
BRDA:14,0,1,0
BRDA:31,1,0,0
BRDA:31,1,1,0
BRDA:32,2,0,0
BRDA:32,2,1,0
BRDA:33,3,0,0
BRDA:33,3,1,0
BRDA:34,4,0,0
BRDA:34,4,1,0
BRDA:36,5,0,0
BRDA:36,5,1,0
BRDA:37,6,0,0
BRDA:37,6,1,0
BRDA:67,7,0,0
BRDA:67,7,1,0
BRDA:67,8,0,0
BRDA:67,8,1,0
BRDA:67,9,0,0
BRDA:67,9,1,0
BRDA:81,10,0,0
BRDA:81,10,1,0
BRDA:82,11,0,0
BRDA:82,11,1,0
BRDA:83,12,0,0
BRDA:83,12,1,0
BRDA:92,13,0,0
BRDA:92,13,1,0
BRDA:111,14,0,0
BRDA:111,14,1,0
BRDA:112,15,0,0
BRDA:112,15,1,0
BRDA:122,16,0,0
BRDA:122,16,1,0
BRDA:125,17,0,0
BRDA:125,17,1,0
BRDA:138,18,0,0
BRDA:138,18,1,0
BRDA:143,19,0,0
BRDA:143,19,1,0
BRDA:148,20,0,0
BRDA:148,20,1,0
BRDA:151,21,0,0
BRDA:151,21,1,0
BRDA:155,22,0,0
BRDA:155,22,1,0
BRDA:155,23,0,0
BRDA:155,23,1,0
BRDA:155,23,2,0
BRDA:167,24,0,0
BRDA:167,24,1,0
BRDA:184,25,0,0
BRDA:184,25,1,0
BRDA:184,26,0,0
BRDA:184,26,1,0
BRDA:190,27,0,0
BRDA:190,27,1,0
BRDA:199,28,0,0
BRDA:199,28,1,0
BRDA:199,29,0,0
BRDA:199,29,1,0
BRDA:209,30,0,0
BRDA:209,30,1,0
BRDA:210,31,0,0
BRDA:210,31,1,0
BRDA:211,32,0,0
BRDA:211,32,1,0
BRDA:212,33,0,0
BRDA:212,33,1,0
BRDA:215,34,0,0
BRDA:215,34,1,0
BRDA:215,35,0,0
BRDA:215,35,1,0
BRDA:215,36,0,0
BRDA:215,36,1,0
BRDA:216,37,0,0
BRDA:216,37,1,0
BRDA:216,38,0,0
BRDA:216,38,1,0
BRDA:216,39,0,0
BRDA:216,39,1,0
BRDA:217,40,0,0
BRDA:217,40,1,0
BRDA:244,41,0,0
BRDA:244,41,1,0
BRDA:260,42,0,0
BRDA:260,42,1,0
BRDA:265,43,0,0
BRDA:265,43,1,0
BRDA:265,44,0,0
BRDA:265,44,1,0
BRDA:269,45,0,0
BRDA:269,45,1,0
BRDA:270,46,0,0
BRDA:270,46,1,0
BRDA:271,47,0,0
BRDA:271,47,1,0
BRDA:272,48,0,0
BRDA:272,48,1,0
BRDA:272,49,0,0
BRDA:272,49,1,0
BRDA:292,50,0,0
BRDA:292,50,1,0
BRDA:297,51,0,0
BRDA:297,51,1,0
BRDA:332,52,0,0
BRDA:332,52,1,0
BRDA:345,53,0,0
BRDA:345,53,1,0
BRDA:348,54,0,0
BRDA:348,54,1,0
BRDA:405,55,0,0
BRDA:405,55,1,0
BRDA:413,56,0,0
BRDA:413,56,1,0
BRDA:413,57,0,0
BRDA:413,57,1,0
BRDA:418,58,0,0
BRDA:418,58,1,0
BRDA:419,59,0,0
BRDA:419,59,1,0
BRDA:419,60,0,0
BRDA:419,60,1,0
BRDA:423,61,0,0
BRDA:423,61,1,0
BRDA:429,62,0,0
BRDA:429,62,1,0
BRDA:429,63,0,0
BRDA:429,63,1,0
BRDA:431,64,0,0
BRDA:431,64,1,0
BRDA:437,65,0,0
BRDA:437,65,1,0
BRDA:438,66,0,0
BRDA:438,66,1,0
BRDA:439,67,0,0
BRDA:439,67,1,0
BRDA:440,68,0,0
BRDA:440,68,1,0
BRDA:441,69,0,0
BRDA:441,69,1,0
BRDA:443,70,0,0
BRDA:443,70,1,0
BRDA:443,71,0,0
BRDA:443,71,1,0
BRDA:444,72,0,0
BRDA:444,72,1,0
BRDA:445,73,0,0
BRDA:445,73,1,0
BRDA:446,74,0,0
BRDA:446,74,1,0
BRDA:446,75,0,0
BRDA:446,75,1,0
BRDA:450,76,0,0
BRDA:450,76,1,0
BRDA:451,77,0,0
BRDA:451,77,1,0
BRDA:452,78,0,0
BRDA:452,78,1,0
BRDA:453,79,0,0
BRDA:453,79,1,0
BRDA:454,80,0,0
BRDA:454,80,1,0
BRDA:454,81,0,0
BRDA:454,81,1,0
BRDA:455,82,0,0
BRDA:455,82,1,0
BRDA:455,83,0,0
BRDA:455,83,1,0
BRDA:456,84,0,0
BRDA:456,84,1,0
BRDA:458,85,0,0
BRDA:458,85,1,0
BRDA:458,86,0,0
BRDA:458,86,1,0
BRDA:462,87,0,0
BRDA:462,87,1,0
BRDA:465,88,0,0
BRDA:465,88,1,0
BRDA:465,89,0,0
BRDA:465,89,1,0
BRDA:466,90,0,0
BRDA:466,90,1,0
BRDA:468,91,0,0
BRDA:468,91,1,0
BRDA:479,92,0,0
BRDA:479,92,1,0
BRDA:479,93,0,0
BRDA:479,93,1,0
BRDA:479,93,2,0
BRDA:485,94,0,0
BRDA:485,94,1,0
BRDA:485,95,0,0
BRDA:485,95,1,0
BRDA:492,96,0,0
BRDA:492,96,1,0
BRDA:492,97,0,0
BRDA:492,97,1,0
BRDA:492,97,2,0
BRDA:500,98,0,0
BRDA:500,98,1,0
BRDA:514,99,0,0
BRDA:514,99,1,0
BRDA:540,100,0,0
BRDA:540,100,1,0
BRDA:567,101,0,0
BRDA:567,101,1,0
BRDA:576,102,0,0
BRDA:576,102,1,0
BRDA:585,103,0,0
BRDA:585,103,1,0
BRDA:630,104,0,0
BRDA:630,104,1,0
BRDA:635,105,0,0
BRDA:635,105,1,0
BRDA:635,106,0,0
BRDA:635,106,1,0
BRDA:656,107,0,0
BRDA:656,107,1,0
BRDA:661,108,0,0
BRDA:661,108,1,0
BRDA:682,109,0,0
BRDA:682,109,1,0
BRDA:687,110,0,0
BRDA:687,110,1,0
BRDA:687,111,0,0
BRDA:687,111,1,0
BRDA:740,112,0,0
BRDA:740,112,1,0
BRDA:740,112,2,0
BRDA:742,113,0,0
BRDA:742,113,1,0
BRDA:748,114,0,0
BRDA:748,114,1,0
BRDA:753,115,0,0
BRDA:753,115,1,0
BRDA:753,116,0,0
BRDA:753,116,1,0
BRDA:763,117,0,0
BRDA:763,117,1,0
BRDA:764,118,0,0
BRDA:764,118,1,0
BRDA:766,119,0,0
BRDA:766,119,1,0
BRDA:768,120,0,0
BRDA:768,120,1,0
BRDA:768,121,0,0
BRDA:768,121,1,0
BRDA:777,122,0,0
BRDA:777,122,1,0
BRDA:800,123,0,0
BRDA:800,123,1,0
BRDA:805,124,0,0
BRDA:805,124,1,0
BRDA:805,125,0,0
BRDA:805,125,1,0
BRDA:811,126,0,0
BRDA:811,126,1,0
BRDA:816,127,0,0
BRDA:816,127,1,0
BRDA:816,128,0,0
BRDA:816,128,1,0
BRDA:839,129,0,0
BRDA:839,129,1,0
BRDA:843,130,0,0
BRDA:843,130,1,0
BRDA:853,131,0,0
BRDA:853,131,1,0
BRDA:898,132,0,0
BRDA:898,132,1,0
BRDA:898,133,0,0
BRDA:898,133,1,0
BRDA:904,134,0,0
BRDA:904,134,1,0
BRDA:908,135,0,0
BRDA:908,135,1,0
BRDA:919,136,0,0
BRDA:919,136,1,0
BRDA:961,137,0,0
BRDA:961,137,1,0
BRDA:962,138,0,0
BRDA:962,138,1,0
BRDA:986,139,0,0
BRDA:986,139,1,0
BRDA:1000,140,0,0
BRDA:1000,140,1,0
BRDA:1000,141,0,0
BRDA:1000,141,1,0
BRDA:1005,142,0,0
BRDA:1005,142,1,0
BRDA:1010,143,0,0
BRDA:1010,143,1,0
BRDA:1010,144,0,0
BRDA:1010,144,1,0
BRDA:1015,145,0,0
BRDA:1015,145,1,0
BRDA:1015,145,2,0
BRDA:1042,146,0,0
BRDA:1042,146,1,0
BRDA:1047,147,0,0
BRDA:1047,147,1,0
BRDA:1047,148,0,0
BRDA:1047,148,1,0
BRDA:1055,149,0,0
BRDA:1055,149,1,0
BRDA:1077,150,0,0
BRDA:1077,150,1,0
BRDA:1082,151,0,0
BRDA:1082,151,1,0
BRDA:1082,152,0,0
BRDA:1082,152,1,0
BRDA:1087,153,0,0
BRDA:1087,153,1,0
BRDA:1087,154,0,0
BRDA:1087,154,1,0
BRDA:1106,155,0,0
BRDA:1106,155,1,0
BRDA:1108,156,0,0
BRDA:1108,156,1,0
BRF:319
BRH:0
end_of_record
TN:
SF:controllers\projectRoomController.js
FN:12,(anonymous_0)
FN:23,(anonymous_1)
FN:28,(anonymous_2)
FN:77,(anonymous_3)
FN:127,(anonymous_4)
FN:172,(anonymous_5)
FN:200,(anonymous_6)
FN:228,(anonymous_7)
FN:270,(anonymous_8)
FNF:9
FNH:0
FNDA:0,(anonymous_0)
FNDA:0,(anonymous_1)
FNDA:0,(anonymous_2)
FNDA:0,(anonymous_3)
FNDA:0,(anonymous_4)
FNDA:0,(anonymous_5)
FNDA:0,(anonymous_6)
FNDA:0,(anonymous_7)
FNDA:0,(anonymous_8)
DA:1,0
DA:2,0
DA:3,0
DA:4,0
DA:5,0
DA:9,0
DA:12,0
DA:13,0
DA:14,0
DA:15,0
DA:17,0
DA:20,0
DA:22,0
DA:23,0
DA:24,0
DA:25,0
DA:27,0
DA:28,0
DA:30,0
DA:31,0
DA:42,0
DA:46,0
DA:47,0
DA:48,0
DA:50,0
DA:60,0
DA:62,0
DA:72,0
DA:77,0
DA:78,0
DA:79,0
DA:80,0
DA:81,0
DA:83,0
DA:86,0
DA:87,0
DA:91,0
DA:92,0
DA:93,0
DA:94,0
DA:96,0
DA:98,0
DA:99,0
DA:100,0
DA:103,0
DA:108,0
DA:109,0
DA:115,0
DA:117,0
DA:119,0
DA:120,0
DA:122,0
DA:127,0
DA:128,0
DA:129,0
DA:130,0
DA:131,0
DA:133,0
DA:136,0
DA:137,0
DA:141,0
DA:142,0
DA:143,0
DA:144,0
DA:146,0
DA:148,0
DA:153,0
DA:154,0
DA:160,0
DA:162,0
DA:164,0
DA:165,0
DA:167,0
DA:172,0
DA:173,0
DA:174,0
DA:175,0
DA:177,0
DA:178,0
DA:181,0
DA:182,0
DA:183,0
DA:186,0
DA:187,0
DA:188,0
DA:190,0
DA:195,0
DA:200,0
DA:201,0
DA:202,0
DA:203,0
DA:205,0
DA:206,0
DA:209,0
DA:210,0
DA:211,0
DA:214,0
DA:215,0
DA:216,0
DA:218,0
DA:223,0
DA:228,0
DA:229,0
DA:230,0
DA:231,0
DA:233,0
DA:234,0
DA:235,0
DA:239,0
DA:240,0
DA:241,0
DA:242,0
DA:243,0
DA:245,0
DA:246,0
DA:250,0
DA:251,0
DA:255,0
DA:256,0
DA:258,0
DA:265,0
DA:270,0
DA:271,0
DA:272,0
DA:274,0
DA:275,0
DA:278,0
DA:284,0
DA:292,0
DA:296,0
LF:130
LH:0
BRDA:20,0,0,0
BRDA:20,0,1,0
BRDA:25,1,0,0
BRDA:25,1,1,0
BRDA:30,2,0,0
BRDA:30,2,1,0
BRDA:46,3,0,0
BRDA:46,3,1,0
BRDA:47,4,0,0
BRDA:47,4,1,0
BRDA:68,5,0,0
BRDA:68,5,1,0
BRDA:86,6,0,0
BRDA:86,6,1,0
BRDA:91,7,0,0
BRDA:91,7,1,0
BRDA:93,8,0,0
BRDA:93,8,1,0
BRDA:93,9,0,0
BRDA:93,9,1,0
BRDA:96,10,0,0
BRDA:96,10,1,0
BRDA:99,11,0,0
BRDA:99,11,1,0
BRDA:108,12,0,0
BRDA:108,12,1,0
BRDA:119,13,0,0
BRDA:119,13,1,0
BRDA:136,14,0,0
BRDA:136,14,1,0
BRDA:141,15,0,0
BRDA:141,15,1,0
BRDA:143,16,0,0
BRDA:143,16,1,0
BRDA:143,17,0,0
BRDA:143,17,1,0
BRDA:146,18,0,0
BRDA:146,18,1,0
BRDA:153,19,0,0
BRDA:153,19,1,0
BRDA:164,20,0,0
BRDA:164,20,1,0
BRDA:177,21,0,0
BRDA:177,21,1,0
BRDA:182,22,0,0
BRDA:182,22,1,0
BRDA:205,23,0,0
BRDA:205,23,1,0
BRDA:210,24,0,0
BRDA:210,24,1,0
BRDA:234,25,0,0
BRDA:234,25,1,0
BRDA:240,26,0,0
BRDA:240,26,1,0
BRDA:242,27,0,0
BRDA:242,27,1,0
BRDA:242,28,0,0
BRDA:242,28,1,0
BRDA:245,29,0,0
BRDA:245,29,1,0
BRDA:250,30,0,0
BRDA:250,30,1,0
BRDA:274,31,0,0
BRDA:274,31,1,0
BRF:64
BRH:0
end_of_record
TN:
SF:controllers\proposalController.js
FN:11,(anonymous_0)
FN:44,(anonymous_1)
FN:86,(anonymous_2)
FN:204,(anonymous_3)
FN:215,(anonymous_4)
FN:243,(anonymous_5)
FN:268,(anonymous_6)
FN:276,(anonymous_7)
FN:287,(anonymous_8)
FN:295,(anonymous_9)
FN:397,(anonymous_10)
FN:445,(anonymous_11)
FN:459,(anonymous_12)
FN:477,(anonymous_13)
FN:494,(anonymous_14)
FN:545,(anonymous_15)
FN:570,(anonymous_16)
FNF:17
FNH:0
FNDA:0,(anonymous_0)
FNDA:0,(anonymous_1)
FNDA:0,(anonymous_2)
FNDA:0,(anonymous_3)
FNDA:0,(anonymous_4)
FNDA:0,(anonymous_5)
FNDA:0,(anonymous_6)
FNDA:0,(anonymous_7)
FNDA:0,(anonymous_8)
FNDA:0,(anonymous_9)
FNDA:0,(anonymous_10)
FNDA:0,(anonymous_11)
FNDA:0,(anonymous_12)
FNDA:0,(anonymous_13)
FNDA:0,(anonymous_14)
FNDA:0,(anonymous_15)
FNDA:0,(anonymous_16)
DA:1,0
DA:2,0
DA:3,0
DA:4,0
DA:5,0
DA:6,0
DA:7,0
DA:8,0
DA:11,0
DA:12,0
DA:15,0
DA:16,0
DA:18,0
DA:21,0
DA:22,0
DA:29,0
DA:44,0
DA:45,0
DA:46,0
DA:48,0
DA:49,0
DA:52,0
DA:53,0
DA:54,0
DA:58,0
DA:59,0
DA:64,0
DA:65,0
DA:71,0
DA:72,0
DA:73,0
DA:76,0
DA:86,0
DA:89,0
DA:91,0
DA:93,0
DA:95,0
DA:100,0
DA:102,0
DA:106,0
DA:113,0
DA:115,0
DA:130,0
DA:132,0
DA:136,0
DA:142,0
DA:144,0
DA:158,0
DA:161,0
DA:162,0
DA:170,0
DA:175,0
DA:179,0
DA:180,0
DA:188,0
DA:193,0
DA:196,0
DA:197,0
DA:200,0
DA:202,0
DA:203,0
DA:204,0
DA:205,0
DA:215,0
DA:217,0
DA:218,0
DA:221,0
DA:226,0
DA:227,0
DA:230,0
DA:235,0
DA:236,0
DA:238,0
DA:243,0
DA:244,0
DA:245,0
DA:247,0
DA:248,0
DA:249,0
DA:253,0
DA:254,0
DA:257,0
DA:258,0
DA:259,0
DA:262,0
DA:267,0
DA:268,0
DA:271,0
DA:276,0
DA:277,0
DA:278,0
DA:279,0
DA:282,0
DA:286,0
DA:287,0
DA:290,0
DA:295,0
DA:296,0
DA:297,0
DA:298,0
DA:301,0
DA:302,0
DA:304,0
DA:305,0
DA:306,0
DA:309,0
DA:310,0
DA:311,0
DA:314,0
DA:315,0
DA:316,0
DA:319,0
DA:321,0
DA:322,0
DA:323,0
DA:326,0
DA:336,0
DA:337,0
DA:338,0
DA:340,0
DA:341,0
DA:348,0
DA:354,0
DA:356,0
DA:375,0
DA:376,0
DA:384,0
DA:389,0
DA:392,0
DA:393,0
DA:396,0
DA:397,0
DA:400,0
DA:401,0
DA:406,0
DA:409,0
DA:410,0
DA:417,0
DA:422,0
DA:424,0
DA:425,0
DA:429,0
DA:433,0
DA:435,0
DA:445,0
DA:446,0
DA:449,0
DA:459,0
DA:460,0
DA:462,0
DA:464,0
DA:466,0
DA:467,0
DA:477,0
DA:478,0
DA:480,0
DA:484,0
DA:489,0
DA:494,0
DA:495,0
DA:496,0
DA:497,0
DA:499,0
DA:500,0
DA:501,0
DA:504,0
DA:505,0
DA:507,0
DA:508,0
DA:512,0
DA:513,0
DA:514,0
DA:515,0
DA:516,0
DA:521,0
DA:522,0
DA:523,0
DA:524,0
DA:525,0
DA:529,0
DA:530,0
DA:533,0
DA:535,0
DA:540,0
DA:545,0
DA:546,0
DA:547,0
DA:549,0
DA:550,0
DA:551,0
DA:554,0
DA:555,0
DA:557,0
DA:558,0
DA:562,0
DA:563,0
DA:567,0
DA:572,0
DA:574,0
DA:578,0
LF:200
LH:0
BRDA:11,0,0,0
BRDA:12,1,0,0
BRDA:12,1,1,0
BRDA:16,2,0,0
BRDA:16,2,1,0
BRDA:16,3,0,0
BRDA:16,3,1,0
BRDA:21,4,0,0
BRDA:21,4,1,0
BRDA:21,5,0,0
BRDA:21,5,1,0
BRDA:48,6,0,0
BRDA:48,6,1,0
BRDA:53,7,0,0
BRDA:53,7,1,0
BRDA:53,8,0,0
BRDA:53,8,1,0
BRDA:58,9,0,0
BRDA:58,9,1,0
BRDA:64,10,0,0
BRDA:64,10,1,0
BRDA:72,11,0,0
BRDA:72,11,1,0
BRDA:93,12,0,0
BRDA:93,12,1,0
BRDA:113,13,0,0
BRDA:113,13,1,0
BRDA:142,14,0,0
BRDA:142,14,1,0
BRDA:165,15,0,0
BRDA:165,15,1,0
BRDA:183,16,0,0
BRDA:183,16,1,0
BRDA:203,17,0,0
BRDA:203,17,1,0
BRDA:209,18,0,0
BRDA:209,18,1,0
BRDA:235,19,0,0
BRDA:235,19,1,0
BRDA:248,20,0,0
BRDA:248,20,1,0
BRDA:248,21,0,0
BRDA:248,21,1,0
BRDA:253,22,0,0
BRDA:253,22,1,0
BRDA:253,23,0,0
BRDA:253,23,1,0
BRDA:258,24,0,0
BRDA:258,24,1,0
BRDA:278,25,0,0
BRDA:278,25,1,0
BRDA:297,26,0,0
BRDA:297,26,1,0
BRDA:305,27,0,0
BRDA:305,27,1,0
BRDA:310,28,0,0
BRDA:310,28,1,0
BRDA:310,29,0,0
BRDA:310,29,1,0
BRDA:319,30,0,0
BRDA:319,30,1,0
BRDA:319,31,0,0
BRDA:319,31,1,0
BRDA:337,32,0,0
BRDA:337,32,1,0
BRDA:340,33,0,0
BRDA:340,33,1,0
BRDA:354,34,0,0
BRDA:354,34,1,0
BRDA:400,35,0,0
BRDA:400,35,1,0
BRDA:464,36,0,0
BRDA:464,36,1,0
BRDA:464,37,0,0
BRDA:464,37,1,0
BRDA:500,38,0,0
BRDA:500,38,1,0
BRDA:507,39,0,0
BRDA:507,39,1,0
BRDA:507,40,0,0
BRDA:507,40,1,0
BRDA:512,41,0,0
BRDA:512,41,1,0
BRDA:515,42,0,0
BRDA:515,42,1,0
BRDA:521,43,0,0
BRDA:521,43,1,0
BRDA:522,44,0,0
BRDA:522,44,1,0
BRDA:523,45,0,0
BRDA:523,45,1,0
BRDA:524,46,0,0
BRDA:524,46,1,0
BRDA:529,47,0,0
BRDA:529,47,1,0
BRDA:529,48,0,0
BRDA:529,48,1,0
BRDA:550,49,0,0
BRDA:550,49,1,0
BRDA:557,50,0,0
BRDA:557,50,1,0
BRDA:557,51,0,0
BRDA:557,51,1,0
BRDA:562,52,0,0
BRDA:562,52,1,0
BRDA:562,53,0,0
BRDA:562,53,1,0
BRDA:568,54,0,0
BRDA:568,54,1,0
BRF:109
BRH:0
end_of_record
TN:
SF:controllers\serviceOrderController.js
FN:3,(anonymous_0)
FN:17,(anonymous_1)
FN:36,(anonymous_2)
FN:71,(anonymous_3)
FN:84,(anonymous_4)
FN:110,(anonymous_5)
FNF:6
FNH:0
FNDA:0,(anonymous_0)
FNDA:0,(anonymous_1)
FNDA:0,(anonymous_2)
FNDA:0,(anonymous_3)
FNDA:0,(anonymous_4)
FNDA:0,(anonymous_5)
DA:1,0
DA:3,0
DA:4,0
DA:5,0
DA:17,0
DA:18,0
DA:19,0
DA:21,0
DA:26,0
DA:31,0
DA:36,0
DA:37,0
DA:38,0
DA:39,0
DA:40,0
DA:41,0
DA:43,0
DA:44,0
DA:45,0
DA:46,0
DA:47,0
DA:48,0
DA:51,0
DA:56,0
DA:66,0
DA:71,0
DA:72,0
DA:73,0
DA:74,0
DA:75,0
DA:77,0
DA:79,0
DA:84,0
DA:85,0
DA:86,0
DA:87,0
DA:88,0
DA:90,0
DA:91,0
DA:94,0
DA:95,0
DA:96,0
DA:98,0
DA:100,0
DA:105,0
DA:110,0
DA:111,0
DA:112,0
DA:113,0
DA:114,0
DA:117,0
DA:118,0
DA:120,0
DA:122,0
LF:54
LH:0
BRDA:4,0,0,0
BRDA:4,0,1,0
BRDA:38,1,0,0
BRDA:38,1,1,0
BRDA:39,2,0,0
BRDA:39,2,1,0
BRDA:44,3,0,0
BRDA:44,3,1,0
BRDA:45,4,0,0
BRDA:45,4,1,0
BRDA:46,5,0,0
BRDA:46,5,1,0
BRDA:62,6,0,0
BRDA:62,6,1,0
BRDA:74,7,0,0
BRDA:74,7,1,0
BRDA:90,8,0,0
BRDA:90,8,1,0
BRDA:90,9,0,0
BRDA:90,9,1,0
BRDA:94,10,0,0
BRDA:94,10,1,0
BRDA:95,11,0,0
BRDA:95,11,1,0
BRDA:96,12,0,0
BRDA:96,12,1,0
BRDA:113,13,0,0
BRDA:113,13,1,0
BRDA:113,14,0,0
BRDA:113,14,1,0
BRF:30
BRH:0
end_of_record
TN:
SF:controllers\subscriberController.js
FN:4,(anonymous_0)
FN:74,(anonymous_1)
FN:114,(anonymous_2)
FN:176,(anonymous_3)
FN:198,(anonymous_4)
FN:247,(anonymous_5)
FN:269,(anonymous_6)
FN:312,(anonymous_7)
FN:327,(anonymous_8)
FN:345,(anonymous_9)
FN:355,(anonymous_10)
FN:355,(anonymous_11)
FNF:12
FNH:0
FNDA:0,(anonymous_0)
FNDA:0,(anonymous_1)
FNDA:0,(anonymous_2)
FNDA:0,(anonymous_3)
FNDA:0,(anonymous_4)
FNDA:0,(anonymous_5)
FNDA:0,(anonymous_6)
FNDA:0,(anonymous_7)
FNDA:0,(anonymous_8)
FNDA:0,(anonymous_9)
FNDA:0,(anonymous_10)
FNDA:0,(anonymous_11)
DA:1,0
DA:4,0
DA:5,0
DA:6,0
DA:9,0
DA:10,0
DA:16,0
DA:20,0
DA:22,0
DA:23,0
DA:24,0
DA:25,0
DA:26,0
DA:27,0
DA:29,0
DA:39,0
DA:45,0
DA:52,0
DA:61,0
DA:62,0
DA:66,0
DA:74,0
DA:75,0
DA:76,0
DA:80,0
DA:81,0
DA:82,0
DA:83,0
DA:84,0
DA:85,0
DA:87,0
DA:92,0
DA:93,0
DA:98,0
DA:99,0
DA:100,0
DA:102,0
DA:106,0
DA:114,0
DA:115,0
DA:116,0
DA:117,0
DA:118,0
DA:120,0
DA:122,0
DA:124,0
DA:125,0
DA:128,0
DA:129,0
DA:132,0
DA:133,0
DA:134,0
DA:135,0
DA:138,0
DA:139,0
DA:140,0
DA:147,0
DA:156,0
DA:168,0
DA:176,0
DA:177,0
DA:178,0
DA:180,0
DA:181,0
DA:186,0
DA:190,0
DA:198,0
DA:199,0
DA:200,0
DA:201,0
DA:203,0
DA:205,0
DA:206,0
DA:211,0
DA:212,0
DA:213,0
DA:214,0
DA:215,0
DA:216,0
DA:217,0
DA:218,0
DA:219,0
DA:220,0
DA:223,0
DA:224,0
DA:225,0
DA:227,0
DA:229,0
DA:234,0
DA:235,0
DA:239,0
DA:247,0
DA:248,0
DA:249,0
DA:251,0
DA:252,0
DA:257,0
DA:261,0
DA:269,0
DA:270,0
DA:271,0
DA:272,0
DA:273,0
DA:276,0
DA:286,0
DA:308,0
DA:313,0
DA:314,0
DA:319,0
DA:327,0
DA:328,0
DA:329,0
DA:331,0
DA:332,0
DA:333,0
DA:335,0
DA:336,0
DA:339,0
DA:344,0
DA:345,0
DA:355,0
DA:357,0
DA:358,0
DA:359,0
DA:361,0
LF:125
LH:0
BRDA:9,0,0,0
BRDA:9,0,1,0
BRDA:9,1,0,0
BRDA:9,1,1,0
BRDA:17,2,0,0
BRDA:17,2,1,0
BRDA:17,3,0,0
BRDA:17,3,1,0
BRDA:20,4,0,0
BRDA:20,4,1,0
BRDA:22,5,0,0
BRDA:22,5,1,0
BRDA:26,6,0,0
BRDA:26,6,1,0
BRDA:46,7,0,0
BRDA:46,7,1,0
BRDA:47,8,0,0
BRDA:47,8,1,0
BRDA:48,9,0,0
BRDA:48,9,1,0
BRDA:61,10,0,0
BRDA:61,10,1,0
BRDA:80,11,0,0
BRDA:80,11,1,0
BRDA:82,12,0,0
BRDA:82,12,1,0
BRDA:84,13,0,0
BRDA:84,13,1,0
BRDA:92,14,0,0
BRDA:92,14,1,0
BRDA:116,15,0,0
BRDA:116,15,1,0
BRDA:117,16,0,0
BRDA:117,16,1,0
BRDA:124,17,0,0
BRDA:124,17,1,0
BRDA:125,18,0,0
BRDA:125,18,1,0
BRDA:128,19,0,0
BRDA:128,19,1,0
BRDA:132,20,0,0
BRDA:132,20,1,0
BRDA:132,21,0,0
BRDA:132,21,1,0
BRDA:134,22,0,0
BRDA:134,22,1,0
BRDA:135,23,0,0
BRDA:135,23,1,0
BRDA:138,24,0,0
BRDA:138,24,1,0
BRDA:162,25,0,0
BRDA:162,25,1,0
BRDA:180,26,0,0
BRDA:180,26,1,0
BRDA:205,27,0,0
BRDA:205,27,1,0
BRDA:211,28,0,0
BRDA:211,28,1,0
BRDA:212,29,0,0
BRDA:212,29,1,0
BRDA:213,30,0,0
BRDA:213,30,1,0
BRDA:214,31,0,0
BRDA:214,31,1,0
BRDA:216,32,0,0
BRDA:216,32,1,0
BRDA:216,33,0,0
BRDA:216,33,1,0
BRDA:218,34,0,0
BRDA:218,34,1,0
BRDA:218,35,0,0
BRDA:218,35,1,0
BRDA:223,36,0,0
BRDA:223,36,1,0
BRDA:224,37,0,0
BRDA:224,37,1,0
BRDA:225,38,0,0
BRDA:225,38,1,0
BRDA:234,39,0,0
BRDA:234,39,1,0
BRDA:251,40,0,0
BRDA:251,40,1,0
BRDA:332,41,0,0
BRDA:332,41,1,0
BRDA:333,42,0,0
BRDA:333,42,1,0
BRDA:335,43,0,0
BRDA:335,43,1,0
BRDA:346,44,0,0
BRDA:346,44,1,0
BRDA:347,45,0,0
BRDA:347,45,1,0
BRDA:348,46,0,0
BRDA:348,46,1,0
BRDA:349,47,0,0
BRDA:349,47,1,0
BRDA:350,48,0,0
BRDA:350,48,1,0
BRF:98
BRH:0
end_of_record
TN:
SF:controllers\userController.js
FN:3,(anonymous_0)
FN:26,(anonymous_1)
FN:41,(anonymous_2)
FN:67,(anonymous_3)
FN:77,(anonymous_4)
FN:84,(anonymous_5)
FN:122,(anonymous_6)
FN:146,(anonymous_7)
FN:188,(anonymous_8)
FN:201,(anonymous_9)
FN:206,(anonymous_10)
FN:245,(anonymous_11)
FN:266,(anonymous_12)
FN:291,(anonymous_13)
FN:320,(anonymous_14)
FNF:15
FNH:0
FNDA:0,(anonymous_0)
FNDA:0,(anonymous_1)
FNDA:0,(anonymous_2)
FNDA:0,(anonymous_3)
FNDA:0,(anonymous_4)
FNDA:0,(anonymous_5)
FNDA:0,(anonymous_6)
FNDA:0,(anonymous_7)
FNDA:0,(anonymous_8)
FNDA:0,(anonymous_9)
FNDA:0,(anonymous_10)
FNDA:0,(anonymous_11)
FNDA:0,(anonymous_12)
FNDA:0,(anonymous_13)
FNDA:0,(anonymous_14)
DA:1,0
DA:3,0
DA:26,0
DA:27,0
DA:28,0
DA:29,0
DA:30,0
DA:32,0
DA:34,0
DA:39,0
DA:41,0
DA:42,0
DA:43,0
DA:45,0
DA:46,0
DA:47,0
DA:50,0
DA:51,0
DA:52,0
DA:53,0
DA:54,0
DA:55,0
DA:57,0
DA:58,0
DA:59,0
DA:60,0
DA:61,0
DA:64,0
DA:67,0
DA:68,0
DA:69,0
DA:70,0
DA:71,0
DA:72,0
DA:75,0
DA:77,0
DA:81,0
DA:84,0
DA:85,0
DA:86,0
DA:87,0
DA:88,0
DA:89,0
DA:91,0
DA:94,0
DA:97,0
DA:98,0
DA:101,0
DA:102,0
DA:105,0
DA:106,0
DA:107,0
DA:110,0
DA:112,0
DA:117,0
DA:122,0
DA:123,0
DA:124,0
DA:126,0
DA:136,0
DA:141,0
DA:146,0
DA:147,0
DA:148,0
DA:149,0
DA:150,0
DA:152,0
DA:153,0
DA:155,0
DA:156,0
DA:159,0
DA:160,0
DA:163,0
DA:164,0
DA:165,0
DA:168,0
DA:173,0
DA:183,0
DA:188,0
DA:189,0
DA:190,0
DA:191,0
DA:192,0
DA:194,0
DA:196,0
DA:201,0
DA:202,0
DA:203,0
DA:204,0
DA:206,0
DA:207,0
DA:208,0
DA:213,0
DA:214,0
DA:215,0
DA:216,0
DA:217,0
DA:218,0
DA:222,0
DA:223,0
DA:226,0
DA:228,0
DA:229,0
DA:232,0
DA:233,0
DA:235,0
DA:240,0
DA:245,0
DA:246,0
DA:247,0
DA:250,0
DA:251,0
DA:254,0
DA:255,0
DA:256,0
DA:259,0
DA:261,0
DA:266,0
DA:267,0
DA:268,0
DA:270,0
DA:271,0
DA:275,0
DA:276,0
DA:279,0
DA:281,0
DA:286,0
DA:291,0
DA:292,0
DA:293,0
DA:296,0
DA:297,0
DA:300,0
DA:301,0
DA:302,0
DA:305,0
DA:306,0
DA:308,0
DA:315,0
DA:320,0
DA:321,0
DA:322,0
DA:323,0
DA:326,0
DA:327,0
DA:332,0
DA:333,0
DA:339,0
DA:340,0
DA:341,0
DA:345,0
DA:346,0
DA:347,0
DA:351,0
DA:352,0
DA:353,0
DA:359,0
DA:360,0
DA:362,0
DA:364,0
DA:368,0
LF:161
LH:0
BRDA:14,0,0,0
BRDA:14,0,1,0
BRDA:15,1,0,0
BRDA:15,1,1,0
BRDA:29,2,0,0
BRDA:29,2,1,0
BRDA:46,3,0,0
BRDA:46,3,1,0
BRDA:50,4,0,0
BRDA:50,4,1,0
BRDA:51,5,0,0
BRDA:51,5,1,0
BRDA:52,6,0,0
BRDA:52,6,1,0
BRDA:53,7,0,0
BRDA:53,7,1,0
BRDA:54,8,0,0
BRDA:54,8,1,0
BRDA:55,9,0,0
BRDA:55,9,1,0
BRDA:57,10,0,0
BRDA:57,10,1,0
BRDA:57,11,0,0
BRDA:57,11,1,0
BRDA:57,11,2,0
BRDA:58,12,0,0
BRDA:58,12,1,0
BRDA:59,13,0,0
BRDA:59,13,1,0
BRDA:60,14,0,0
BRDA:60,14,1,0
BRDA:60,15,0,0
BRDA:60,15,1,0
BRDA:64,16,0,0
BRDA:64,16,1,0
BRDA:68,17,0,0
BRDA:68,17,1,0
BRDA:69,18,0,0
BRDA:69,18,1,0
BRDA:72,19,0,0
BRDA:72,19,1,0
BRDA:85,20,0,0
BRDA:85,20,1,0
BRDA:86,21,0,0
BRDA:86,21,1,0
BRDA:89,22,0,0
BRDA:89,22,1,0
BRDA:97,23,0,0
BRDA:97,23,1,0
BRDA:101,24,0,0
BRDA:101,24,1,0
BRDA:105,25,0,0
BRDA:105,25,1,0
BRDA:129,26,0,0
BRDA:129,26,1,0
BRDA:130,27,0,0
BRDA:130,27,1,0
BRDA:131,28,0,0
BRDA:131,28,1,0
BRDA:132,29,0,0
BRDA:132,29,1,0
BRDA:133,30,0,0
BRDA:133,30,1,0
BRDA:148,31,0,0
BRDA:148,31,1,0
BRDA:149,32,0,0
BRDA:149,32,1,0
BRDA:155,33,0,0
BRDA:155,33,1,0
BRDA:159,34,0,0
BRDA:159,34,1,0
BRDA:160,35,0,0
BRDA:160,35,1,0
BRDA:163,36,0,0
BRDA:163,36,1,0
BRDA:179,37,0,0
BRDA:179,37,1,0
BRDA:191,38,0,0
BRDA:191,38,1,0
BRDA:207,39,0,0
BRDA:207,39,1,0
BRDA:213,40,0,0
BRDA:213,40,1,0
BRDA:213,41,0,0
BRDA:213,41,1,0
BRDA:213,41,2,0
BRDA:215,42,0,0
BRDA:215,42,1,0
BRDA:216,43,0,0
BRDA:216,43,1,0
BRDA:217,44,0,0
BRDA:217,44,1,0
BRDA:217,45,0,0
BRDA:217,45,1,0
BRDA:222,46,0,0
BRDA:222,46,1,0
BRDA:228,47,0,0
BRDA:228,47,1,0
BRDA:250,48,0,0
BRDA:250,48,1,0
BRDA:255,49,0,0
BRDA:255,49,1,0
BRDA:270,50,0,0
BRDA:270,50,1,0
BRDA:270,51,0,0
BRDA:270,51,1,0
BRDA:270,51,2,0
BRDA:275,52,0,0
BRDA:275,52,1,0
BRDA:296,53,0,0
BRDA:296,53,1,0
BRDA:301,54,0,0
BRDA:301,54,1,0
BRDA:309,55,0,0
BRDA:309,55,1,0
BRDA:326,56,0,0
BRDA:326,56,1,0
BRDA:326,57,0,0
BRDA:326,57,1,0
BRDA:326,57,2,0
BRDA:332,58,0,0
BRDA:332,58,1,0
BRDA:340,59,0,0
BRDA:340,59,1,0
BRDA:346,60,0,0
BRDA:346,60,1,0
BRDA:352,61,0,0
BRDA:352,61,1,0
BRF:128
BRH:0
end_of_record
TN:
SF:middleware\auth.js
FN:4,(anonymous_0)
FN:38,(anonymous_1)
FN:38,(anonymous_2)
FNF:3
FNH:0
FNDA:0,(anonymous_0)
FNDA:0,(anonymous_1)
FNDA:0,(anonymous_2)
DA:1,0
DA:2,0
DA:4,0
DA:6,0
DA:7,0
DA:10,0
DA:12,0
DA:13,0
DA:16,0
DA:17,0
DA:18,0
DA:20,0
DA:23,0
DA:24,0
DA:26,0
DA:27,0
DA:28,0
DA:30,0
DA:31,0
DA:33,0
DA:34,0
DA:38,0
DA:39,0
DA:40,0
DA:42,0
DA:45,0
LF:26
LH:0
BRDA:6,0,0,0
BRDA:6,0,1,0
BRDA:6,1,0,0
BRDA:6,1,1,0
BRDA:12,2,0,0
BRDA:12,2,1,0
BRDA:12,3,0,0
BRDA:12,3,1,0
BRDA:16,4,0,0
BRDA:16,4,1,0
BRDA:17,5,0,0
BRDA:17,5,1,0
BRDA:17,6,0,0
BRDA:17,6,1,0
BRDA:27,7,0,0
BRDA:27,7,1,0
BRDA:28,8,0,0
BRDA:28,8,1,0
BRDA:33,9,0,0
BRDA:33,9,1,0
BRDA:39,10,0,0
BRDA:39,10,1,0
BRF:22
BRH:0
end_of_record
TN:
SF:middleware\errorHandler.js
FN:1,(anonymous_0)
FN:43,(anonymous_1)
FNF:2
FNH:0
FNDA:0,(anonymous_0)
FNDA:0,(anonymous_1)
DA:1,0
DA:3,0
DA:6,0
DA:7,0
DA:8,0
DA:12,0
DA:13,0
DA:17,0
DA:18,0
DA:22,0
DA:28,0
DA:29,0
DA:35,0
DA:36,0
DA:42,0
DA:43,0
DA:44,0
DA:51,0
DA:52,0
DA:53,0
DA:59,0
DA:60,0
DA:66,0
DA:67,0
DA:72,0
DA:73,0
DA:79,0
DA:80,0
DA:82,0
DA:88,0
LF:30
LH:0
BRDA:6,0,0,0
BRDA:6,0,1,0
BRDA:7,1,0,0
BRDA:7,1,1,0
BRDA:12,2,0,0
BRDA:12,2,1,0
BRDA:17,3,0,0
BRDA:17,3,1,0
BRDA:23,4,0,0
BRDA:23,4,1,0
BRDA:28,5,0,0
BRDA:28,5,1,0
BRDA:28,6,0,0
BRDA:28,6,1,0
BRDA:35,7,0,0
BRDA:35,7,1,0
BRDA:35,8,0,0
BRDA:35,8,1,0
BRDA:37,9,0,0
BRDA:37,9,1,0
BRDA:42,10,0,0
BRDA:42,10,1,0
BRDA:51,11,0,0
BRDA:51,11,1,0
BRDA:59,12,0,0
BRDA:59,12,1,0
BRDA:66,13,0,0
BRDA:66,13,1,0
BRDA:72,14,0,0
BRDA:72,14,1,0
BRDA:79,15,0,0
BRDA:79,15,1,0
BRDA:79,15,2,0
BRDA:80,16,0,0
BRDA:80,16,1,0
BRDA:84,17,0,0
BRDA:84,17,1,0
BRF:37
BRH:0
end_of_record
TN:
SF:middleware\security.js
FN:29,(anonymous_0)
FN:41,(anonymous_1)
FN:102,(anonymous_2)
FN:105,(anonymous_3)
FNF:4
FNH:0
FNDA:0,(anonymous_0)
FNDA:0,(anonymous_1)
FNDA:0,(anonymous_2)
FNDA:0,(anonymous_3)
DA:1,0
DA:2,0
DA:3,0
DA:4,0
DA:5,0
DA:8,0
DA:9,0
DA:10,0
DA:11,0
DA:12,0
DA:15,0
DA:25,0
DA:30,0
DA:37,0
DA:42,0
DA:47,0
DA:102,0
DA:105,0
DA:107,0
DA:110,0
DA:113,0
DA:116,0
DA:117,0
DA:121,0
DA:124,0
DA:125,0
DA:126,0
DA:127,0
DA:128,0
DA:131,0
DA:134,0
LF:31
LH:0
BRDA:16,0,0,0
BRDA:16,0,1,0
BRDA:116,1,0,0
BRDA:116,1,1,0
BRDA:124,2,0,0
BRDA:124,2,1,0
BRF:6
BRH:0
end_of_record
TN:
SF:middleware\upload.js
FN:14,(anonymous_0)
FN:32,(anonymous_1)
FN:39,(anonymous_2)
FN:45,(anonymous_3)
FN:50,(anonymous_4)
FN:55,(anonymous_5)
FN:60,(anonymous_6)
FN:61,(anonymous_7)
FN:68,(anonymous_8)
FN:82,(anonymous_9)
FN:89,(anonymous_10)
FN:104,(anonymous_11)
FN:105,(anonymous_12)
FN:117,(anonymous_13)
FN:133,(anonymous_14)
FNF:15
FNH:0
FNDA:0,(anonymous_0)
FNDA:0,(anonymous_1)
FNDA:0,(anonymous_2)
FNDA:0,(anonymous_3)
FNDA:0,(anonymous_4)
FNDA:0,(anonymous_5)
FNDA:0,(anonymous_6)
FNDA:0,(anonymous_7)
FNDA:0,(anonymous_8)
FNDA:0,(anonymous_9)
FNDA:0,(anonymous_10)
FNDA:0,(anonymous_11)
FNDA:0,(anonymous_12)
FNDA:0,(anonymous_13)
FNDA:0,(anonymous_14)
DA:1,0
DA:2,0
DA:3,0
DA:6,0
DA:9,0
DA:15,0
DA:16,0
DA:18,0
DA:19,0
DA:21,0
DA:27,0
DA:34,0
DA:39,0
DA:40,0
DA:45,0
DA:46,0
DA:50,0
DA:51,0
DA:55,0
DA:56,0
DA:60,0
DA:61,0
DA:62,0
DA:69,0
DA:70,0
DA:72,0
DA:77,0
DA:82,0
DA:83,0
DA:84,0
DA:88,0
DA:89,0
DA:91,0
DA:94,0
DA:95,0
DA:97,0
DA:99,0
DA:104,0
DA:105,0
DA:107,0
DA:109,0
DA:111,0
DA:118,0
DA:119,0
DA:121,0
DA:125,0
DA:128,0
DA:134,0
DA:135,0
DA:137,0
DA:141,0
DA:146,0
LF:52
LH:0
BRDA:18,0,0,0
BRDA:18,0,1,0
BRDA:50,1,0,0
BRDA:60,2,0,0
BRDA:69,3,0,0
BRDA:69,3,1,0
BRDA:84,4,0,0
BRDA:84,4,1,0
BRDA:91,5,0,0
BRDA:91,5,1,0
BRDA:104,6,0,0
BRDA:109,7,0,0
BRDA:109,7,1,0
BRDA:118,8,0,0
BRDA:118,8,1,0
BRDA:134,9,0,0
BRDA:134,9,1,0
BRF:17
BRH:0
end_of_record
TN:
SF:middleware\validate.js
FN:38,(anonymous_0)
FN:39,(anonymous_1)
FN:45,(anonymous_2)
FN:60,(anonymous_3)
FN:105,(anonymous_4)
FN:119,(anonymous_5)
FN:126,(anonymous_6)
FN:140,(anonymous_7)
FN:165,(anonymous_8)
FN:180,(anonymous_9)
FN:195,(anonymous_10)
FN:221,(anonymous_11)
FN:247,(anonymous_12)
FN:263,(anonymous_13)
FN:279,(anonymous_14)
FN:293,(anonymous_15)
FN:308,(anonymous_16)
FN:333,(anonymous_17)
FN:350,(anonymous_18)
FN:391,(anonymous_19)
FN:410,(anonymous_20)
FN:416,(anonymous_21)
FN:439,(anonymous_22)
FN:446,(anonymous_23)
FN:454,(anonymous_24)
FN:460,(anonymous_25)
FN:475,(anonymous_26)
FN:481,(anonymous_27)
FN:503,(anonymous_28)
FN:509,(anonymous_29)
FN:530,(anonymous_30)
FN:537,(anonymous_31)
FN:548,(anonymous_32)
FN:555,(anonymous_33)
FN:572,(anonymous_34)
FN:579,(anonymous_35)
FN:633,(anonymous_36)
FN:640,(anonymous_37)
FN:685,(anonymous_38)
FN:692,(anonymous_39)
FN:715,(anonymous_40)
FN:721,(anonymous_41)
FN:734,(anonymous_42)
FN:741,(anonymous_43)
FN:759,(anonymous_44)
FN:766,(anonymous_45)
FN:796,(anonymous_46)
FN:803,(anonymous_47)
FN:842,(anonymous_48)
FN:849,(anonymous_49)
FN:893,(anonymous_50)
FN:900,(anonymous_51)
FN:933,(anonymous_52)
FN:940,(anonymous_53)
FN:966,(anonymous_54)
FN:973,(anonymous_55)
FN:996,(anonymous_56)
FN:1003,(anonymous_57)
FN:1036,(anonymous_58)
FN:1127,(anonymous_59)
FN:1129,(anonymous_60)
FN:1141,(anonymous_61)
FN:1177,(anonymous_62)
FN:1236,(anonymous_63)
FN:1247,(anonymous_64)
FN:1252,(anonymous_65)
FN:1265,(anonymous_66)
FNF:67
FNH:0
FNDA:0,(anonymous_0)
FNDA:0,(anonymous_1)
FNDA:0,(anonymous_2)
FNDA:0,(anonymous_3)
FNDA:0,(anonymous_4)
FNDA:0,(anonymous_5)
FNDA:0,(anonymous_6)
FNDA:0,(anonymous_7)
FNDA:0,(anonymous_8)
FNDA:0,(anonymous_9)
FNDA:0,(anonymous_10)
FNDA:0,(anonymous_11)
FNDA:0,(anonymous_12)
FNDA:0,(anonymous_13)
FNDA:0,(anonymous_14)
FNDA:0,(anonymous_15)
FNDA:0,(anonymous_16)
FNDA:0,(anonymous_17)
FNDA:0,(anonymous_18)
FNDA:0,(anonymous_19)
FNDA:0,(anonymous_20)
FNDA:0,(anonymous_21)
FNDA:0,(anonymous_22)
FNDA:0,(anonymous_23)
FNDA:0,(anonymous_24)
FNDA:0,(anonymous_25)
FNDA:0,(anonymous_26)
FNDA:0,(anonymous_27)
FNDA:0,(anonymous_28)
FNDA:0,(anonymous_29)
FNDA:0,(anonymous_30)
FNDA:0,(anonymous_31)
FNDA:0,(anonymous_32)
FNDA:0,(anonymous_33)
FNDA:0,(anonymous_34)
FNDA:0,(anonymous_35)
FNDA:0,(anonymous_36)
FNDA:0,(anonymous_37)
FNDA:0,(anonymous_38)
FNDA:0,(anonymous_39)
FNDA:0,(anonymous_40)
FNDA:0,(anonymous_41)
FNDA:0,(anonymous_42)
FNDA:0,(anonymous_43)
FNDA:0,(anonymous_44)
FNDA:0,(anonymous_45)
FNDA:0,(anonymous_46)
FNDA:0,(anonymous_47)
FNDA:0,(anonymous_48)
FNDA:0,(anonymous_49)
FNDA:0,(anonymous_50)
FNDA:0,(anonymous_51)
FNDA:0,(anonymous_52)
FNDA:0,(anonymous_53)
FNDA:0,(anonymous_54)
FNDA:0,(anonymous_55)
FNDA:0,(anonymous_56)
FNDA:0,(anonymous_57)
FNDA:0,(anonymous_58)
FNDA:0,(anonymous_59)
FNDA:0,(anonymous_60)
FNDA:0,(anonymous_61)
FNDA:0,(anonymous_62)
FNDA:0,(anonymous_63)
FNDA:0,(anonymous_64)
FNDA:0,(anonymous_65)
FNDA:0,(anonymous_66)
DA:1,0
DA:2,0
DA:4,0
DA:6,0
DA:7,0
DA:8,0
DA:11,0
DA:38,0
DA:39,0
DA:40,0
DA:41,0
DA:42,0
DA:45,0
DA:47,0
DA:48,0
DA:49,0
DA:50,0
DA:52,0
DA:55,0
DA:56,0
DA:59,0
DA:60,0
DA:62,0
DA:64,0
DA:65,0
DA:67,0
DA:73,0
DA:102,0
DA:105,0
DA:106,0
DA:117,0
DA:118,0
DA:119,0
DA:120,0
DA:122,0
DA:126,0
DA:127,0
DA:134,0
DA:135,0
DA:136,0
DA:140,0
DA:141,0
DA:159,0
DA:160,0
DA:161,0
DA:165,0
DA:166,0
DA:174,0
DA:175,0
DA:176,0
DA:180,0
DA:181,0
DA:189,0
DA:190,0
DA:191,0
DA:195,0
DA:196,0
DA:215,0
DA:216,0
DA:217,0
DA:221,0
DA:222,0
DA:241,0
DA:242,0
DA:243,0
DA:247,0
DA:248,0
DA:257,0
DA:258,0
DA:259,0
DA:263,0
DA:264,0
DA:273,0
DA:274,0
DA:275,0
DA:279,0
DA:280,0
DA:287,0
DA:288,0
DA:289,0
DA:293,0
DA:294,0
DA:302,0
DA:303,0
DA:304,0
DA:308,0
DA:309,0
DA:327,0
DA:328,0
DA:329,0
DA:333,0
DA:334,0
DA:344,0
DA:345,0
DA:346,0
DA:350,0
DA:351,0
DA:383,0
DA:384,0
DA:385,0
DA:389,0
DA:391,0
DA:392,0
DA:408,0
DA:409,0
DA:410,0
DA:411,0
DA:413,0
DA:416,0
DA:417,0
DA:437,0
DA:438,0
DA:439,0
DA:440,0
DA:442,0
DA:446,0
DA:447,0
DA:452,0
DA:453,0
DA:454,0
DA:455,0
DA:457,0
DA:460,0
DA:461,0
DA:473,0
DA:474,0
DA:475,0
DA:476,0
DA:478,0
DA:481,0
DA:482,0
DA:501,0
DA:502,0
DA:503,0
DA:504,0
DA:506,0
DA:509,0
DA:510,0
DA:528,0
DA:529,0
DA:530,0
DA:531,0
DA:533,0
DA:537,0
DA:538,0
DA:546,0
DA:547,0
DA:548,0
DA:549,0
DA:551,0
DA:555,0
DA:556,0
DA:570,0
DA:571,0
DA:572,0
DA:573,0
DA:575,0
DA:579,0
DA:580,0
DA:631,0
DA:632,0
DA:633,0
DA:634,0
DA:636,0
DA:640,0
DA:641,0
DA:683,0
DA:684,0
DA:685,0
DA:686,0
DA:688,0
DA:692,0
DA:693,0
DA:713,0
DA:714,0
DA:715,0
DA:716,0
DA:718,0
DA:721,0
DA:722,0
DA:732,0
DA:733,0
DA:734,0
DA:735,0
DA:737,0
DA:741,0
DA:742,0
DA:757,0
DA:758,0
DA:759,0
DA:760,0
DA:762,0
DA:766,0
DA:767,0
DA:794,0
DA:795,0
DA:796,0
DA:797,0
DA:799,0
DA:803,0
DA:804,0
DA:840,0
DA:841,0
DA:842,0
DA:843,0
DA:845,0
DA:849,0
DA:850,0
DA:891,0
DA:892,0
DA:893,0
DA:894,0
DA:896,0
DA:900,0
DA:901,0
DA:931,0
DA:932,0
DA:933,0
DA:934,0
DA:936,0
DA:940,0
DA:941,0
DA:964,0
DA:965,0
DA:966,0
DA:967,0
DA:969,0
DA:973,0
DA:974,0
DA:994,0
DA:995,0
DA:996,0
DA:997,0
DA:999,0
DA:1003,0
DA:1006,0
DA:1007,0
DA:1008,0
DA:1011,0
DA:1012,0
DA:1017,0
DA:1034,0
DA:1035,0
DA:1036,0
DA:1037,0
DA:1038,0
DA:1039,0
DA:1040,0
DA:1042,0
DA:1046,0
DA:1115,0
DA:1128,0
DA:1129,0
DA:1141,0
DA:1143,0
DA:1175,0
DA:1176,0
DA:1177,0
DA:1178,0
DA:1180,0
DA:1183,0
DA:1237,0
DA:1245,0
DA:1246,0
DA:1247,0
DA:1248,0
DA:1250,0
DA:1253,0
DA:1263,0
DA:1264,0
DA:1265,0
DA:1266,0
DA:1268,0
LF:273
LH:0
BRDA:41,0,0,0
BRDA:41,0,1,0
BRDA:41,1,0,0
BRDA:41,1,1,0
BRDA:48,2,0,0
BRDA:48,2,1,0
BRDA:49,3,0,0
BRDA:49,3,1,0
BRDA:49,4,0,0
BRDA:49,4,1,0
BRDA:55,5,0,0
BRDA:55,5,1,0
BRDA:55,6,0,0
BRDA:55,6,1,0
BRDA:64,7,0,0
BRDA:64,7,1,0
BRDA:64,8,0,0
BRDA:64,8,1,0
BRDA:118,9,0,0
BRDA:118,9,1,0
BRDA:135,10,0,0
BRDA:135,10,1,0
BRDA:160,11,0,0
BRDA:160,11,1,0
BRDA:175,12,0,0
BRDA:175,12,1,0
BRDA:190,13,0,0
BRDA:190,13,1,0
BRDA:216,14,0,0
BRDA:216,14,1,0
BRDA:242,15,0,0
BRDA:242,15,1,0
BRDA:258,16,0,0
BRDA:258,16,1,0
BRDA:274,17,0,0
BRDA:274,17,1,0
BRDA:288,18,0,0
BRDA:288,18,1,0
BRDA:303,19,0,0
BRDA:303,19,1,0
BRDA:328,20,0,0
BRDA:328,20,1,0
BRDA:345,21,0,0
BRDA:345,21,1,0
BRDA:384,22,0,0
BRDA:384,22,1,0
BRDA:409,23,0,0
BRDA:409,23,1,0
BRDA:438,24,0,0
BRDA:438,24,1,0
BRDA:453,25,0,0
BRDA:453,25,1,0
BRDA:474,26,0,0
BRDA:474,26,1,0
BRDA:502,27,0,0
BRDA:502,27,1,0
BRDA:529,28,0,0
BRDA:529,28,1,0
BRDA:547,29,0,0
BRDA:547,29,1,0
BRDA:571,30,0,0
BRDA:571,30,1,0
BRDA:632,31,0,0
BRDA:632,31,1,0
BRDA:684,32,0,0
BRDA:684,32,1,0
BRDA:714,33,0,0
BRDA:714,33,1,0
BRDA:733,34,0,0
BRDA:733,34,1,0
BRDA:758,35,0,0
BRDA:758,35,1,0
BRDA:795,36,0,0
BRDA:795,36,1,0
BRDA:841,37,0,0
BRDA:841,37,1,0
BRDA:892,38,0,0
BRDA:892,38,1,0
BRDA:932,39,0,0
BRDA:932,39,1,0
BRDA:965,40,0,0
BRDA:965,40,1,0
BRDA:995,41,0,0
BRDA:995,41,1,0
BRDA:1006,42,0,0
BRDA:1006,42,1,0
BRDA:1007,43,0,0
BRDA:1007,43,1,0
BRDA:1008,44,0,0
BRDA:1008,44,1,0
BRDA:1011,45,0,0
BRDA:1011,45,1,0
BRDA:1011,46,0,0
BRDA:1011,46,1,0
BRDA:1035,47,0,0
BRDA:1035,47,1,0
BRDA:1128,48,0,0
BRDA:1128,48,1,0
BRDA:1129,49,0,0
BRDA:1129,49,1,0
BRDA:1176,50,0,0
BRDA:1176,50,1,0
BRDA:1246,51,0,0
BRDA:1246,51,1,0
BRDA:1264,52,0,0
BRDA:1264,52,1,0
BRF:106
BRH:0
end_of_record
TN:
SF:routes\authRoutes.js
FNF:0
FNH:0
DA:1,0
DA:2,0
DA:3,0
DA:11,0
DA:13,0
DA:22,0
DA:24,0
DA:28,0
DA:37,0
DA:38,0
DA:39,0
DA:40,0
DA:43,0
DA:46,0
DA:48,0
LF:15
LH:0
BRF:0
BRH:0
end_of_record
TN:
SF:routes\chatRoomRoutes.js
FNF:0
FNH:0
DA:1,0
DA:2,0
DA:17,0
DA:19,0
DA:20,0
DA:22,0
DA:25,0
DA:26,0
DA:27,0
DA:28,0
DA:31,0
DA:32,0
DA:33,0
DA:34,0
DA:35,0
DA:36,0
DA:39,0
DA:40,0
DA:42,0
LF:19
LH:0
BRF:0
BRH:0
end_of_record
TN:
SF:routes\contentRoutes.js
FN:54,(anonymous_0)
FNF:1
FNH:0
FNDA:0,(anonymous_0)
DA:1,0
DA:2,0
DA:21,0
DA:23,0
DA:35,0
DA:37,0
DA:40,0
DA:43,0
DA:44,0
DA:47,0
DA:48,0
DA:49,0
DA:50,0
DA:51,0
DA:54,0
DA:55,0
DA:56,0
DA:57,0
DA:61,0
DA:62,0
DA:63,0
DA:65,0
DA:66,0
DA:67,0
DA:70,0
DA:72,0
LF:26
LH:0
BRF:0
BRH:0
end_of_record
TN:
SF:routes\messageRoutes.js
FN:12,(anonymous_0)
FN:31,(anonymous_1)
FN:35,(anonymous_2)
FN:46,(anonymous_3)
FNF:4
FNH:0
FNDA:0,(anonymous_0)
FNDA:0,(anonymous_1)
FNDA:0,(anonymous_2)
FNDA:0,(anonymous_3)
DA:1,0
DA:2,0
DA:3,0
DA:4,0
DA:6,0
DA:7,0
DA:8,0
DA:9,0
DA:12,0
DA:13,0
DA:14,0
DA:17,0
DA:25,0
DA:28,0
DA:33,0
DA:34,0
DA:35,0
DA:36,0
DA:37,0
DA:44,0
DA:47,0
DA:48,0
DA:49,0
DA:50,0
DA:53,0
DA:54,0
DA:55,0
DA:58,0
DA:64,0
DA:71,0
DA:74,0
DA:87,0
DA:94,0
DA:101,0
DA:107,0
LF:35
LH:0
BRDA:35,0,0,0
BRDA:35,0,1,0
BRDA:53,1,0,0
BRDA:53,1,1,0
BRF:4
BRH:0
end_of_record
TN:
SF:routes\notificationRoutes.js
FNF:0
FNH:0
DA:1,0
DA:2,0
DA:12,0
DA:14,0
DA:17,0
DA:20,0
DA:23,0
DA:26,0
DA:29,0
DA:32,0
DA:35,0
DA:38,0
DA:40,0
LF:13
LH:0
BRF:0
BRH:0
end_of_record
TN:
SF:routes\portfolioRoutes.js
FNF:0
FNH:0
DA:1,0
DA:2,0
DA:3,0
DA:4,0
DA:5,0
DA:14,0
DA:17,0
DA:20,0
DA:32,0
DA:35,0
DA:38,0
DA:41,0
DA:44,0
DA:56,0
DA:58,0
LF:15
LH:0
BRF:0
BRH:0
end_of_record
TN:
SF:routes\projectRoomRoutes.js
FN:23,(anonymous_0)
FN:34,(anonymous_1)
FNF:2
FNH:0
FNDA:0,(anonymous_0)
FNDA:0,(anonymous_1)
DA:1,0
DA:2,0
DA:12,0
DA:16,0
DA:18,0
DA:20,0
DA:23,0
DA:24,0
DA:25,0
DA:27,0
DA:30,0
DA:31,0
DA:32,0
DA:34,0
DA:35,0
DA:36,0
DA:38,0
DA:39,0
DA:40,0
DA:41,0
DA:43,0
LF:21
LH:0
BRDA:24,0,0,0
BRDA:24,0,1,0
BRF:2
BRH:0
end_of_record
TN:
SF:routes\projectRoutes.js
FNF:0
FNH:0
DA:1,0
DA:2,0
DA:21,0
DA:23,0
DA:24,0
DA:25,0
DA:28,0
DA:31,0
DA:34,0
DA:37,0
DA:38,0
DA:41,0
DA:44,0
DA:45,0
DA:46,0
DA:47,0
DA:50,0
DA:51,0
DA:54,0
DA:55,0
DA:58,0
DA:59,0
DA:60,0
DA:62,0
LF:24
LH:0
BRF:0
BRH:0
end_of_record
TN:
SF:routes\proposalRoutes.js
FN:21,(anonymous_0)
FNF:1
FNH:0
FNDA:0,(anonymous_0)
DA:1,0
DA:2,0
DA:11,0
DA:13,0
DA:18,0
DA:21,0
DA:22,0
DA:23,0
DA:26,0
DA:29,0
DA:36,0
DA:37,0
DA:40,0
DA:43,0
DA:44,0
DA:47,0
DA:49,0
LF:17
LH:0
BRDA:22,0,0,0
BRDA:22,0,1,0
BRF:2
BRH:0
end_of_record
TN:
SF:routes\serviceOrderRoutes.js
FNF:0
FNH:0
DA:1,0
DA:2,0
DA:10,0
DA:12,0
DA:13,0
DA:16,0
DA:19,0
DA:20,0
DA:21,0
DA:22,0
DA:23,0
DA:25,0
LF:12
LH:0
BRF:0
BRH:0
end_of_record
TN:
SF:routes\subscriberRoutes.js
FNF:0
FNH:0
DA:1,0
DA:2,0
DA:13,0
DA:15,0
DA:16,0
DA:19,0
DA:20,0
DA:23,0
DA:24,0
DA:25,0
DA:26,0
DA:27,0
DA:28,0
DA:30,0
LF:14
LH:0
BRF:0
BRH:0
end_of_record
TN:
SF:routes\userRoutes.js
FNF:0
FNH:0
DA:1,0
DA:2,0
DA:15,0
DA:17,0
DA:23,0
DA:24,0
DA:27,0
DA:28,0
DA:29,0
DA:32,0
DA:33,0
DA:34,0
DA:35,0
DA:36,0
DA:37,0
DA:38,0
DA:40,0
LF:17
LH:0
BRF:0
BRH:0
end_of_record
